===============================================================
Date        : Wed May 13 10:49:38 AM -03 2026
SubmitHost  : cei1
SubmitDir   : /home/users/matregnago/intro_hpc
JobID       : 782086
Node(s)     : cei1
===============================================================
[10:49:54] 0001_starpu_lws_dgeqrf_n19200_b256_rep1
[10:50:19] 0003_starpu_lws_dpotrf_n19200_b200_rep1
[10:50:24] 0005_starpu_ws_dpotrf_n19200_b480_rep1
[10:50:29] 0007_starpu_lws_dgeqrf_n19200_b960_rep1
[10:50:56] 0008_starpu_ws_dgeqrf_n19200_b256_rep1
[10:51:22] 0010_starpu_ws_dpotrf_n19200_b384_rep1
[10:51:26] 0013_starpu_lws_dgeqrf_n19200_b480_rep1
[10:51:49] 0014_starpu_lws_dpotrf_n19200_b384_rep1
[10:51:53] 0015_starpu_lws_dpotrf_n19200_b480_rep1
[10:51:57] 0016_starpu_ws_dpotrf_n19200_b200_rep1
[10:52:02] 0019_starpu_ws_dpotrf_n19200_b640_rep1
[10:52:07] 0025_starpu_ws_dgeqrf_n19200_b320_rep1
[10:52:30] 0026_starpu_lws_dpotrf_n19200_b256_rep1
[10:52:35] 0027_starpu_lws_dgeqrf_n19200_b320_rep1
[10:52:58] 0034_starpu_lws_dgeqrf_n19200_b640_rep1
[10:53:25] 0035_starpu_ws_dpotrf_n19200_b960_rep1
[10:53:29] 0036_starpu_lws_dgeqrf_n19200_b384_rep1
[10:53:52] 0038_starpu_ws_dgeqrf_n19200_b384_rep1
[10:54:14] 0040_starpu_ws_dgeqrf_n19200_b960_rep1
[10:54:43] 0041_starpu_ws_dpotrf_n19200_b320_rep1
[10:54:47] 0044_starpu_lws_dgeqrf_n19200_b200_rep1
[10:55:14] 0045_starpu_lws_dpotrf_n19200_b960_rep1
[10:55:19] 0046_starpu_ws_dgeqrf_n19200_b200_rep1
[10:55:46] 0047_starpu_lws_dpotrf_n19200_b640_rep1
[10:55:50] 0050_starpu_ws_dgeqrf_n19200_b640_rep1
[10:56:17] 0051_starpu_ws_dpotrf_n19200_b256_rep1
[10:56:22] 0053_starpu_ws_dgeqrf_n19200_b480_rep1
[10:56:45] 0056_starpu_lws_dpotrf_n19200_b320_rep1
[10:56:49] 0058_starpu_lws_dpotrf_n19200_b960_rep2
[10:56:54] 0060_starpu_ws_dpotrf_n19200_b640_rep2
[10:56:58] 0063_starpu_ws_dpotrf_n19200_b480_rep2
[10:57:03] 0065_starpu_ws_dgeqrf_n19200_b320_rep2
[10:57:26] 0069_starpu_ws_dgeqrf_n19200_b384_rep2
[10:57:48] 0071_starpu_ws_dgeqrf_n19200_b960_rep2
[10:58:17] 0073_starpu_ws_dpotrf_n19200_b384_rep2
[10:58:21] 0076_starpu_ws_dpotrf_n19200_b256_rep2
[10:58:26] 0077_starpu_lws_dpotrf_n19200_b480_rep2
[10:58:30] 0079_starpu_ws_dpotrf_n19200_b320_rep2
[10:58:35] 0080_starpu_ws_dgeqrf_n19200_b640_rep2
[10:59:02] 0081_starpu_ws_dgeqrf_n19200_b200_rep2
[10:59:29] 0082_starpu_lws_dpotrf_n19200_b640_rep2
[10:59:33] 0084_starpu_lws_dgeqrf_n19200_b480_rep2
[10:59:56] 0085_starpu_lws_dpotrf_n19200_b384_rep2
[11:00:00] 0087_starpu_lws_dgeqrf_n19200_b200_rep2
[11:00:27] 0089_starpu_lws_dpotrf_n19200_b200_rep2
[11:00:32] 0091_starpu_ws_dpotrf_n19200_b200_rep2
[11:00:38] 0094_starpu_lws_dgeqrf_n19200_b640_rep2
[11:01:04] 0096_starpu_lws_dgeqrf_n19200_b384_rep2
[11:01:27] 0097_starpu_ws_dgeqrf_n19200_b480_rep2
[11:01:50] 0098_starpu_lws_dpotrf_n19200_b256_rep2
[11:01:54] 0103_starpu_lws_dgeqrf_n19200_b320_rep2
[11:02:17] 0104_starpu_lws_dgeqrf_n19200_b960_rep2
[11:02:47] 0105_starpu_lws_dgeqrf_n19200_b256_rep2
[11:03:12] 0107_starpu_ws_dpotrf_n19200_b960_rep2
[11:03:16] 0108_starpu_lws_dpotrf_n19200_b320_rep2
[11:03:21] 0111_starpu_ws_dgeqrf_n19200_b256_rep2
[11:03:46] 0113_starpu_ws_dgeqrf_n19200_b384_rep3
[11:04:09] 0115_starpu_lws_dpotrf_n19200_b384_rep3
[11:04:13] 0123_starpu_ws_dpotrf_n19200_b960_rep3
[11:04:18] 0125_starpu_ws_dgeqrf_n19200_b320_rep3
[11:04:41] 0126_starpu_ws_dgeqrf_n19200_b480_rep3
[11:05:04] 0127_starpu_ws_dgeqrf_n19200_b200_rep3
[11:05:31] 0128_starpu_ws_dpotrf_n19200_b320_rep3
[11:05:35] 0130_starpu_lws_dgeqrf_n19200_b200_rep3
[11:06:02] 0131_starpu_lws_dpotrf_n19200_b200_rep3
[11:06:08] 0132_starpu_lws_dpotrf_n19200_b960_rep3
[11:06:12] 0133_starpu_ws_dgeqrf_n19200_b640_rep3
[11:06:39] 0137_starpu_ws_dpotrf_n19200_b256_rep3
[11:06:44] 0139_starpu_lws_dpotrf_n19200_b640_rep3
[11:06:48] 0140_starpu_lws_dpotrf_n19200_b256_rep3
[11:06:53] 0142_starpu_lws_dgeqrf_n19200_b960_rep3
[11:07:21] 0147_starpu_lws_dgeqrf_n19200_b384_rep3
[11:07:44] 0148_starpu_lws_dpotrf_n19200_b480_rep3
[11:07:48] 0149_starpu_ws_dgeqrf_n19200_b256_rep3
[11:08:13] 0150_starpu_lws_dgeqrf_n19200_b480_rep3
[11:08:36] 0151_starpu_ws_dpotrf_n19200_b200_rep3
[11:08:41] 0152_starpu_lws_dpotrf_n19200_b320_rep3
[11:08:45] 0153_starpu_ws_dpotrf_n19200_b384_rep3
[11:08:50] 0157_starpu_lws_dgeqrf_n19200_b640_rep3
[11:09:17] 0158_starpu_lws_dgeqrf_n19200_b320_rep3
[11:09:40] 0159_starpu_lws_dgeqrf_n19200_b256_rep3
[11:10:05] 0162_starpu_ws_dgeqrf_n19200_b960_rep3
[11:10:33] 0167_starpu_ws_dpotrf_n19200_b640_rep3
[11:10:37] 0168_starpu_ws_dpotrf_n19200_b480_rep3
[11:10:41] 0169_starpu_ws_dpotrf_n19200_b960_rep4
[11:10:46] 0173_starpu_lws_dgeqrf_n19200_b384_rep4
[11:11:09] 0178_starpu_ws_dpotrf_n19200_b384_rep4
[11:11:13] 0179_starpu_lws_dpotrf_n19200_b200_rep4
[11:11:18] 0180_starpu_ws_dgeqrf_n19200_b320_rep4
[11:11:41] 0183_starpu_ws_dgeqrf_n19200_b480_rep4
[11:12:04] 0184_starpu_ws_dgeqrf_n19200_b384_rep4
[11:12:27] 0186_starpu_ws_dgeqrf_n19200_b200_rep4
[11:12:54] 0189_starpu_lws_dgeqrf_n19200_b200_rep4
[11:13:21] 0191_starpu_lws_dgeqrf_n19200_b960_rep4
[11:13:50] 0192_starpu_ws_dgeqrf_n19200_b640_rep4
[11:14:17] 0195_starpu_lws_dpotrf_n19200_b320_rep4
[11:14:21] 0198_starpu_lws_dpotrf_n19200_b384_rep4
[11:14:26] 0200_starpu_lws_dgeqrf_n19200_b256_rep4
[11:14:51] 0201_starpu_ws_dpotrf_n19200_b256_rep4
[11:14:56] 0202_starpu_lws_dgeqrf_n19200_b480_rep4
[11:15:18] 0203_starpu_ws_dpotrf_n19200_b640_rep4
[11:15:23] 0204_starpu_lws_dpotrf_n19200_b480_rep4
[11:15:27] 0206_starpu_ws_dpotrf_n19200_b200_rep4
[11:15:32] 0207_starpu_lws_dgeqrf_n19200_b320_rep4
[11:15:55] 0208_starpu_ws_dgeqrf_n19200_b256_rep4
[11:16:20] 0210_starpu_lws_dpotrf_n19200_b256_rep4
[11:16:25] 0211_starpu_lws_dpotrf_n19200_b960_rep4
[11:16:30] 0212_starpu_ws_dpotrf_n19200_b320_rep4
[11:16:34] 0214_starpu_lws_dgeqrf_n19200_b640_rep4
[11:17:01] 0216_starpu_lws_dpotrf_n19200_b640_rep4
[11:17:05] 0217_starpu_ws_dpotrf_n19200_b480_rep4
[11:17:10] 0218_starpu_ws_dgeqrf_n19200_b960_rep4
[11:17:39] 0225_starpu_ws_dgeqrf_n19200_b320_rep5
[11:18:02] 0229_starpu_lws_dpotrf_n19200_b200_rep5
[11:18:07] 0230_starpu_ws_dgeqrf_n19200_b960_rep5
[11:18:35] 0231_starpu_lws_dgeqrf_n19200_b960_rep5
[11:19:03] 0233_starpu_lws_dgeqrf_n19200_b640_rep5
[11:19:30] 0235_starpu_ws_dgeqrf_n19200_b200_rep5
[11:19:56] 0237_starpu_lws_dgeqrf_n19200_b480_rep5
[11:20:19] 0239_starpu_ws_dgeqrf_n19200_b640_rep5
[11:20:46] 0241_starpu_lws_dgeqrf_n19200_b256_rep5
[11:21:11] 0242_starpu_ws_dgeqrf_n19200_b384_rep5
[11:21:33] 0243_starpu_ws_dpotrf_n19200_b640_rep5
[11:21:38] 0244_starpu_ws_dgeqrf_n19200_b480_rep5
[11:22:00] 0245_starpu_ws_dpotrf_n19200_b200_rep5
[11:22:06] 0247_starpu_ws_dpotrf_n19200_b256_rep5
[11:22:10] 0248_starpu_ws_dgeqrf_n19200_b256_rep5
[11:22:36] 0250_starpu_lws_dgeqrf_n19200_b384_rep5
[11:22:58] 0251_starpu_ws_dpotrf_n19200_b384_rep5
[11:23:03] 0254_starpu_lws_dpotrf_n19200_b384_rep5
[11:23:07] 0255_starpu_ws_dpotrf_n19200_b960_rep5
[11:23:12] 0256_starpu_lws_dpotrf_n19200_b640_rep5
[11:23:16] 0258_starpu_lws_dpotrf_n19200_b480_rep5
[11:23:20] 0260_starpu_lws_dgeqrf_n19200_b200_rep5
[11:23:47] 0261_starpu_lws_dpotrf_n19200_b320_rep5
[11:23:52] 0264_starpu_lws_dpotrf_n19200_b256_rep5
[11:23:56] 0266_starpu_lws_dgeqrf_n19200_b320_rep5
[11:24:19] 0268_starpu_ws_dpotrf_n19200_b480_rep5
[11:24:24] 0278_starpu_lws_dpotrf_n19200_b960_rep5
[11:24:28] 0279_starpu_ws_dpotrf_n19200_b320_rep5
[11:24:37] 0002_parsec_lfq_dpotrf_n19200_b640_rep1
[11:24:41] 0004_parsec_lfq_dgeqrf_n19200_b320_rep1
[11:25:03] 0006_parsec_gd_dpotrf_n19200_b200_rep1
[11:25:07] 0009_parsec_lfq_dpotrf_n19200_b320_rep1
[11:25:11] 0011_parsec_gd_dpotrf_n19200_b320_rep1
[11:25:15] 0012_parsec_lfq_dgeqrf_n19200_b960_rep1
[11:25:43] 0017_parsec_gd_dgeqrf_n19200_b256_rep1
[11:26:08] 0018_parsec_lfq_dpotrf_n19200_b480_rep1
[11:26:12] 0020_parsec_gd_dpotrf_n19200_b960_rep1
[11:26:16] 0021_parsec_gd_dpotrf_n19200_b640_rep1
[11:26:20] 0022_parsec_lfq_dgeqrf_n19200_b480_rep1
[11:26:42] 0023_parsec_lfq_dpotrf_n19200_b960_rep1
[11:26:46] 0024_parsec_gd_dgeqrf_n19200_b320_rep1
[11:27:09] 0028_parsec_gd_dgeqrf_n19200_b200_rep1
[11:27:34] 0029_parsec_lfq_dpotrf_n19200_b200_rep1
[11:27:38] 0030_parsec_lfq_dgeqrf_n19200_b200_rep1
[11:28:04] 0031_parsec_lfq_dgeqrf_n19200_b384_rep1
[11:28:26] 0032_parsec_lfq_dgeqrf_n19200_b256_rep1
[11:28:50] 0033_parsec_lfq_dpotrf_n19200_b384_rep1
[11:28:54] 0037_parsec_gd_dgeqrf_n19200_b480_rep1
[11:29:16] 0039_parsec_gd_dpotrf_n19200_b480_rep1
[11:29:20] 0042_parsec_lfq_dgeqrf_n19200_b640_rep1
[11:29:48] 0043_parsec_gd_dgeqrf_n19200_b384_rep1
[11:30:10] 0048_parsec_gd_dgeqrf_n19200_b640_rep1
[11:30:36] 0049_parsec_lfq_dpotrf_n19200_b256_rep1
[11:30:40] 0052_parsec_gd_dgeqrf_n19200_b960_rep1
[11:31:08] 0054_parsec_gd_dpotrf_n19200_b384_rep1
[11:31:11] 0055_parsec_gd_dpotrf_n19200_b256_rep1
[11:31:15] 0057_parsec_lfq_dgeqrf_n19200_b384_rep2
[11:31:38] 0059_parsec_lfq_dgeqrf_n19200_b640_rep2
[11:32:05] 0061_parsec_gd_dgeqrf_n19200_b320_rep2
[11:32:27] 0062_parsec_gd_dpotrf_n19200_b640_rep2
[11:32:31] 0064_parsec_gd_dgeqrf_n19200_b256_rep2
[11:32:56] 0066_parsec_lfq_dpotrf_n19200_b640_rep2
[11:33:00] 0067_parsec_lfq_dpotrf_n19200_b200_rep2
[11:33:04] 0068_parsec_gd_dpotrf_n19200_b960_rep2
[11:33:09] 0070_parsec_gd_dpotrf_n19200_b384_rep2
[11:33:13] 0072_parsec_lfq_dpotrf_n19200_b320_rep2
[11:33:17] 0074_parsec_lfq_dpotrf_n19200_b256_rep2
[11:33:21] 0075_parsec_lfq_dgeqrf_n19200_b480_rep2
[11:33:43] 0078_parsec_gd_dgeqrf_n19200_b384_rep2
[11:34:05] 0083_parsec_lfq_dgeqrf_n19200_b200_rep2
[11:34:31] 0086_parsec_lfq_dgeqrf_n19200_b320_rep2
[11:34:53] 0088_parsec_gd_dpotrf_n19200_b200_rep2
[11:34:57] 0090_parsec_gd_dpotrf_n19200_b320_rep2
[11:35:01] 0092_parsec_gd_dpotrf_n19200_b480_rep2
[11:35:05] 0093_parsec_lfq_dgeqrf_n19200_b256_rep2
[11:35:29] 0095_parsec_lfq_dgeqrf_n19200_b960_rep2
[11:35:57] 0099_parsec_gd_dgeqrf_n19200_b640_rep2
[11:36:23] 0100_parsec_gd_dgeqrf_n19200_b200_rep2
[11:36:49] 0101_parsec_lfq_dpotrf_n19200_b384_rep2
[11:36:53] 0102_parsec_gd_dgeqrf_n19200_b480_rep2
[11:37:15] 0106_parsec_lfq_dpotrf_n19200_b480_rep2
[11:37:19] 0109_parsec_gd_dgeqrf_n19200_b960_rep2
[11:37:46] 0110_parsec_lfq_dpotrf_n19200_b960_rep2
[11:37:51] 0112_parsec_gd_dpotrf_n19200_b256_rep2
[11:37:54] 0114_parsec_lfq_dpotrf_n19200_b384_rep3
[11:37:58] 0116_parsec_gd_dgeqrf_n19200_b256_rep3
[11:38:23] 0117_parsec_gd_dpotrf_n19200_b960_rep3
[11:38:27] 0118_parsec_gd_dpotrf_n19200_b480_rep3
[11:38:31] 0119_parsec_gd_dgeqrf_n19200_b200_rep3
[11:38:56] 0120_parsec_gd_dpotrf_n19200_b384_rep3
[11:39:00] 0121_parsec_lfq_dpotrf_n19200_b960_rep3
[11:39:05] 0122_parsec_gd_dpotrf_n19200_b320_rep3
[11:39:09] 0124_parsec_gd_dgeqrf_n19200_b640_rep3
[11:39:35] 0129_parsec_lfq_dgeqrf_n19200_b384_rep3
[11:39:57] 0134_parsec_lfq_dgeqrf_n19200_b320_rep3
[11:40:19] 0135_parsec_lfq_dpotrf_n19200_b640_rep3
[11:40:23] 0136_parsec_gd_dgeqrf_n19200_b320_rep3
[11:40:45] 0138_parsec_gd_dgeqrf_n19200_b480_rep3
[11:41:07] 0141_parsec_lfq_dpotrf_n19200_b200_rep3
[11:41:11] 0143_parsec_lfq_dpotrf_n19200_b320_rep3
[11:41:15] 0144_parsec_lfq_dpotrf_n19200_b480_rep3
[11:41:19] 0145_parsec_lfq_dgeqrf_n19200_b200_rep3
[11:41:45] 0146_parsec_lfq_dgeqrf_n19200_b960_rep3
[11:42:13] 0154_parsec_lfq_dgeqrf_n19200_b256_rep3
[11:42:37] 0155_parsec_gd_dpotrf_n19200_b256_rep3
[11:42:41] 0156_parsec_gd_dgeqrf_n19200_b384_rep3
[11:43:03] 0160_parsec_lfq_dpotrf_n19200_b256_rep3
[11:43:07] 0161_parsec_lfq_dgeqrf_n19200_b480_rep3
[11:43:29] 0163_parsec_gd_dgeqrf_n19200_b960_rep3
[11:43:57] 0164_parsec_gd_dpotrf_n19200_b200_rep3
[11:44:01] 0165_parsec_lfq_dgeqrf_n19200_b640_rep3
[11:44:28] 0166_parsec_gd_dpotrf_n19200_b640_rep3
[11:44:32] 0170_parsec_gd_dgeqrf_n19200_b200_rep4
[11:44:58] 0171_parsec_lfq_dpotrf_n19200_b256_rep4
[11:45:02] 0172_parsec_gd_dpotrf_n19200_b640_rep4
[11:45:06] 0174_parsec_lfq_dgeqrf_n19200_b384_rep4
[11:45:28] 0175_parsec_gd_dpotrf_n19200_b384_rep4
[11:45:32] 0176_parsec_lfq_dpotrf_n19200_b960_rep4
[11:45:36] 0177_parsec_lfq_dpotrf_n19200_b200_rep4
[11:45:40] 0181_parsec_lfq_dgeqrf_n19200_b960_rep4
[11:46:09] 0182_parsec_gd_dpotrf_n19200_b960_rep4
[11:46:13] 0185_parsec_lfq_dgeqrf_n19200_b480_rep4
[11:46:35] 0187_parsec_lfq_dgeqrf_n19200_b200_rep4
[11:47:01] 0188_parsec_gd_dgeqrf_n19200_b320_rep4
[11:47:23] 0190_parsec_gd_dgeqrf_n19200_b480_rep4
[11:47:45] 0193_parsec_lfq_dpotrf_n19200_b384_rep4
[11:47:49] 0194_parsec_gd_dpotrf_n19200_b320_rep4
[11:47:53] 0196_parsec_lfq_dgeqrf_n19200_b256_rep4
[11:48:17] 0197_parsec_gd_dpotrf_n19200_b200_rep4
[11:48:21] 0199_parsec_gd_dpotrf_n19200_b256_rep4
[11:48:25] 0205_parsec_gd_dgeqrf_n19200_b640_rep4
[11:48:51] 0209_parsec_gd_dgeqrf_n19200_b384_rep4
[11:49:13] 0213_parsec_lfq_dpotrf_n19200_b320_rep4
[11:49:17] 0215_parsec_gd_dgeqrf_n19200_b960_rep4
[11:49:45] 0219_parsec_lfq_dgeqrf_n19200_b640_rep4
[11:50:12] 0220_parsec_lfq_dpotrf_n19200_b640_rep4
[11:50:17] 0221_parsec_lfq_dgeqrf_n19200_b320_rep4
[11:50:39] 0222_parsec_lfq_dpotrf_n19200_b480_rep4
[11:50:43] 0223_parsec_gd_dpotrf_n19200_b480_rep4
[11:50:47] 0224_parsec_gd_dgeqrf_n19200_b256_rep4
[11:51:11] 0226_parsec_lfq_dpotrf_n19200_b200_rep5
[11:51:15] 0227_parsec_lfq_dgeqrf_n19200_b960_rep5
[11:51:43] 0228_parsec_lfq_dgeqrf_n19200_b640_rep5
[11:52:11] 0232_parsec_lfq_dpotrf_n19200_b256_rep5
[11:52:15] 0234_parsec_gd_dpotrf_n19200_b960_rep5
[11:52:19] 0236_parsec_gd_dgeqrf_n19200_b200_rep5
[11:52:45] 0238_parsec_lfq_dgeqrf_n19200_b320_rep5
[11:53:07] 0240_parsec_lfq_dpotrf_n19200_b320_rep5
[11:53:11] 0246_parsec_gd_dgeqrf_n19200_b384_rep5
[11:53:33] 0249_parsec_gd_dgeqrf_n19200_b480_rep5
[11:53:55] 0252_parsec_lfq_dpotrf_n19200_b480_rep5
[11:53:59] 0253_parsec_gd_dpotrf_n19200_b256_rep5
[11:54:03] 0257_parsec_lfq_dpotrf_n19200_b960_rep5
[11:54:07] 0259_parsec_gd_dgeqrf_n19200_b960_rep5
[11:54:35] 0262_parsec_lfq_dgeqrf_n19200_b480_rep5
[11:54:58] 0263_parsec_lfq_dgeqrf_n19200_b200_rep5
[11:55:23] 0265_parsec_lfq_dgeqrf_n19200_b384_rep5
[11:55:45] 0267_parsec_lfq_dpotrf_n19200_b384_rep5
[11:55:49] 0269_parsec_gd_dgeqrf_n19200_b320_rep5
[11:56:12] 0270_parsec_gd_dgeqrf_n19200_b640_rep5
[11:56:38] 0271_parsec_lfq_dpotrf_n19200_b640_rep5
[11:56:42] 0272_parsec_gd_dpotrf_n19200_b480_rep5
[11:56:46] 0273_parsec_gd_dpotrf_n19200_b200_rep5
[11:56:49] 0274_parsec_gd_dpotrf_n19200_b384_rep5
[11:56:53] 0275_parsec_lfq_dgeqrf_n19200_b256_rep5
[11:57:18] 0276_parsec_gd_dgeqrf_n19200_b256_rep5
[11:57:42] 0277_parsec_gd_dpotrf_n19200_b320_rep5
[11:57:46] 0280_parsec_gd_dpotrf_n19200_b640_rep5
/scratch/matregnago//intro_hpc/results/chameleon-runtimes_782086 -> /home/users/matregnago/intro_hpc/data/chameleon-runtimes_782086
