===============================================================
Date        : Tue May 12 01:38:47 PM -03 2026
SubmitHost  : cei3
SubmitDir   : /home/users/matregnago/intro_hpc
JobID       : 782025
Node(s)     : cei3
===============================================================
[13:41:48] 0141_starpu_lws_geqrf_n19200_b256_blk75,.1
[13:42:38] 0142_starpu_lws_potrf_n19200_b200_blk96,.1
[13:42:48] 0143_starpu_ws_potrf_n19200_b480_blk40,.1
[13:42:56] 0144_starpu_lws_geqrf_n19200_b960_blk20,.1
[13:43:52] 0145_starpu_ws_geqrf_n19200_b256_blk75,.1
[13:44:43] 0146_starpu_ws_potrf_n19200_b384_blk50,.1
[13:44:52] 0147_starpu_lws_geqrf_n19200_b480_blk40,.1
[13:45:38] 0148_starpu_lws_potrf_n19200_b384_blk50,.1
[13:45:47] 0149_starpu_lws_potrf_n19200_b480_blk40,.1
[13:45:55] 0150_starpu_ws_potrf_n19200_b200_blk96,.1
[13:46:05] 0151_starpu_ws_potrf_n19200_b640_blk30,.1
[13:46:14] 0152_starpu_ws_geqrf_n19200_b320_blk60,.1
[13:47:01] 0153_starpu_lws_potrf_n19200_b256_blk75,.1
[13:47:10] 0154_starpu_lws_geqrf_n19200_b320_blk60,.1
[13:47:56] 0155_starpu_lws_geqrf_n19200_b640_blk30,.1
[13:48:51] 0156_starpu_ws_potrf_n19200_b960_blk20,.1
[13:49:00] 0157_starpu_lws_geqrf_n19200_b384_blk50,.1
[13:49:46] 0158_starpu_ws_geqrf_n19200_b384_blk50,.1
[13:50:32] 0159_starpu_ws_geqrf_n19200_b960_blk20,.1
[13:51:27] 0160_starpu_ws_potrf_n19200_b320_blk60,.1
[13:51:36] 0161_starpu_lws_geqrf_n19200_b200_blk96,.1
[13:52:30] 0162_starpu_lws_potrf_n19200_b960_blk20,.1
[13:52:39] 0163_starpu_ws_geqrf_n19200_b200_blk96,.1
[13:53:33] 0164_starpu_lws_potrf_n19200_b640_blk30,.1
[13:53:41] 0165_starpu_ws_geqrf_n19200_b640_blk30,.1
[13:54:36] 0166_starpu_ws_potrf_n19200_b256_blk75,.1
[13:54:45] 0167_starpu_ws_geqrf_n19200_b480_blk40,.1
[13:55:32] 0168_starpu_lws_potrf_n19200_b320_blk60,.1
[13:55:41] 0169_starpu_lws_potrf_n19200_b960_blk20,.2
[13:55:50] 0170_starpu_ws_potrf_n19200_b640_blk30,.2
[13:55:59] 0171_starpu_ws_potrf_n19200_b480_blk40,.2
[13:56:08] 0172_starpu_ws_geqrf_n19200_b320_blk60,.2
[13:56:55] 0173_starpu_ws_geqrf_n19200_b384_blk50,.2
[13:57:41] 0174_starpu_ws_geqrf_n19200_b960_blk20,.2
[13:58:37] 0175_starpu_ws_potrf_n19200_b384_blk50,.2
[13:58:46] 0176_starpu_ws_potrf_n19200_b256_blk75,.2
[13:58:55] 0177_starpu_lws_potrf_n19200_b480_blk40,.2
[13:59:04] 0178_starpu_ws_potrf_n19200_b320_blk60,.2
[13:59:13] 0179_starpu_ws_geqrf_n19200_b640_blk30,.2
[14:00:07] 0180_starpu_ws_geqrf_n19200_b200_blk96,.2
[14:01:01] 0181_starpu_lws_potrf_n19200_b640_blk30,.2
[14:01:10] 0182_starpu_lws_geqrf_n19200_b480_blk40,.2
[14:01:56] 0183_starpu_lws_potrf_n19200_b384_blk50,.2
[14:02:05] 0184_starpu_lws_geqrf_n19200_b200_blk96,.2
[14:02:58] 0185_starpu_lws_potrf_n19200_b200_blk96,.2
[14:03:08] 0186_starpu_ws_potrf_n19200_b200_blk96,.2
[14:03:18] 0187_starpu_lws_geqrf_n19200_b640_blk30,.2
[14:04:13] 0188_starpu_lws_geqrf_n19200_b384_blk50,.2
[14:04:59] 0189_starpu_ws_geqrf_n19200_b480_blk40,.2
[14:05:45] 0190_starpu_lws_potrf_n19200_b256_blk75,.2
[14:05:54] 0191_starpu_lws_geqrf_n19200_b320_blk60,.2
[14:06:40] 0192_starpu_lws_geqrf_n19200_b960_blk20,.2
[14:07:37] 0193_starpu_lws_geqrf_n19200_b256_blk75,.2
[14:08:28] 0194_starpu_ws_potrf_n19200_b960_blk20,.2
[14:08:37] 0195_starpu_lws_potrf_n19200_b320_blk60,.2
[14:08:46] 0196_starpu_ws_geqrf_n19200_b256_blk75,.2
[14:09:37] 0197_starpu_ws_geqrf_n19200_b384_blk50,.3
[14:10:23] 0198_starpu_lws_potrf_n19200_b384_blk50,.3
[14:10:32] 0199_starpu_ws_potrf_n19200_b960_blk20,.3
[14:10:41] 0200_starpu_ws_geqrf_n19200_b320_blk60,.3
[14:11:27] 0201_starpu_ws_geqrf_n19200_b480_blk40,.3
[14:12:14] 0202_starpu_ws_geqrf_n19200_b200_blk96,.3
[14:13:08] 0203_starpu_ws_potrf_n19200_b320_blk60,.3
[14:13:17] 0204_starpu_lws_geqrf_n19200_b200_blk96,.3
[14:14:10] 0205_starpu_lws_potrf_n19200_b200_blk96,.3
[14:14:20] 0206_starpu_lws_potrf_n19200_b960_blk20,.3
[14:14:29] 0207_starpu_ws_geqrf_n19200_b640_blk30,.3
[14:15:24] 0208_starpu_ws_potrf_n19200_b256_blk75,.3
[14:15:33] 0209_starpu_lws_potrf_n19200_b640_blk30,.3
[14:15:42] 0210_starpu_lws_potrf_n19200_b256_blk75,.3
[14:15:51] 0211_starpu_lws_geqrf_n19200_b960_blk20,.3
[14:16:48] 0212_starpu_lws_geqrf_n19200_b384_blk50,.3
[14:17:34] 0213_starpu_lws_potrf_n19200_b480_blk40,.3
[14:17:43] 0214_starpu_ws_geqrf_n19200_b256_blk75,.3
[14:18:34] 0215_starpu_lws_geqrf_n19200_b480_blk40,.3
[14:19:20] 0216_starpu_ws_potrf_n19200_b200_blk96,.3
[14:19:30] 0217_starpu_lws_potrf_n19200_b320_blk60,.3
[14:19:38] 0218_starpu_ws_potrf_n19200_b384_blk50,.3
[14:19:47] 0219_starpu_lws_geqrf_n19200_b640_blk30,.3
[14:20:42] 0220_starpu_lws_geqrf_n19200_b320_blk60,.3
[14:21:28] 0221_starpu_lws_geqrf_n19200_b256_blk75,.3
[14:22:18] 0222_starpu_ws_geqrf_n19200_b960_blk20,.3
[14:23:15] 0223_starpu_ws_potrf_n19200_b640_blk30,.3
[14:23:24] 0224_starpu_ws_potrf_n19200_b480_blk40,.3
[14:23:33] 0225_starpu_ws_potrf_n19200_b960_blk20,.4
[14:23:42] 0226_starpu_lws_geqrf_n19200_b384_blk50,.4
[14:24:28] 0227_starpu_ws_potrf_n19200_b384_blk50,.4
[14:24:37] 0228_starpu_lws_potrf_n19200_b200_blk96,.4
[14:24:47] 0229_starpu_ws_geqrf_n19200_b320_blk60,.4
[14:25:33] 0230_starpu_ws_geqrf_n19200_b480_blk40,.4
[14:26:19] 0231_starpu_ws_geqrf_n19200_b384_blk50,.4
[14:27:05] 0232_starpu_ws_geqrf_n19200_b200_blk96,.4
[14:27:59] 0233_starpu_lws_geqrf_n19200_b200_blk96,.4
[14:28:53] 0234_starpu_lws_geqrf_n19200_b960_blk20,.4
[14:29:49] 0235_starpu_ws_geqrf_n19200_b640_blk30,.4
[14:30:43] 0236_starpu_lws_potrf_n19200_b320_blk60,.4
[14:30:52] 0237_starpu_lws_potrf_n19200_b384_blk50,.4
[14:31:01] 0238_starpu_lws_geqrf_n19200_b256_blk75,.4
[14:31:51] 0239_starpu_ws_potrf_n19200_b256_blk75,.4
[14:32:01] 0240_starpu_lws_geqrf_n19200_b480_blk40,.4
[14:32:47] 0241_starpu_ws_potrf_n19200_b640_blk30,.4
[14:32:56] 0242_starpu_lws_potrf_n19200_b480_blk40,.4
[14:33:05] 0243_starpu_ws_potrf_n19200_b200_blk96,.4
[14:33:15] 0244_starpu_lws_geqrf_n19200_b320_blk60,.4
[14:34:01] 0245_starpu_ws_geqrf_n19200_b256_blk75,.4
[14:34:52] 0246_starpu_lws_potrf_n19200_b256_blk75,.4
[14:35:01] 0247_starpu_lws_potrf_n19200_b960_blk20,.4
[14:35:10] 0248_starpu_ws_potrf_n19200_b320_blk60,.4
[14:35:19] 0249_starpu_lws_geqrf_n19200_b640_blk30,.4
[14:36:13] 0250_starpu_lws_potrf_n19200_b640_blk30,.4
[14:36:22] 0251_starpu_ws_potrf_n19200_b480_blk40,.4
[14:36:31] 0252_starpu_ws_geqrf_n19200_b960_blk20,.4
[14:37:27] 0253_starpu_ws_geqrf_n19200_b320_blk60,.5
[14:38:14] 0254_starpu_lws_potrf_n19200_b200_blk96,.5
[14:38:24] 0255_starpu_ws_geqrf_n19200_b960_blk20,.5
[14:39:19] 0256_starpu_lws_geqrf_n19200_b960_blk20,.5
[14:40:16] 0257_starpu_lws_geqrf_n19200_b640_blk30,.5
[14:41:10] 0258_starpu_ws_geqrf_n19200_b200_blk96,.5
[14:42:04] 0259_starpu_lws_geqrf_n19200_b480_blk40,.5
[14:42:50] 0260_starpu_ws_geqrf_n19200_b640_blk30,.5
[14:43:44] 0261_starpu_lws_geqrf_n19200_b256_blk75,.5
[14:44:35] 0262_starpu_ws_geqrf_n19200_b384_blk50,.5
[14:45:21] 0263_starpu_ws_potrf_n19200_b640_blk30,.5
[14:45:29] 0264_starpu_ws_geqrf_n19200_b480_blk40,.5
[14:46:16] 0265_starpu_ws_potrf_n19200_b200_blk96,.5
[14:46:26] 0266_starpu_ws_potrf_n19200_b256_blk75,.5
[14:46:35] 0267_starpu_ws_geqrf_n19200_b256_blk75,.5
[14:47:26] 0268_starpu_lws_geqrf_n19200_b384_blk50,.5
[14:48:12] 0269_starpu_ws_potrf_n19200_b384_blk50,.5
[14:48:20] 0270_starpu_lws_potrf_n19200_b384_blk50,.5
[14:48:29] 0271_starpu_ws_potrf_n19200_b960_blk20,.5
[14:48:39] 0272_starpu_lws_potrf_n19200_b640_blk30,.5
[14:48:47] 0273_starpu_lws_potrf_n19200_b480_blk40,.5
[14:48:56] 0274_starpu_lws_geqrf_n19200_b200_blk96,.5
[14:49:50] 0275_starpu_lws_potrf_n19200_b320_blk60,.5
[14:49:59] 0276_starpu_lws_potrf_n19200_b256_blk75,.5
[14:50:08] 0277_starpu_lws_geqrf_n19200_b320_blk60,.5
[14:50:54] 0278_starpu_ws_potrf_n19200_b480_blk40,.5
[14:51:03] 0279_starpu_lws_potrf_n19200_b960_blk20,.5
[14:51:13] 0280_starpu_ws_potrf_n19200_b320_blk60,.5
[14:54:05] 0001_parsec_lfq_potrf_n19200_b640_blk30,.1
[14:54:13] 0002_parsec_lfq_geqrf_n19200_b320_blk60,.1
[14:54:58] 0003_parsec_gd_potrf_n19200_b200_blk96,.1
[14:55:06] 0004_parsec_lfq_potrf_n19200_b320_blk60,.1
[14:55:14] 0005_parsec_gd_potrf_n19200_b320_blk60,.1
[14:55:22] 0006_parsec_lfq_geqrf_n19200_b960_blk20,.1
[14:56:19] 0007_parsec_gd_geqrf_n19200_b256_blk75,.1
[14:57:08] 0008_parsec_lfq_potrf_n19200_b480_blk40,.1
[14:57:17] 0009_parsec_gd_potrf_n19200_b960_blk20,.1
[14:57:26] 0010_parsec_gd_potrf_n19200_b640_blk30,.1
[14:57:34] 0011_parsec_lfq_geqrf_n19200_b480_blk40,.1
[14:58:20] 0012_parsec_lfq_potrf_n19200_b960_blk20,.1
[14:58:29] 0013_parsec_gd_geqrf_n19200_b320_blk60,.1
[14:59:14] 0014_parsec_gd_geqrf_n19200_b200_blk96,.1
[15:00:07] 0015_parsec_lfq_potrf_n19200_b200_blk96,.1
[15:00:15] 0016_parsec_lfq_geqrf_n19200_b200_blk96,.1
[15:01:07] 0017_parsec_lfq_geqrf_n19200_b384_blk50,.1
[15:01:53] 0018_parsec_lfq_geqrf_n19200_b256_blk75,.1
[15:02:42] 0019_parsec_lfq_potrf_n19200_b384_blk50,.1
[15:02:50] 0020_parsec_gd_geqrf_n19200_b480_blk40,.1
[15:03:35] 0021_parsec_gd_potrf_n19200_b480_blk40,.1
[15:03:43] 0022_parsec_lfq_geqrf_n19200_b640_blk30,.1
[15:04:38] 0023_parsec_gd_geqrf_n19200_b384_blk50,.1
[15:05:23] 0024_parsec_gd_geqrf_n19200_b640_blk30,.1
[15:06:15] 0025_parsec_lfq_potrf_n19200_b256_blk75,.1
[15:06:23] 0026_parsec_gd_geqrf_n19200_b960_blk20,.1
[15:07:18] 0027_parsec_gd_potrf_n19200_b384_blk50,.1
[15:07:26] 0028_parsec_gd_potrf_n19200_b256_blk75,.1
[15:07:34] 0029_parsec_lfq_geqrf_n19200_b384_blk50,.2
[15:08:19] 0030_parsec_lfq_geqrf_n19200_b640_blk30,.2
[15:09:13] 0031_parsec_gd_geqrf_n19200_b320_blk60,.2
[15:09:59] 0032_parsec_gd_potrf_n19200_b640_blk30,.2
[15:10:07] 0033_parsec_gd_geqrf_n19200_b256_blk75,.2
[15:10:56] 0034_parsec_lfq_potrf_n19200_b640_blk30,.2
[15:11:05] 0035_parsec_lfq_potrf_n19200_b200_blk96,.2
[15:11:13] 0036_parsec_gd_potrf_n19200_b960_blk20,.2
[15:11:22] 0037_parsec_gd_potrf_n19200_b384_blk50,.2
[15:11:30] 0038_parsec_lfq_potrf_n19200_b320_blk60,.2
[15:11:38] 0039_parsec_lfq_potrf_n19200_b256_blk75,.2
[15:11:46] 0040_parsec_lfq_geqrf_n19200_b480_blk40,.2
[15:12:32] 0041_parsec_gd_geqrf_n19200_b384_blk50,.2
[15:13:17] 0042_parsec_lfq_geqrf_n19200_b200_blk96,.2
[15:14:09] 0043_parsec_lfq_geqrf_n19200_b320_blk60,.2
[15:14:55] 0044_parsec_gd_potrf_n19200_b200_blk96,.2
[15:15:03] 0045_parsec_gd_potrf_n19200_b320_blk60,.2
[15:15:11] 0046_parsec_gd_potrf_n19200_b480_blk40,.2
[15:15:19] 0047_parsec_lfq_geqrf_n19200_b256_blk75,.2
[15:16:09] 0048_parsec_lfq_geqrf_n19200_b960_blk20,.2
[15:17:07] 0049_parsec_gd_geqrf_n19200_b640_blk30,.2
[15:17:59] 0050_parsec_gd_geqrf_n19200_b200_blk96,.2
[15:18:52] 0051_parsec_lfq_potrf_n19200_b384_blk50,.2
[15:19:00] 0052_parsec_gd_geqrf_n19200_b480_blk40,.2
[15:19:45] 0053_parsec_lfq_potrf_n19200_b480_blk40,.2
[15:19:53] 0054_parsec_gd_geqrf_n19200_b960_blk20,.2
[15:20:49] 0055_parsec_lfq_potrf_n19200_b960_blk20,.2
[15:20:58] 0056_parsec_gd_potrf_n19200_b256_blk75,.2
[15:21:06] 0057_parsec_lfq_potrf_n19200_b384_blk50,.3
[15:21:14] 0058_parsec_gd_geqrf_n19200_b256_blk75,.3
[15:22:04] 0059_parsec_gd_potrf_n19200_b960_blk20,.3
[15:22:13] 0060_parsec_gd_potrf_n19200_b480_blk40,.3
[15:22:21] 0061_parsec_gd_geqrf_n19200_b200_blk96,.3
[15:23:13] 0062_parsec_gd_potrf_n19200_b384_blk50,.3
[15:23:21] 0063_parsec_lfq_potrf_n19200_b960_blk20,.3
[15:23:30] 0064_parsec_gd_potrf_n19200_b320_blk60,.3
[15:23:38] 0065_parsec_gd_geqrf_n19200_b640_blk30,.3
[15:24:31] 0066_parsec_lfq_geqrf_n19200_b384_blk50,.3
[15:25:16] 0067_parsec_lfq_geqrf_n19200_b320_blk60,.3
[15:26:02] 0068_parsec_lfq_potrf_n19200_b640_blk30,.3
[15:26:10] 0069_parsec_gd_geqrf_n19200_b320_blk60,.3
[15:26:56] 0070_parsec_gd_geqrf_n19200_b480_blk40,.3
[15:27:41] 0071_parsec_lfq_potrf_n19200_b200_blk96,.3
[15:27:49] 0072_parsec_lfq_potrf_n19200_b320_blk60,.3
[15:27:57] 0073_parsec_lfq_potrf_n19200_b480_blk40,.3
[15:28:06] 0074_parsec_lfq_geqrf_n19200_b200_blk96,.3
[15:28:58] 0075_parsec_lfq_geqrf_n19200_b960_blk20,.3
[15:29:54] 0076_parsec_lfq_geqrf_n19200_b256_blk75,.3
[15:30:44] 0077_parsec_gd_potrf_n19200_b256_blk75,.3
[15:30:52] 0078_parsec_gd_geqrf_n19200_b384_blk50,.3
[15:31:37] 0079_parsec_lfq_potrf_n19200_b256_blk75,.3
[15:31:45] 0080_parsec_lfq_geqrf_n19200_b480_blk40,.3
[15:32:30] 0081_parsec_gd_geqrf_n19200_b960_blk20,.3
[15:33:26] 0082_parsec_gd_potrf_n19200_b200_blk96,.3
[15:33:34] 0083_parsec_lfq_geqrf_n19200_b640_blk30,.3
[15:34:29] 0084_parsec_gd_potrf_n19200_b640_blk30,.3
[15:34:37] 0085_parsec_gd_geqrf_n19200_b200_blk96,.4
[15:35:30] 0086_parsec_lfq_potrf_n19200_b256_blk75,.4
[15:35:38] 0087_parsec_gd_potrf_n19200_b640_blk30,.4
[15:35:46] 0088_parsec_lfq_geqrf_n19200_b384_blk50,.4
[15:36:32] 0089_parsec_gd_potrf_n19200_b384_blk50,.4
[15:36:40] 0090_parsec_lfq_potrf_n19200_b960_blk20,.4
[15:36:49] 0091_parsec_lfq_potrf_n19200_b200_blk96,.4
[15:36:57] 0092_parsec_lfq_geqrf_n19200_b960_blk20,.4
[15:37:54] 0093_parsec_gd_potrf_n19200_b960_blk20,.4
[15:38:02] 0094_parsec_lfq_geqrf_n19200_b480_blk40,.4
[15:38:48] 0095_parsec_lfq_geqrf_n19200_b200_blk96,.4
[15:39:40] 0096_parsec_gd_geqrf_n19200_b320_blk60,.4
[15:40:26] 0097_parsec_gd_geqrf_n19200_b480_blk40,.4
[15:41:11] 0098_parsec_lfq_potrf_n19200_b384_blk50,.4
[15:41:19] 0099_parsec_gd_potrf_n19200_b320_blk60,.4
[15:41:27] 0100_parsec_lfq_geqrf_n19200_b256_blk75,.4
[15:42:17] 0101_parsec_gd_potrf_n19200_b200_blk96,.4
[15:42:25] 0102_parsec_gd_potrf_n19200_b256_blk75,.4
[15:42:33] 0103_parsec_gd_geqrf_n19200_b640_blk30,.4
[15:43:25] 0104_parsec_gd_geqrf_n19200_b384_blk50,.4
[15:44:10] 0105_parsec_lfq_potrf_n19200_b320_blk60,.4
[15:44:19] 0106_parsec_gd_geqrf_n19200_b960_blk20,.4
[15:45:14] 0107_parsec_lfq_geqrf_n19200_b640_blk30,.4
[15:46:09] 0108_parsec_lfq_potrf_n19200_b640_blk30,.4
[15:46:17] 0109_parsec_lfq_geqrf_n19200_b320_blk60,.4
[15:47:03] 0110_parsec_lfq_potrf_n19200_b480_blk40,.4
[15:47:11] 0111_parsec_gd_potrf_n19200_b480_blk40,.4
[15:47:20] 0112_parsec_gd_geqrf_n19200_b256_blk75,.4
[15:48:09] 0113_parsec_lfq_potrf_n19200_b200_blk96,.5
[15:48:17] 0114_parsec_lfq_geqrf_n19200_b960_blk20,.5
[15:49:14] 0115_parsec_lfq_geqrf_n19200_b640_blk30,.5
[15:50:08] 0116_parsec_lfq_potrf_n19200_b256_blk75,.5
[15:50:16] 0117_parsec_gd_potrf_n19200_b960_blk20,.5
[15:50:25] 0118_parsec_gd_geqrf_n19200_b200_blk96,.5
[15:51:18] 0119_parsec_lfq_geqrf_n19200_b320_blk60,.5
[15:52:03] 0120_parsec_lfq_potrf_n19200_b320_blk60,.5
[15:52:11] 0121_parsec_gd_geqrf_n19200_b384_blk50,.5
[15:52:56] 0122_parsec_gd_geqrf_n19200_b480_blk40,.5
[15:53:42] 0123_parsec_lfq_potrf_n19200_b480_blk40,.5
[15:53:50] 0124_parsec_gd_potrf_n19200_b256_blk75,.5
[15:53:58] 0125_parsec_lfq_potrf_n19200_b960_blk20,.5
[15:54:07] 0126_parsec_gd_geqrf_n19200_b960_blk20,.5
[15:55:03] 0127_parsec_lfq_geqrf_n19200_b480_blk40,.5
[15:55:48] 0128_parsec_lfq_geqrf_n19200_b200_blk96,.5
[15:56:40] 0129_parsec_lfq_geqrf_n19200_b384_blk50,.5
[15:57:26] 0130_parsec_lfq_potrf_n19200_b384_blk50,.5
[15:57:34] 0131_parsec_gd_geqrf_n19200_b320_blk60,.5
[15:58:19] 0132_parsec_gd_geqrf_n19200_b640_blk30,.5
[15:59:12] 0133_parsec_lfq_potrf_n19200_b640_blk30,.5
[15:59:20] 0134_parsec_gd_potrf_n19200_b480_blk40,.5
[15:59:29] 0135_parsec_gd_potrf_n19200_b200_blk96,.5
[15:59:37] 0136_parsec_gd_potrf_n19200_b384_blk50,.5
[15:59:45] 0137_parsec_lfq_geqrf_n19200_b256_blk75,.5
[16:00:34] 0138_parsec_gd_geqrf_n19200_b256_blk75,.5
[16:01:24] 0139_parsec_gd_potrf_n19200_b320_blk60,.5
[16:01:32] 0140_parsec_gd_potrf_n19200_b640_blk30,.5
/scratch/matregnago//intro_hpc/results/chameleon-runtimes_782025 -> /home/users/matregnago/intro_hpc/data/chameleon-runtimes_782025
