building '/nix/store/38xqbgfhyz96c8w3pzjd5q2y6rgmmqm4-chameleon-starpu-1.4.0.drv'...
building '/nix/store/ihihgxi319r1fkyp33h6fv8kwj5fk0v4-StarPU-1.4.7.drv'...
building '/nix/store/4v7d2wwlkvmkx0z1kzirlm7s8wd7lyhx-starvz-tools.drv'...
building '/nix/store/vz54y2g4irvg77xjlba7c7ihm6xfwxxn-nix-shell-env.drv'...
this path will be fetched (0.10 MiB download, 0.10 MiB unpacked):
  /nix/store/lw0v8hggdjsqs9zpwwrxajcc4rbsmlfq-bash-interactive-5.3p9-man
copying path '/nix/store/lw0v8hggdjsqs9zpwwrxajcc4rbsmlfq-bash-interactive-5.3p9-man' from 'https://cache.nixos.org'...
copying path '/nix/store/xq7z4ky3v44lvg5civq4b8pvralgg5im-gcc-13.4.0-libgcc' from 'https://cache.nixos.org'...
copying path '/nix/store/jyi7jc0d0ms5cdfr2cak43kf9ksvkyvk-gnum4-1.4.20' from 'https://cache.nixos.org'...
copying path '/nix/store/mfw8qy1rr6dzny7jd60r7vr4af7ag9sn-zlib-1.3.2-static' from 'https://cache.nixos.org'...
building '/nix/store/lknhfd0hpwzg2frrc7ii44lg8y5mdz6k-parsec-6022a61.drv'...
copying path '/nix/store/ppswsvz4c4jxiq0rj07ahkx3znmdqbzb-automake-1.18.1' from 'https://cache.nixos.org'...
copying path '/nix/store/4qsjicbg5fjdm5bv0246phnhkw3c1ilk-file-5.45' from 'https://cache.nixos.org'...
copying path '/nix/store/9q9777l352qfg127kwbfilali7mcynr1-gmp-with-cxx-6.3.0' from 'https://cache.nixos.org'...
copying path '/nix/store/m1a6q6rclqyvsg8grsp3wr0nrmvc1h0v-mirrors-list' from 'https://cache.nixos.org'...
copying path '/nix/store/rrnrqss35jmfhbhsmrjikyw04a47f5pj-libtool-2.5.4-lib' from 'https://cache.nixos.org'...
copying path '/nix/store/3j24gy7bkgv9n5phdnbfaqwgzb7xlksp-curl-8.18.0-man' from 'https://cache.nixos.org'...
copying path '/nix/store/wfqh8lmmqwy3r9w4lyvm2df5m7lpfd1i-nghttp2-1.67.1' from 'https://cache.nixos.org'...
copying path '/nix/store/nmd3mxa5xlx6lidvkzq6f8824mfb6vnl-nghttp2-1.67.1-lib' from 'https://cache.nixos.org'...
copying path '/nix/store/gc52c68s6cfcrav5pypmrf3sq5k554ih-zlib-1.3.2-dev' from 'https://cache.nixos.org'...
copying path '/nix/store/hg31mz4qlacwwkgc3pcvn0vmwshd7pmc-gcc-13.4.0-lib' from 'https://cache.nixos.org'...
copying path '/nix/store/05wd2yjaa5v7i5nn8q2jb4bs442m7kb2-openssl-3.6.1' from 'https://cache.nixos.org'...
copying path '/nix/store/pr78hqjm9fk9pw7wiyyjcwzf8ggs1ip7-autoconf-2.72' from 'https://cache.nixos.org'...
copying path '/nix/store/wlxv0ymmvwp4gjbx3j084bib7ghlw5x6-bison-3.8.2' from 'https://cache.nixos.org'...
copying path '/nix/store/jdaipjlv552x1lhix67s8xjz01w6gl5b-flex-2.6.4' from 'https://cache.nixos.org'...
copying path '/nix/store/kz4kqcqii0icm8dm09y66164wwi6pfw5-isl-0.20' from 'https://cache.nixos.org'...
copying path '/nix/store/fzfhbv8pjcig82f8vwhg2qb9wid059qq-mpfr-4.2.2' from 'https://cache.nixos.org'...
copying path '/nix/store/1nwn24zqcwlgn92ahq6pgymr6h0xwpg7-file-5.45-dev' from 'https://cache.nixos.org'...
copying path '/nix/store/jjfcbj86332qs5vzyshh0knar2kzhps5-libmpc-1.3.1' from 'https://cache.nixos.org'...
copying path '/nix/store/z87qgp40llfyjq778xhjwimqynhgyhdh-libtool-2.5.4' from 'https://cache.nixos.org'...
copying path '/nix/store/nsc5ws3p2h5yivd3i5gjh5kbi8wlrpgv-nghttp2-1.67.1-dev' from 'https://cache.nixos.org'...
copying path '/nix/store/mk4j4nrv5f3rl6acfglikxv08m60k7pa-gcc-13.4.0' from 'https://cache.nixos.org'...
copying path '/nix/store/8vxbhw5pr1ham3ic32n2v9985944z4k7-krb5-1.22.1-lib' from 'https://cache.nixos.org'...
copying path '/nix/store/d2x69y1nxx8vxdh25zw94wi9j0ca1f31-openssl-3.6.1-bin' from 'https://cache.nixos.org'...
copying path '/nix/store/cwd41i7h2plm58d1s5z38p06jcasmci6-libssh2-1.11.1' from 'https://cache.nixos.org'...
copying path '/nix/store/1l5jgzy26hkjz1y3apn1051asvn42sfn-openssl-3.6.1-dev' from 'https://cache.nixos.org'...
copying path '/nix/store/kd8dhq718czwzzx9gmzdyb7fi87z20yd-curl-8.18.0' from 'https://cache.nixos.org'...
copying path '/nix/store/a3lphspaf0qsg3m33hcp89cpphdkp1n0-krb5-1.22.1' from 'https://cache.nixos.org'...
copying path '/nix/store/hy2zsnzlsfz2r1lfh5vamjbvn94ipgrb-libssh2-1.11.1-dev' from 'https://cache.nixos.org'...
copying path '/nix/store/kga1i51gjq4zfjy0i8zbiga8cv0jynbj-krb5-1.22.1-dev' from 'https://cache.nixos.org'...
copying path '/nix/store/qj6h0nl2w716pjwx7q1vayhd6h3a01da-curl-8.18.0-bin' from 'https://cache.nixos.org'...
copying path '/nix/store/vbzlwjmaacsrvs0qy4cmrbmphp37xh5p-curl-8.18.0-dev' from 'https://cache.nixos.org'...
copying path '/nix/store/g3i2n7czc2ybajvp9n58pjj73mx8hcy2-gcc-wrapper-13.4.0' from 'https://cache.nixos.org'...
copying path '/nix/store/bllifivhb80l2a446g12x238jv351vxy-stdenv-linux' from 'https://cache.nixos.org'...
building '/nix/store/ddmqkrylslhj7mwg480g8a91lkx1gj7x-source.drv'...
building '/nix/store/hx4qnwbm5z9h3aci2wg85ay7jgixj0z2-gtg-unstable.drv'...
building '/nix/store/gsvfvsffhcmsjgwx8q0sqi8ja9cln37x-parsec-mymaster.drv'...
building '/nix/store/24syypgwqkhjjw06pc96j4h8aih43v4m-chameleon-parsec-1.4.0.drv'...
building '/nix/store/vwj30bazj7r40kwmfi1m2s0ifx5gypwh-nix-shell-env.drv'...
