===============================================================
Date        : Mon Jun  1 10:32:23 PM -03 2026
SubmitHost  : poti2
SubmitDir   : /home/users/matregnago/intro_hpc
JobID       : 791531
Node(s)     : poti2
===============================================================
>>> phase: starpu cpu  (nix develop .#starpu)
[22:32:48] 0001_starpu_cpu_lws_sgemm_n8000_b1000_rep1 (t=16 g=0)
[22:32:49] 0002_starpu_cpu_lws_sgemm_n8000_b1000_rep2 (t=16 g=0)
[22:32:50] 0003_starpu_cpu_lws_sgemm_n8000_b1000_rep3 (t=16 g=0)
[22:32:51] 0004_starpu_cpu_lws_sgemm_n16000_b1000_rep1 (t=16 g=0)
[22:32:57] 0005_starpu_cpu_lws_sgemm_n16000_b1000_rep2 (t=16 g=0)
[22:33:04] 0006_starpu_cpu_lws_sgemm_n16000_b1000_rep3 (t=16 g=0)
[22:33:10] 0007_starpu_cpu_lws_sgemm_n24000_b1000_rep1 (t=16 g=0)
[22:33:32] 0008_starpu_cpu_lws_sgemm_n24000_b1000_rep2 (t=16 g=0)
[22:33:53] 0009_starpu_cpu_lws_sgemm_n24000_b1000_rep3 (t=16 g=0)
[22:34:14] 0010_starpu_cpu_lws_spotrf_n8000_b1000_rep1 (t=16 g=0)
[22:34:14] 0011_starpu_cpu_lws_spotrf_n8000_b1000_rep2 (t=16 g=0)
[22:34:15] 0012_starpu_cpu_lws_spotrf_n8000_b1000_rep3 (t=16 g=0)
[22:34:15] 0013_starpu_cpu_lws_spotrf_n16000_b1000_rep1 (t=16 g=0)
[22:34:16] 0014_starpu_cpu_lws_spotrf_n16000_b1000_rep2 (t=16 g=0)
[22:34:18] 0015_starpu_cpu_lws_spotrf_n16000_b1000_rep3 (t=16 g=0)
[22:34:19] 0016_starpu_cpu_lws_spotrf_n24000_b1000_rep1 (t=16 g=0)
[22:34:23] 0017_starpu_cpu_lws_spotrf_n24000_b1000_rep2 (t=16 g=0)
[22:34:27] 0018_starpu_cpu_lws_spotrf_n24000_b1000_rep3 (t=16 g=0)
[22:34:31] 0019_starpu_cpu_lws_sgeqrf_n8000_b1000_rep1 (t=16 g=0)
[22:34:33] 0020_starpu_cpu_lws_sgeqrf_n8000_b1000_rep2 (t=16 g=0)
[22:34:34] 0021_starpu_cpu_lws_sgeqrf_n8000_b1000_rep3 (t=16 g=0)
[22:34:35] 0022_starpu_cpu_lws_sgeqrf_n16000_b1000_rep1 (t=16 g=0)
[22:34:41] 0023_starpu_cpu_lws_sgeqrf_n16000_b1000_rep2 (t=16 g=0)
[22:34:48] 0024_starpu_cpu_lws_sgeqrf_n16000_b1000_rep3 (t=16 g=0)
[22:34:54] 0025_starpu_cpu_lws_sgeqrf_n24000_b1000_rep1 (t=16 g=0)
[22:35:13] 0026_starpu_cpu_lws_sgeqrf_n24000_b1000_rep2 (t=16 g=0)
[22:35:31] 0027_starpu_cpu_lws_sgeqrf_n24000_b1000_rep3 (t=16 g=0)
>>> phase: starpu gpu  (nix develop .#starpu-cuda)
[22:35:53] 0001_starpu_gpu_lws_sgemm_n8000_b1000_rep1 (t=8 g=1)
[22:35:54] 0002_starpu_gpu_lws_sgemm_n8000_b1000_rep2 (t=8 g=1)
[22:35:55] 0003_starpu_gpu_lws_sgemm_n8000_b1000_rep3 (t=8 g=1)
[22:35:55] 0004_starpu_gpu_lws_sgemm_n16000_b1000_rep1 (t=8 g=1)
[22:35:58] 0005_starpu_gpu_lws_sgemm_n16000_b1000_rep2 (t=8 g=1)
[22:36:00] 0006_starpu_gpu_lws_sgemm_n16000_b1000_rep3 (t=8 g=1)
[22:36:02] 0007_starpu_gpu_lws_sgemm_n24000_b1000_rep1 (t=8 g=1)
[22:36:06] 0008_starpu_gpu_lws_sgemm_n24000_b1000_rep2 (t=8 g=1)
[22:36:11] 0009_starpu_gpu_lws_sgemm_n24000_b1000_rep3 (t=8 g=1)
[22:36:16] 0010_starpu_gpu_lws_spotrf_n8000_b1000_rep1 (t=8 g=1)
[22:36:16] 0011_starpu_gpu_lws_spotrf_n8000_b1000_rep2 (t=8 g=1)
[22:36:17] 0012_starpu_gpu_lws_spotrf_n8000_b1000_rep3 (t=8 g=1)
[22:36:17] 0013_starpu_gpu_lws_spotrf_n16000_b1000_rep1 (t=8 g=1)
[22:36:18] 0014_starpu_gpu_lws_spotrf_n16000_b1000_rep2 (t=8 g=1)
[22:36:19] 0015_starpu_gpu_lws_spotrf_n16000_b1000_rep3 (t=8 g=1)
[22:36:20] 0016_starpu_gpu_lws_spotrf_n24000_b1000_rep1 (t=8 g=1)
[22:36:21] 0017_starpu_gpu_lws_spotrf_n24000_b1000_rep2 (t=8 g=1)
[22:36:22] 0018_starpu_gpu_lws_spotrf_n24000_b1000_rep3 (t=8 g=1)
[22:36:24] 0019_starpu_gpu_lws_sgeqrf_n8000_b1000_rep1 (t=8 g=1)
[22:36:25] 0020_starpu_gpu_lws_sgeqrf_n8000_b1000_rep2 (t=8 g=1)
[22:36:26] 0021_starpu_gpu_lws_sgeqrf_n8000_b1000_rep3 (t=8 g=1)
[22:36:27] 0022_starpu_gpu_lws_sgeqrf_n16000_b1000_rep1 (t=8 g=1)
[22:36:30] 0023_starpu_gpu_lws_sgeqrf_n16000_b1000_rep2 (t=8 g=1)
[22:36:33] 0024_starpu_gpu_lws_sgeqrf_n16000_b1000_rep3 (t=8 g=1)
[22:36:36] 0025_starpu_gpu_lws_sgeqrf_n24000_b1000_rep1 (t=8 g=1)
[22:36:43] 0026_starpu_gpu_lws_sgeqrf_n24000_b1000_rep2 (t=8 g=1)
[22:36:49] 0027_starpu_gpu_lws_sgeqrf_n24000_b1000_rep3 (t=8 g=1)
>>> phase: parsec cpu  (nix develop .#parsec-cpu)
[22:36:57] 0001_parsec_cpu_lfq_sgemm_n8000_b1000_rep1 (t=16 g=0)
[22:36:58] 0002_parsec_cpu_lfq_sgemm_n8000_b1000_rep2 (t=16 g=0)
[22:36:59] 0003_parsec_cpu_lfq_sgemm_n8000_b1000_rep3 (t=16 g=0)
[22:37:00] 0004_parsec_cpu_lfq_sgemm_n16000_b1000_rep1 (t=16 g=0)
[22:37:07] 0005_parsec_cpu_lfq_sgemm_n16000_b1000_rep2 (t=16 g=0)
[22:37:13] 0006_parsec_cpu_lfq_sgemm_n16000_b1000_rep3 (t=16 g=0)
[22:37:20] 0007_parsec_cpu_lfq_sgemm_n24000_b1000_rep1 (t=16 g=0)
[22:37:41] 0008_parsec_cpu_lfq_sgemm_n24000_b1000_rep2 (t=16 g=0)
[22:38:03] 0009_parsec_cpu_lfq_sgemm_n24000_b1000_rep3 (t=16 g=0)
[22:38:25] 0010_parsec_cpu_lfq_spotrf_n8000_b1000_rep1 (t=16 g=0)
[22:38:26] 0011_parsec_cpu_lfq_spotrf_n8000_b1000_rep2 (t=16 g=0)
[22:38:26] 0012_parsec_cpu_lfq_spotrf_n8000_b1000_rep3 (t=16 g=0)
[22:38:27] 0013_parsec_cpu_lfq_spotrf_n16000_b1000_rep1 (t=16 g=0)
[22:38:28] 0014_parsec_cpu_lfq_spotrf_n16000_b1000_rep2 (t=16 g=0)
[22:38:29] 0015_parsec_cpu_lfq_spotrf_n16000_b1000_rep3 (t=16 g=0)
[22:38:31] 0016_parsec_cpu_lfq_spotrf_n24000_b1000_rep1 (t=16 g=0)
[22:38:35] 0017_parsec_cpu_lfq_spotrf_n24000_b1000_rep2 (t=16 g=0)
[22:38:39] 0018_parsec_cpu_lfq_spotrf_n24000_b1000_rep3 (t=16 g=0)
[22:38:43] 0019_parsec_cpu_lfq_sgeqrf_n8000_b1000_rep1 (t=16 g=0)
[22:38:45] 0020_parsec_cpu_lfq_sgeqrf_n8000_b1000_rep2 (t=16 g=0)
[22:38:47] 0021_parsec_cpu_lfq_sgeqrf_n8000_b1000_rep3 (t=16 g=0)
[22:38:48] 0022_parsec_cpu_lfq_sgeqrf_n16000_b1000_rep1 (t=16 g=0)
[22:38:54] 0023_parsec_cpu_lfq_sgeqrf_n16000_b1000_rep2 (t=16 g=0)
[22:39:00] 0024_parsec_cpu_lfq_sgeqrf_n16000_b1000_rep3 (t=16 g=0)
[22:39:07] 0025_parsec_cpu_lfq_sgeqrf_n24000_b1000_rep1 (t=16 g=0)
[22:39:25] 0026_parsec_cpu_lfq_sgeqrf_n24000_b1000_rep2 (t=16 g=0)
[22:39:44] 0027_parsec_cpu_lfq_sgeqrf_n24000_b1000_rep3 (t=16 g=0)
>>> phase: parsec gpu  (nix develop .#parsec)
[22:40:05] 0001_parsec_gpu_lfq_sgemm_n8000_b1000_rep1 (t=8 g=1)
[22:40:05] 0002_parsec_gpu_lfq_sgemm_n8000_b1000_rep2 (t=8 g=1)
[22:40:06] 0003_parsec_gpu_lfq_sgemm_n8000_b1000_rep3 (t=8 g=1)
[22:40:07] 0004_parsec_gpu_lfq_sgemm_n16000_b1000_rep1 (t=8 g=1)
[22:40:09] 0005_parsec_gpu_lfq_sgemm_n16000_b1000_rep2 (t=8 g=1)
[22:40:11] 0006_parsec_gpu_lfq_sgemm_n16000_b1000_rep3 (t=8 g=1)
[22:40:14] 0007_parsec_gpu_lfq_sgemm_n24000_b1000_rep1 (t=8 g=1)
[22:40:20] 0008_parsec_gpu_lfq_sgemm_n24000_b1000_rep2 (t=8 g=1)
[22:40:27] 0009_parsec_gpu_lfq_sgemm_n24000_b1000_rep3 (t=8 g=1)
[22:40:33] 0010_parsec_gpu_lfq_spotrf_n8000_b1000_rep1 (t=8 g=1)
[22:40:34] 0011_parsec_gpu_lfq_spotrf_n8000_b1000_rep2 (t=8 g=1)
[22:40:34] 0012_parsec_gpu_lfq_spotrf_n8000_b1000_rep3 (t=8 g=1)
[22:40:35] 0013_parsec_gpu_lfq_spotrf_n16000_b1000_rep1 (t=8 g=1)
[22:40:35] 0014_parsec_gpu_lfq_spotrf_n16000_b1000_rep2 (t=8 g=1)
[22:40:36] 0015_parsec_gpu_lfq_spotrf_n16000_b1000_rep3 (t=8 g=1)
[22:40:37] 0016_parsec_gpu_lfq_spotrf_n24000_b1000_rep1 (t=8 g=1)
[22:40:39] 0017_parsec_gpu_lfq_spotrf_n24000_b1000_rep2 (t=8 g=1)
[22:40:40] 0018_parsec_gpu_lfq_spotrf_n24000_b1000_rep3 (t=8 g=1)
[22:40:42] 0019_parsec_gpu_lfq_sgeqrf_n8000_b1000_rep1 (t=8 g=1)
[22:40:43] 0020_parsec_gpu_lfq_sgeqrf_n8000_b1000_rep2 (t=8 g=1)
[22:40:43] 0021_parsec_gpu_lfq_sgeqrf_n8000_b1000_rep3 (t=8 g=1)
[22:40:44] 0022_parsec_gpu_lfq_sgeqrf_n16000_b1000_rep1 (t=8 g=1)
[22:40:46] 0023_parsec_gpu_lfq_sgeqrf_n16000_b1000_rep2 (t=8 g=1)
[22:40:49] 0024_parsec_gpu_lfq_sgeqrf_n16000_b1000_rep3 (t=8 g=1)
[22:40:51] 0025_parsec_gpu_lfq_sgeqrf_n24000_b1000_rep1 (t=8 g=1)
[22:40:57] 0026_parsec_gpu_lfq_sgeqrf_n24000_b1000_rep2 (t=8 g=1)
[22:41:04] 0027_parsec_gpu_lfq_sgeqrf_n24000_b1000_rep3 (t=8 g=1)
/scratch/matregnago//intro_hpc/results/chameleon-cuda-vscpu_791531 -> /home/users/matregnago/intro_hpc/data/chameleon-cuda-vscpu_791531
