===============================================================
Date        : Mon Jun 15 09:32:19 AM -03 2026
SubmitHost  : poti4
SubmitDir   : /home/users/matregnago/intro_hpc
JobID       : 795377
Node(s)     : poti4
===============================================================

########## fase e1_tile (trace=0) ##########
>>> e1_tile: nix develop .#starpu-cuda -> gpu_doe_sweep.sh starpu
[09:33:00] calibrate starpu/dgeqrf n=19200 b=480 (pass 1/2) ...
[09:33:17] calibrate starpu/dgeqrf n=19200 b=480 (pass 2/2) ...
[09:33:31] calibrate starpu/spotrf n=19200 b=480 (pass 1/2) ...
[09:33:32] calibrate starpu/spotrf n=19200 b=480 (pass 2/2) ...
[09:33:33] calibrate starpu/dpotrf n=19200 b=1440 (pass 1/2) ...
[09:33:36] calibrate starpu/dpotrf n=19200 b=1440 (pass 2/2) ...
[09:33:40] calibrate starpu/dpotrf n=19200 b=1920 (pass 1/2) ...
[09:33:44] calibrate starpu/dpotrf n=19200 b=1920 (pass 2/2) ...
[09:33:48] calibrate starpu/dpotrf n=19200 b=960 (pass 1/2) ...
[09:33:51] calibrate starpu/dpotrf n=19200 b=960 (pass 2/2) ...
[09:33:54] calibrate starpu/sgeqrf n=19200 b=720 (pass 1/2) ...
[09:33:59] calibrate starpu/sgeqrf n=19200 b=720 (pass 2/2) ...
[09:34:03] calibrate starpu/spotrf n=19200 b=960 (pass 1/2) ...
[09:34:04] calibrate starpu/spotrf n=19200 b=960 (pass 2/2) ...
[09:34:05] calibrate starpu/sgeqrf n=19200 b=1440 (pass 1/2) ...
[09:34:08] calibrate starpu/sgeqrf n=19200 b=1440 (pass 2/2) ...
[09:34:11] calibrate starpu/spotrf n=19200 b=720 (pass 1/2) ...
[09:34:12] calibrate starpu/spotrf n=19200 b=720 (pass 2/2) ...
[09:34:13] calibrate starpu/sgeqrf n=19200 b=1920 (pass 1/2) ...
[09:34:18] calibrate starpu/sgeqrf n=19200 b=1920 (pass 2/2) ...
[09:34:21] calibrate starpu/dpotrf n=19200 b=480 (pass 1/2) ...
[09:34:24] calibrate starpu/dpotrf n=19200 b=480 (pass 2/2) ...
[09:34:27] calibrate starpu/dgeqrf n=19200 b=1920 (pass 1/2) ...
[09:34:47] calibrate starpu/dgeqrf n=19200 b=1920 (pass 2/2) ...
[09:35:07] calibrate starpu/dgeqrf n=19200 b=960 (pass 1/2) ...
[09:35:24] calibrate starpu/dgeqrf n=19200 b=960 (pass 2/2) ...
[09:35:43] calibrate starpu/sgeqrf n=19200 b=480 (pass 1/2) ...
[09:35:48] calibrate starpu/sgeqrf n=19200 b=480 (pass 2/2) ...
[09:35:53] calibrate starpu/dpotrf n=19200 b=720 (pass 1/2) ...
[09:35:56] calibrate starpu/dpotrf n=19200 b=720 (pass 2/2) ...
[09:36:00] calibrate starpu/spotrf n=19200 b=1920 (pass 1/2) ...
[09:36:01] calibrate starpu/spotrf n=19200 b=1920 (pass 2/2) ...
[09:36:02] calibrate starpu/dgeqrf n=19200 b=720 (pass 1/2) ...
[09:36:17] calibrate starpu/dgeqrf n=19200 b=720 (pass 2/2) ...
[09:36:33] calibrate starpu/sgeqrf n=19200 b=960 (pass 1/2) ...
[09:36:37] calibrate starpu/sgeqrf n=19200 b=960 (pass 2/2) ...
[09:36:40] calibrate starpu/dgeqrf n=19200 b=1440 (pass 1/2) ...
[09:36:57] calibrate starpu/dgeqrf n=19200 b=1440 (pass 2/2) ...
[09:37:14] calibrate starpu/spotrf n=19200 b=1440 (pass 1/2) ...
[09:37:15] calibrate starpu/spotrf n=19200 b=1440 (pass 2/2) ...
[09:37:16] 0001_starpu_dmda_dgeqrf_n19200_b480_rep1 (t=16 g=1 trace=0)
[09:37:30] 0003_starpu_dmda_spotrf_n19200_b480_rep1 (t=16 g=1 trace=0)
[09:37:31] 0006_starpu_dmda_dpotrf_n19200_b1440_rep1 (t=16 g=1 trace=0)
[09:37:35] 0007_starpu_dmda_dpotrf_n19200_b1920_rep1 (t=16 g=1 trace=0)
[09:37:39] 0011_starpu_dmda_dpotrf_n19200_b960_rep1 (t=16 g=1 trace=0)
[09:37:42] 0015_starpu_dmda_sgeqrf_n19200_b720_rep1 (t=16 g=1 trace=0)
[09:37:46] 0016_starpu_dmda_spotrf_n19200_b960_rep1 (t=16 g=1 trace=0)
[09:37:47] 0017_starpu_dmda_sgeqrf_n19200_b1440_rep1 (t=16 g=1 trace=0)
[09:37:49] 0019_starpu_dmda_spotrf_n19200_b720_rep1 (t=16 g=1 trace=0)
[09:37:50] 0023_starpu_dmda_sgeqrf_n19200_b1920_rep1 (t=16 g=1 trace=0)
[09:37:54] 0024_starpu_dmda_dpotrf_n19200_b480_rep1 (t=16 g=1 trace=0)
[09:37:57] 0026_starpu_dmda_dgeqrf_n19200_b1920_rep1 (t=16 g=1 trace=0)
[09:38:17] 0028_starpu_dmda_dgeqrf_n19200_b960_rep1 (t=16 g=1 trace=0)
[09:38:34] 0031_starpu_dmda_sgeqrf_n19200_b480_rep1 (t=16 g=1 trace=0)
[09:38:39] 0032_starpu_dmda_dpotrf_n19200_b720_rep1 (t=16 g=1 trace=0)
[09:38:42] 0033_starpu_dmda_spotrf_n19200_b1920_rep1 (t=16 g=1 trace=0)
[09:38:43] 0034_starpu_dmda_dgeqrf_n19200_b720_rep1 (t=16 g=1 trace=0)
[09:38:59] 0036_starpu_dmda_sgeqrf_n19200_b960_rep1 (t=16 g=1 trace=0)
[09:39:02] 0039_starpu_dmda_dgeqrf_n19200_b1440_rep1 (t=16 g=1 trace=0)
[09:39:19] 0040_starpu_dmda_spotrf_n19200_b1440_rep1 (t=16 g=1 trace=0)
[09:39:20] 0042_starpu_dmda_dpotrf_n19200_b720_rep2 (t=16 g=1 trace=0)
[09:39:23] 0048_starpu_dmda_dpotrf_n19200_b1440_rep2 (t=16 g=1 trace=0)
[09:39:27] 0049_starpu_dmda_dpotrf_n19200_b480_rep2 (t=16 g=1 trace=0)
[09:39:30] 0050_starpu_dmda_spotrf_n19200_b1440_rep2 (t=16 g=1 trace=0)
[09:39:31] 0051_starpu_dmda_dpotrf_n19200_b1920_rep2 (t=16 g=1 trace=0)
[09:39:35] 0055_starpu_dmda_spotrf_n19200_b480_rep2 (t=16 g=1 trace=0)
[09:39:36] 0056_starpu_dmda_sgeqrf_n19200_b1920_rep2 (t=16 g=1 trace=0)
[09:39:39] 0058_starpu_dmda_dgeqrf_n19200_b720_rep2 (t=16 g=1 trace=0)
[09:39:55] 0060_starpu_dmda_dgeqrf_n19200_b960_rep2 (t=16 g=1 trace=0)
[09:40:12] 0063_starpu_dmda_sgeqrf_n19200_b720_rep2 (t=16 g=1 trace=0)
[09:40:16] 0064_starpu_dmda_sgeqrf_n19200_b960_rep2 (t=16 g=1 trace=0)
[09:40:19] 0066_starpu_dmda_dgeqrf_n19200_b480_rep2 (t=16 g=1 trace=0)
[09:40:33] 0069_starpu_dmda_spotrf_n19200_b960_rep2 (t=16 g=1 trace=0)
[09:40:34] 0072_starpu_dmda_sgeqrf_n19200_b1440_rep2 (t=16 g=1 trace=0)
[09:40:37] 0073_starpu_dmda_dpotrf_n19200_b960_rep2 (t=16 g=1 trace=0)
[09:40:40] 0074_starpu_dmda_spotrf_n19200_b720_rep2 (t=16 g=1 trace=0)
[09:40:41] 0076_starpu_dmda_spotrf_n19200_b1920_rep2 (t=16 g=1 trace=0)
[09:40:42] 0078_starpu_dmda_dgeqrf_n19200_b1440_rep2 (t=16 g=1 trace=0)
[09:40:58] 0079_starpu_dmda_dgeqrf_n19200_b1920_rep2 (t=16 g=1 trace=0)
[09:41:18] 0080_starpu_dmda_sgeqrf_n19200_b480_rep2 (t=16 g=1 trace=0)
[09:41:24] 0084_starpu_dmda_spotrf_n19200_b1920_rep3 (t=16 g=1 trace=0)
[09:41:25] 0085_starpu_dmda_spotrf_n19200_b960_rep3 (t=16 g=1 trace=0)
[09:41:26] 0087_starpu_dmda_sgeqrf_n19200_b1920_rep3 (t=16 g=1 trace=0)
[09:41:29] 0089_starpu_dmda_dgeqrf_n19200_b1440_rep3 (t=16 g=1 trace=0)
[09:41:46] 0090_starpu_dmda_sgeqrf_n19200_b960_rep3 (t=16 g=1 trace=0)
[09:41:49] 0092_starpu_dmda_dpotrf_n19200_b960_rep3 (t=16 g=1 trace=0)
[09:41:52] 0093_starpu_dmda_sgeqrf_n19200_b720_rep3 (t=16 g=1 trace=0)
[09:41:56] 0095_starpu_dmda_dpotrf_n19200_b480_rep3 (t=16 g=1 trace=0)
[09:41:59] 0097_starpu_dmda_spotrf_n19200_b480_rep3 (t=16 g=1 trace=0)
[09:42:00] 0099_starpu_dmda_sgeqrf_n19200_b1440_rep3 (t=16 g=1 trace=0)
[09:42:03] 0102_starpu_dmda_dgeqrf_n19200_b960_rep3 (t=16 g=1 trace=0)
[09:42:20] 0104_starpu_dmda_dgeqrf_n19200_b720_rep3 (t=16 g=1 trace=0)
[09:42:36] 0106_starpu_dmda_sgeqrf_n19200_b480_rep3 (t=16 g=1 trace=0)
[09:42:41] 0110_starpu_dmda_dgeqrf_n19200_b1920_rep3 (t=16 g=1 trace=0)
[09:43:00] 0111_starpu_dmda_dpotrf_n19200_b720_rep3 (t=16 g=1 trace=0)
[09:43:04] 0112_starpu_dmda_dpotrf_n19200_b1440_rep3 (t=16 g=1 trace=0)
[09:43:07] 0113_starpu_dmda_dgeqrf_n19200_b480_rep3 (t=16 g=1 trace=0)
[09:43:21] 0116_starpu_dmda_spotrf_n19200_b720_rep3 (t=16 g=1 trace=0)
[09:43:22] 0119_starpu_dmda_dpotrf_n19200_b1920_rep3 (t=16 g=1 trace=0)
[09:43:26] 0120_starpu_dmda_spotrf_n19200_b1440_rep3 (t=16 g=1 trace=0)
[09:43:27] 0123_starpu_dmda_sgeqrf_n19200_b720_rep4 (t=16 g=1 trace=0)
[09:43:31] 0127_starpu_dmda_dgeqrf_n19200_b1920_rep4 (t=16 g=1 trace=0)
[09:43:50] 0129_starpu_dmda_sgeqrf_n19200_b1920_rep4 (t=16 g=1 trace=0)
[09:43:53] 0131_starpu_dmda_dgeqrf_n19200_b1440_rep4 (t=16 g=1 trace=0)
[09:44:10] 0133_starpu_dmda_dgeqrf_n19200_b480_rep4 (t=16 g=1 trace=0)
[09:44:24] 0134_starpu_dmda_dpotrf_n19200_b480_rep4 (t=16 g=1 trace=0)
[09:44:27] 0136_starpu_dmda_spotrf_n19200_b480_rep4 (t=16 g=1 trace=0)
[09:44:28] 0137_starpu_dmda_dgeqrf_n19200_b960_rep4 (t=16 g=1 trace=0)
[09:44:46] 0139_starpu_dmda_spotrf_n19200_b960_rep4 (t=16 g=1 trace=0)
[09:44:46] 0140_starpu_dmda_spotrf_n19200_b1440_rep4 (t=16 g=1 trace=0)
[09:44:47] 0143_starpu_dmda_spotrf_n19200_b1920_rep4 (t=16 g=1 trace=0)
[09:44:48] 0145_starpu_dmda_sgeqrf_n19200_b960_rep4 (t=16 g=1 trace=0)
[09:44:51] 0146_starpu_dmda_sgeqrf_n19200_b1440_rep4 (t=16 g=1 trace=0)
[09:44:54] 0147_starpu_dmda_sgeqrf_n19200_b480_rep4 (t=16 g=1 trace=0)
[09:44:59] 0148_starpu_dmda_dpotrf_n19200_b1440_rep4 (t=16 g=1 trace=0)
[09:45:03] 0151_starpu_dmda_dgeqrf_n19200_b720_rep4 (t=16 g=1 trace=0)
[09:45:18] 0153_starpu_dmda_dpotrf_n19200_b1920_rep4 (t=16 g=1 trace=0)
[09:45:23] 0155_starpu_dmda_dpotrf_n19200_b960_rep4 (t=16 g=1 trace=0)
[09:45:26] 0156_starpu_dmda_dpotrf_n19200_b720_rep4 (t=16 g=1 trace=0)
[09:45:29] 0160_starpu_dmda_spotrf_n19200_b720_rep4 (t=16 g=1 trace=0)
[09:45:30] 0166_starpu_dmda_dgeqrf_n19200_b960_rep5 (t=16 g=1 trace=0)
[09:45:48] 0167_starpu_dmda_dpotrf_n19200_b1440_rep5 (t=16 g=1 trace=0)
[09:45:51] 0168_starpu_dmda_dgeqrf_n19200_b1440_rep5 (t=16 g=1 trace=0)
[09:46:09] 0169_starpu_dmda_sgeqrf_n19200_b1440_rep5 (t=16 g=1 trace=0)
[09:46:11] 0170_starpu_dmda_dpotrf_n19200_b480_rep5 (t=16 g=1 trace=0)
[09:46:15] 0171_starpu_dmda_spotrf_n19200_b480_rep5 (t=16 g=1 trace=0)
[09:46:15] 0172_starpu_dmda_sgeqrf_n19200_b480_rep5 (t=16 g=1 trace=0)
[09:46:21] 0174_starpu_dmda_spotrf_n19200_b960_rep5 (t=16 g=1 trace=0)
[09:46:21] 0175_starpu_dmda_dpotrf_n19200_b720_rep5 (t=16 g=1 trace=0)
[09:46:25] 0176_starpu_dmda_spotrf_n19200_b1920_rep5 (t=16 g=1 trace=0)
[09:46:25] 0177_starpu_dmda_dgeqrf_n19200_b1920_rep5 (t=16 g=1 trace=0)
[09:46:44] 0178_starpu_dmda_spotrf_n19200_b720_rep5 (t=16 g=1 trace=0)
[09:46:45] 0181_starpu_dmda_dgeqrf_n19200_b720_rep5 (t=16 g=1 trace=0)
[09:47:01] 0182_starpu_dmda_dgeqrf_n19200_b480_rep5 (t=16 g=1 trace=0)
[09:47:15] 0185_starpu_dmda_spotrf_n19200_b1440_rep5 (t=16 g=1 trace=0)
[09:47:16] 0189_starpu_dmda_sgeqrf_n19200_b1920_rep5 (t=16 g=1 trace=0)
[09:47:19] 0190_starpu_dmda_dpotrf_n19200_b960_rep5 (t=16 g=1 trace=0)
[09:47:22] 0191_starpu_dmda_sgeqrf_n19200_b960_rep5 (t=16 g=1 trace=0)
[09:47:25] 0192_starpu_dmda_dpotrf_n19200_b1920_rep5 (t=16 g=1 trace=0)
[09:47:30] 0195_starpu_dmda_sgeqrf_n19200_b720_rep5 (t=16 g=1 trace=0)
>>> e1_tile: nix develop .#parsec -> gpu_doe_sweep.sh parsec
[09:48:11] 0002_parsec_lfq_sgeqrf_n19200_b1920_rep1 (t=16 g=1 trace=0)
[09:48:17] 0004_parsec_lfq_dpotrf_n19200_b1440_rep1 (t=16 g=1 trace=0)
[09:48:18] 0005_parsec_lfq_sgeqrf_n19200_b480_rep1 (t=16 g=1 trace=0)
[09:48:27] 0008_parsec_lfq_spotrf_n19200_b1440_rep1 (t=16 g=1 trace=0)
[09:48:28] 0009_parsec_lfq_spotrf_n19200_b480_rep1 (t=16 g=1 trace=0)
[09:48:29] 0010_parsec_lfq_dgeqrf_n19200_b960_rep1 (t=16 g=1 trace=0)
[09:48:55] 0012_parsec_lfq_dpotrf_n19200_b480_rep1 (t=16 g=1 trace=0)
[09:48:58] 0013_parsec_lfq_sgeqrf_n19200_b1440_rep1 (t=16 g=1 trace=0)
[09:48:58] 0014_parsec_lfq_dpotrf_n19200_b960_rep1 (t=16 g=1 trace=0)
[09:49:02] 0018_parsec_lfq_sgeqrf_n19200_b960_rep1 (t=16 g=1 trace=0)
[09:49:06] 0020_parsec_lfq_spotrf_n19200_b720_rep1 (t=16 g=1 trace=0)
[09:49:06] 0021_parsec_lfq_dgeqrf_n19200_b720_rep1 (t=16 g=1 trace=0)
[09:49:14] 0022_parsec_lfq_spotrf_n19200_b960_rep1 (t=16 g=1 trace=0)
[09:49:15] 0025_parsec_lfq_sgeqrf_n19200_b720_rep1 (t=16 g=1 trace=0)
[09:49:16] 0027_parsec_lfq_dgeqrf_n19200_b1440_rep1 (t=16 g=1 trace=0)
[09:49:17] 0029_parsec_lfq_dpotrf_n19200_b1920_rep1 (t=16 g=1 trace=0)
[09:49:21] 0030_parsec_lfq_dgeqrf_n19200_b1920_rep1 (t=16 g=1 trace=0)
[09:49:49] 0035_parsec_lfq_dgeqrf_n19200_b480_rep1 (t=16 g=1 trace=0)
[09:50:17] 0037_parsec_lfq_spotrf_n19200_b1920_rep1 (t=16 g=1 trace=0)
[09:50:19] 0038_parsec_lfq_dpotrf_n19200_b720_rep1 (t=16 g=1 trace=0)
[09:50:22] 0041_parsec_lfq_sgeqrf_n19200_b480_rep2 (t=16 g=1 trace=0)
[09:50:32] 0043_parsec_lfq_spotrf_n19200_b720_rep2 (t=16 g=1 trace=0)
[09:50:33] 0044_parsec_lfq_sgeqrf_n19200_b1920_rep2 (t=16 g=1 trace=0)
[09:50:38] 0045_parsec_lfq_spotrf_n19200_b1920_rep2 (t=16 g=1 trace=0)
[09:50:39] 0046_parsec_lfq_dgeqrf_n19200_b480_rep2 (t=16 g=1 trace=0)
[09:51:08] 0047_parsec_lfq_dgeqrf_n19200_b960_rep2 (t=16 g=1 trace=0)
[09:51:34] 0052_parsec_lfq_dpotrf_n19200_b480_rep2 (t=16 g=1 trace=0)
[09:51:37] 0053_parsec_lfq_spotrf_n19200_b1440_rep2 (t=16 g=1 trace=0)
[09:51:37] 0054_parsec_lfq_dgeqrf_n19200_b1440_rep2 (t=16 g=1 trace=0)
[09:51:39] 0057_parsec_lfq_dpotrf_n19200_b1920_rep2 (t=16 g=1 trace=0)
[09:51:44] 0059_parsec_lfq_sgeqrf_n19200_b720_rep2 (t=16 g=1 trace=0)
[09:51:44] 0061_parsec_lfq_spotrf_n19200_b960_rep2 (t=16 g=1 trace=0)
[09:51:45] 0062_parsec_lfq_dgeqrf_n19200_b1920_rep2 (t=16 g=1 trace=0)
[09:52:14] 0065_parsec_lfq_dpotrf_n19200_b720_rep2 (t=16 g=1 trace=0)
[09:52:17] 0067_parsec_lfq_sgeqrf_n19200_b960_rep2 (t=16 g=1 trace=0)
[09:52:22] 0068_parsec_lfq_sgeqrf_n19200_b1440_rep2 (t=16 g=1 trace=0)
[09:52:22] 0070_parsec_lfq_spotrf_n19200_b480_rep2 (t=16 g=1 trace=0)
[09:52:24] 0071_parsec_lfq_dpotrf_n19200_b960_rep2 (t=16 g=1 trace=0)
[09:52:27] 0075_parsec_lfq_dgeqrf_n19200_b720_rep2 (t=16 g=1 trace=0)
[09:52:33] 0077_parsec_lfq_dpotrf_n19200_b1440_rep2 (t=16 g=1 trace=0)
[09:52:34] 0081_parsec_lfq_spotrf_n19200_b1440_rep3 (t=16 g=1 trace=0)
[09:52:35] 0082_parsec_lfq_spotrf_n19200_b480_rep3 (t=16 g=1 trace=0)
[09:52:37] 0083_parsec_lfq_sgeqrf_n19200_b960_rep3 (t=16 g=1 trace=0)
[09:52:41] 0086_parsec_lfq_sgeqrf_n19200_b480_rep3 (t=16 g=1 trace=0)
[09:52:56] 0088_parsec_lfq_dpotrf_n19200_b720_rep3 (t=16 g=1 trace=0)
[09:52:58] 0091_parsec_lfq_dpotrf_n19200_b960_rep3 (t=16 g=1 trace=0)
[09:53:01] 0094_parsec_lfq_dpotrf_n19200_b1440_rep3 (t=16 g=1 trace=0)
[09:53:02] 0096_parsec_lfq_spotrf_n19200_b960_rep3 (t=16 g=1 trace=0)
[09:53:03] 0098_parsec_lfq_dpotrf_n19200_b1920_rep3 (t=16 g=1 trace=0)
[09:53:08] 0100_parsec_lfq_spotrf_n19200_b720_rep3 (t=16 g=1 trace=0)
[09:53:08] 0101_parsec_lfq_dgeqrf_n19200_b960_rep3 (t=16 g=1 trace=0)
[09:53:35] 0103_parsec_lfq_dgeqrf_n19200_b720_rep3 (t=16 g=1 trace=0)
[09:53:41] 0105_parsec_lfq_dgeqrf_n19200_b480_rep3 (t=16 g=1 trace=0)
[09:54:10] 0107_parsec_lfq_sgeqrf_n19200_b1920_rep3 (t=16 g=1 trace=0)
[09:54:15] 0108_parsec_lfq_dpotrf_n19200_b480_rep3 (t=16 g=1 trace=0)
[09:54:18] 0109_parsec_lfq_sgeqrf_n19200_b1440_rep3 (t=16 g=1 trace=0)
[09:54:19] 0114_parsec_lfq_spotrf_n19200_b1920_rep3 (t=16 g=1 trace=0)
[09:54:20] 0115_parsec_lfq_sgeqrf_n19200_b720_rep3 (t=16 g=1 trace=0)
[09:54:21] 0117_parsec_lfq_dgeqrf_n19200_b1440_rep3 (t=16 g=1 trace=0)
[09:54:22] 0118_parsec_lfq_dgeqrf_n19200_b1920_rep3 (t=16 g=1 trace=0)
[09:54:50] 0121_parsec_lfq_dpotrf_n19200_b480_rep4 (t=16 g=1 trace=0)
[09:54:53] 0122_parsec_lfq_sgeqrf_n19200_b1440_rep4 (t=16 g=1 trace=0)
[09:54:53] 0124_parsec_lfq_sgeqrf_n19200_b1920_rep4 (t=16 g=1 trace=0)
[09:54:59] 0125_parsec_lfq_sgeqrf_n19200_b720_rep4 (t=16 g=1 trace=0)
[09:55:01] 0126_parsec_lfq_dpotrf_n19200_b1920_rep4 (t=16 g=1 trace=0)
[09:55:05] 0128_parsec_lfq_dgeqrf_n19200_b480_rep4 (t=16 g=1 trace=0)
[09:55:33] 0130_parsec_lfq_spotrf_n19200_b480_rep4 (t=16 g=1 trace=0)
[09:55:35] 0132_parsec_lfq_dgeqrf_n19200_b960_rep4 (t=16 g=1 trace=0)
[09:56:00] 0135_parsec_lfq_dpotrf_n19200_b960_rep4 (t=16 g=1 trace=0)
[09:56:04] 0138_parsec_lfq_spotrf_n19200_b1920_rep4 (t=16 g=1 trace=0)
[09:56:05] 0141_parsec_lfq_dgeqrf_n19200_b1440_rep4 (t=16 g=1 trace=0)
[09:56:05] 0142_parsec_lfq_dpotrf_n19200_b1440_rep4 (t=16 g=1 trace=0)
[09:56:06] 0144_parsec_lfq_spotrf_n19200_b960_rep4 (t=16 g=1 trace=0)
[09:56:07] 0149_parsec_lfq_sgeqrf_n19200_b960_rep4 (t=16 g=1 trace=0)
[09:56:11] 0150_parsec_lfq_dpotrf_n19200_b720_rep4 (t=16 g=1 trace=0)
[09:56:12] 0152_parsec_lfq_dgeqrf_n19200_b1920_rep4 (t=16 g=1 trace=0)
[09:56:41] 0154_parsec_lfq_dgeqrf_n19200_b720_rep4 (t=16 g=1 trace=0)
[09:56:41] 0157_parsec_lfq_spotrf_n19200_b1440_rep4 (t=16 g=1 trace=0)
[09:56:42] 0158_parsec_lfq_spotrf_n19200_b720_rep4 (t=16 g=1 trace=0)
[09:56:42] 0159_parsec_lfq_sgeqrf_n19200_b480_rep4 (t=16 g=1 trace=0)
[09:56:52] 0161_parsec_lfq_spotrf_n19200_b1920_rep5 (t=16 g=1 trace=0)
[09:56:53] 0162_parsec_lfq_sgeqrf_n19200_b1920_rep5 (t=16 g=1 trace=0)
[09:56:58] 0163_parsec_lfq_sgeqrf_n19200_b960_rep5 (t=16 g=1 trace=0)
[09:57:02] 0164_parsec_lfq_dgeqrf_n19200_b1920_rep5 (t=16 g=1 trace=0)
[09:57:32] 0165_parsec_lfq_spotrf_n19200_b960_rep5 (t=16 g=1 trace=0)
[09:57:34] 0173_parsec_lfq_dgeqrf_n19200_b480_rep5 (t=16 g=1 trace=0)
[09:58:02] 0179_parsec_lfq_sgeqrf_n19200_b720_rep5 (t=16 g=1 trace=0)
[09:58:05] 0180_parsec_lfq_sgeqrf_n19200_b1440_rep5 (t=16 g=1 trace=0)
[09:58:05] 0183_parsec_lfq_spotrf_n19200_b720_rep5 (t=16 g=1 trace=0)
[09:58:06] 0184_parsec_lfq_dpotrf_n19200_b480_rep5 (t=16 g=1 trace=0)
[09:58:09] 0186_parsec_lfq_sgeqrf_n19200_b480_rep5 (t=16 g=1 trace=0)
[09:58:18] 0187_parsec_lfq_dpotrf_n19200_b960_rep5 (t=16 g=1 trace=0)
[09:58:22] 0188_parsec_lfq_dgeqrf_n19200_b960_rep5 (t=16 g=1 trace=0)
[09:58:48] 0193_parsec_lfq_dgeqrf_n19200_b720_rep5 (t=16 g=1 trace=0)
[09:58:59] 0194_parsec_lfq_spotrf_n19200_b1440_rep5 (t=16 g=1 trace=0)
[09:59:00] 0196_parsec_lfq_dpotrf_n19200_b1920_rep5 (t=16 g=1 trace=0)
[09:59:05] 0197_parsec_lfq_spotrf_n19200_b480_rep5 (t=16 g=1 trace=0)
[09:59:06] 0198_parsec_lfq_dpotrf_n19200_b720_rep5 (t=16 g=1 trace=0)
[09:59:07] 0199_parsec_lfq_dgeqrf_n19200_b1440_rep5 (t=16 g=1 trace=0)
[09:59:08] 0200_parsec_lfq_dpotrf_n19200_b1440_rep5 (t=16 g=1 trace=0)

########## fase e2_sched (trace=0) ##########
>>> e2_sched: nix develop .#starpu-cuda -> gpu_doe_sweep.sh starpu
[09:59:11] calibrate starpu/dgeqrf n=19200 b=960 (pass 1/2) ...
[09:59:29] calibrate starpu/dgeqrf n=19200 b=960 (pass 2/2) ...
[09:59:46] calibrate starpu/sgeqrf n=19200 b=960 (pass 1/2) ...
[09:59:49] calibrate starpu/sgeqrf n=19200 b=960 (pass 2/2) ...
[09:59:52] calibrate starpu/spotrf n=19200 b=960 (pass 1/2) ...
[09:59:53] calibrate starpu/spotrf n=19200 b=960 (pass 2/2) ...
[09:59:54] calibrate starpu/dpotrf n=19200 b=960 (pass 1/2) ...
[09:59:57] calibrate starpu/dpotrf n=19200 b=960 (pass 2/2) ...
[10:00:00] 0002_starpu_dmda_dgeqrf_n19200_b960_rep1 (t=16 g=1 trace=0)
[10:00:17] 0003_starpu_dmdas_sgeqrf_n19200_b960_rep1 (t=16 g=1 trace=0)
[10:00:21] 0004_starpu_dmda_spotrf_n19200_b960_rep1 (t=16 g=1 trace=0)
[10:00:21] 0005_starpu_dmda_dpotrf_n19200_b960_rep1 (t=16 g=1 trace=0)
[10:00:25] 0008_starpu_dmda_sgeqrf_n19200_b960_rep1 (t=16 g=1 trace=0)
[10:00:28] 0010_starpu_dmdas_spotrf_n19200_b960_rep1 (t=16 g=1 trace=0)
[10:00:28] 0013_starpu_dmdas_dpotrf_n19200_b960_rep1 (t=16 g=1 trace=0)
[10:00:31] 0016_starpu_dmdas_dgeqrf_n19200_b960_rep1 (t=16 g=1 trace=0)
[10:00:49] 0019_starpu_dmdas_spotrf_n19200_b960_rep2 (t=16 g=1 trace=0)
[10:00:50] 0025_starpu_dmda_dpotrf_n19200_b960_rep2 (t=16 g=1 trace=0)
[10:00:53] 0026_starpu_dmdas_dgeqrf_n19200_b960_rep2 (t=16 g=1 trace=0)
[10:01:11] 0027_starpu_dmdas_dpotrf_n19200_b960_rep2 (t=16 g=1 trace=0)
[10:01:14] 0028_starpu_dmda_spotrf_n19200_b960_rep2 (t=16 g=1 trace=0)
[10:01:14] 0029_starpu_dmda_dgeqrf_n19200_b960_rep2 (t=16 g=1 trace=0)
[10:01:32] 0030_starpu_dmda_sgeqrf_n19200_b960_rep2 (t=16 g=1 trace=0)
[10:01:35] 0032_starpu_dmdas_sgeqrf_n19200_b960_rep2 (t=16 g=1 trace=0)
[10:01:38] 0033_starpu_dmda_sgeqrf_n19200_b960_rep3 (t=16 g=1 trace=0)
[10:01:41] 0034_starpu_dmdas_dpotrf_n19200_b960_rep3 (t=16 g=1 trace=0)
[10:01:44] 0038_starpu_dmda_dgeqrf_n19200_b960_rep3 (t=16 g=1 trace=0)
[10:02:02] 0041_starpu_dmdas_sgeqrf_n19200_b960_rep3 (t=16 g=1 trace=0)
[10:02:05] 0043_starpu_dmda_spotrf_n19200_b960_rep3 (t=16 g=1 trace=0)
[10:02:05] 0045_starpu_dmdas_dgeqrf_n19200_b960_rep3 (t=16 g=1 trace=0)
[10:02:23] 0047_starpu_dmda_dpotrf_n19200_b960_rep3 (t=16 g=1 trace=0)
[10:02:27] 0048_starpu_dmdas_spotrf_n19200_b960_rep3 (t=16 g=1 trace=0)
[10:02:27] 0050_starpu_dmdas_sgeqrf_n19200_b960_rep4 (t=16 g=1 trace=0)
[10:02:30] 0051_starpu_dmda_sgeqrf_n19200_b960_rep4 (t=16 g=1 trace=0)
[10:02:33] 0053_starpu_dmdas_dpotrf_n19200_b960_rep4 (t=16 g=1 trace=0)
[10:02:36] 0054_starpu_dmdas_dgeqrf_n19200_b960_rep4 (t=16 g=1 trace=0)
[10:02:54] 0055_starpu_dmda_dpotrf_n19200_b960_rep4 (t=16 g=1 trace=0)
[10:02:57] 0060_starpu_dmda_spotrf_n19200_b960_rep4 (t=16 g=1 trace=0)
[10:02:58] 0062_starpu_dmda_dgeqrf_n19200_b960_rep4 (t=16 g=1 trace=0)
[10:03:15] 0064_starpu_dmdas_spotrf_n19200_b960_rep4 (t=16 g=1 trace=0)
[10:03:16] 0065_starpu_dmdas_sgeqrf_n19200_b960_rep5 (t=16 g=1 trace=0)
[10:03:19] 0068_starpu_dmdas_dpotrf_n19200_b960_rep5 (t=16 g=1 trace=0)
[10:03:22] 0069_starpu_dmdas_dgeqrf_n19200_b960_rep5 (t=16 g=1 trace=0)
[10:03:40] 0071_starpu_dmda_spotrf_n19200_b960_rep5 (t=16 g=1 trace=0)
[10:03:41] 0072_starpu_dmda_dgeqrf_n19200_b960_rep5 (t=16 g=1 trace=0)
[10:03:58] 0073_starpu_dmdas_spotrf_n19200_b960_rep5 (t=16 g=1 trace=0)
[10:03:59] 0077_starpu_dmda_sgeqrf_n19200_b960_rep5 (t=16 g=1 trace=0)
[10:04:02] 0080_starpu_dmda_dpotrf_n19200_b960_rep5 (t=16 g=1 trace=0)
[10:04:05] 0081_starpu_dmdas_dpotrf_n19200_b960_rep6 (t=16 g=1 trace=0)
[10:04:08] 0085_starpu_dmda_spotrf_n19200_b960_rep6 (t=16 g=1 trace=0)
[10:04:09] 0086_starpu_dmdas_spotrf_n19200_b960_rep6 (t=16 g=1 trace=0)
[10:04:10] 0090_starpu_dmdas_sgeqrf_n19200_b960_rep6 (t=16 g=1 trace=0)
[10:04:13] 0091_starpu_dmda_sgeqrf_n19200_b960_rep6 (t=16 g=1 trace=0)
[10:04:15] 0092_starpu_dmda_dpotrf_n19200_b960_rep6 (t=16 g=1 trace=0)
[10:04:19] 0095_starpu_dmda_dgeqrf_n19200_b960_rep6 (t=16 g=1 trace=0)
[10:04:36] 0096_starpu_dmdas_dgeqrf_n19200_b960_rep6 (t=16 g=1 trace=0)
[10:04:54] 0099_starpu_dmdas_sgeqrf_n19200_b960_rep7 (t=16 g=1 trace=0)
[10:04:57] 0101_starpu_dmda_sgeqrf_n19200_b960_rep7 (t=16 g=1 trace=0)
[10:05:00] 0102_starpu_dmda_dpotrf_n19200_b960_rep7 (t=16 g=1 trace=0)
[10:05:03] 0104_starpu_dmda_spotrf_n19200_b960_rep7 (t=16 g=1 trace=0)
[10:05:04] 0106_starpu_dmdas_dgeqrf_n19200_b960_rep7 (t=16 g=1 trace=0)
[10:05:22] 0108_starpu_dmdas_dpotrf_n19200_b960_rep7 (t=16 g=1 trace=0)
[10:05:25] 0110_starpu_dmdas_spotrf_n19200_b960_rep7 (t=16 g=1 trace=0)
[10:05:26] 0112_starpu_dmda_dgeqrf_n19200_b960_rep7 (t=16 g=1 trace=0)
[10:05:44] 0115_starpu_dmdas_sgeqrf_n19200_b960_rep8 (t=16 g=1 trace=0)
[10:05:47] 0116_starpu_dmdas_dgeqrf_n19200_b960_rep8 (t=16 g=1 trace=0)
[10:06:04] 0117_starpu_dmdas_spotrf_n19200_b960_rep8 (t=16 g=1 trace=0)
[10:06:05] 0118_starpu_dmdas_dpotrf_n19200_b960_rep8 (t=16 g=1 trace=0)
[10:06:08] 0120_starpu_dmda_spotrf_n19200_b960_rep8 (t=16 g=1 trace=0)
[10:06:09] 0121_starpu_dmda_sgeqrf_n19200_b960_rep8 (t=16 g=1 trace=0)
[10:06:12] 0122_starpu_dmda_dpotrf_n19200_b960_rep8 (t=16 g=1 trace=0)
[10:06:15] 0126_starpu_dmda_dgeqrf_n19200_b960_rep8 (t=16 g=1 trace=0)
[10:06:32] 0129_starpu_dmdas_dpotrf_n19200_b960_rep9 (t=16 g=1 trace=0)
[10:06:36] 0131_starpu_dmda_dgeqrf_n19200_b960_rep9 (t=16 g=1 trace=0)
[10:06:53] 0133_starpu_dmdas_spotrf_n19200_b960_rep9 (t=16 g=1 trace=0)
[10:06:54] 0134_starpu_dmda_spotrf_n19200_b960_rep9 (t=16 g=1 trace=0)
[10:06:54] 0135_starpu_dmda_sgeqrf_n19200_b960_rep9 (t=16 g=1 trace=0)
[10:06:57] 0138_starpu_dmdas_sgeqrf_n19200_b960_rep9 (t=16 g=1 trace=0)
[10:07:00] 0140_starpu_dmdas_dgeqrf_n19200_b960_rep9 (t=16 g=1 trace=0)
[10:07:18] 0144_starpu_dmda_dpotrf_n19200_b960_rep9 (t=16 g=1 trace=0)
[10:07:21] 0145_starpu_dmda_dpotrf_n19200_b960_rep10 (t=16 g=1 trace=0)
[10:07:24] 0146_starpu_dmdas_dgeqrf_n19200_b960_rep10 (t=16 g=1 trace=0)
[10:07:42] 0147_starpu_dmdas_dpotrf_n19200_b960_rep10 (t=16 g=1 trace=0)
[10:07:45] 0148_starpu_dmda_spotrf_n19200_b960_rep10 (t=16 g=1 trace=0)
[10:07:46] 0150_starpu_dmdas_sgeqrf_n19200_b960_rep10 (t=16 g=1 trace=0)
[10:07:49] 0152_starpu_dmda_dgeqrf_n19200_b960_rep10 (t=16 g=1 trace=0)
[10:08:06] 0154_starpu_dmda_sgeqrf_n19200_b960_rep10 (t=16 g=1 trace=0)
[10:08:09] 0155_starpu_dmdas_spotrf_n19200_b960_rep10 (t=16 g=1 trace=0)
>>> e2_sched: nix develop .#parsec -> gpu_doe_sweep.sh parsec
[10:08:12] 0001_parsec_lfq_spotrf_n19200_b960_rep1 (t=16 g=1 trace=0)
[10:08:13] 0006_parsec_gd_dpotrf_n19200_b960_rep1 (t=16 g=1 trace=0)
[10:08:16] 0007_parsec_lfq_dgeqrf_n19200_b960_rep1 (t=16 g=1 trace=0)
[10:08:42] 0009_parsec_gd_spotrf_n19200_b960_rep1 (t=16 g=1 trace=0)
[10:08:43] 0011_parsec_lfq_sgeqrf_n19200_b960_rep1 (t=16 g=1 trace=0)
[10:08:47] 0012_parsec_lfq_dpotrf_n19200_b960_rep1 (t=16 g=1 trace=0)
[10:08:50] 0014_parsec_gd_sgeqrf_n19200_b960_rep1 (t=16 g=1 trace=0)
[10:08:54] 0015_parsec_gd_dgeqrf_n19200_b960_rep1 (t=16 g=1 trace=0)
[10:09:19] 0017_parsec_lfq_spotrf_n19200_b960_rep2 (t=16 g=1 trace=0)
[10:09:21] 0018_parsec_gd_sgeqrf_n19200_b960_rep2 (t=16 g=1 trace=0)
[10:09:25] 0020_parsec_gd_dpotrf_n19200_b960_rep2 (t=16 g=1 trace=0)
[10:09:28] 0021_parsec_gd_dgeqrf_n19200_b960_rep2 (t=16 g=1 trace=0)
[10:09:52] 0022_parsec_lfq_dgeqrf_n19200_b960_rep2 (t=16 g=1 trace=0)
[10:10:17] 0023_parsec_gd_spotrf_n19200_b960_rep2 (t=16 g=1 trace=0)
[10:10:18] 0024_parsec_lfq_dpotrf_n19200_b960_rep2 (t=16 g=1 trace=0)
[10:10:22] 0031_parsec_lfq_sgeqrf_n19200_b960_rep2 (t=16 g=1 trace=0)
[10:10:25] 0035_parsec_lfq_dpotrf_n19200_b960_rep3 (t=16 g=1 trace=0)
[10:10:29] 0036_parsec_gd_dpotrf_n19200_b960_rep3 (t=16 g=1 trace=0)
[10:10:33] 0037_parsec_gd_sgeqrf_n19200_b960_rep3 (t=16 g=1 trace=0)
[10:10:37] 0039_parsec_lfq_sgeqrf_n19200_b960_rep3 (t=16 g=1 trace=0)
[10:10:41] 0040_parsec_lfq_spotrf_n19200_b960_rep3 (t=16 g=1 trace=0)
[10:10:42] 0042_parsec_lfq_dgeqrf_n19200_b960_rep3 (t=16 g=1 trace=0)
[10:11:08] 0044_parsec_gd_spotrf_n19200_b960_rep3 (t=16 g=1 trace=0)
[10:11:09] 0046_parsec_gd_dgeqrf_n19200_b960_rep3 (t=16 g=1 trace=0)
[10:11:34] 0049_parsec_lfq_dpotrf_n19200_b960_rep4 (t=16 g=1 trace=0)
[10:11:37] 0052_parsec_gd_dgeqrf_n19200_b960_rep4 (t=16 g=1 trace=0)
[10:12:02] 0056_parsec_gd_spotrf_n19200_b960_rep4 (t=16 g=1 trace=0)
[10:12:03] 0057_parsec_lfq_dgeqrf_n19200_b960_rep4 (t=16 g=1 trace=0)
[10:12:29] 0058_parsec_lfq_sgeqrf_n19200_b960_rep4 (t=16 g=1 trace=0)
[10:12:33] 0059_parsec_gd_sgeqrf_n19200_b960_rep4 (t=16 g=1 trace=0)
[10:12:37] 0061_parsec_gd_dpotrf_n19200_b960_rep4 (t=16 g=1 trace=0)
[10:12:41] 0063_parsec_lfq_spotrf_n19200_b960_rep4 (t=16 g=1 trace=0)
[10:12:42] 0066_parsec_gd_sgeqrf_n19200_b960_rep5 (t=16 g=1 trace=0)
[10:12:48] 0067_parsec_lfq_dgeqrf_n19200_b960_rep5 (t=16 g=1 trace=0)
[10:13:14] 0070_parsec_gd_dgeqrf_n19200_b960_rep5 (t=16 g=1 trace=0)
[10:13:38] 0074_parsec_lfq_dpotrf_n19200_b960_rep5 (t=16 g=1 trace=0)
[10:13:41] 0075_parsec_lfq_sgeqrf_n19200_b960_rep5 (t=16 g=1 trace=0)
[10:13:45] 0076_parsec_lfq_spotrf_n19200_b960_rep5 (t=16 g=1 trace=0)
[10:13:46] 0078_parsec_gd_spotrf_n19200_b960_rep5 (t=16 g=1 trace=0)
[10:13:47] 0079_parsec_gd_dpotrf_n19200_b960_rep5 (t=16 g=1 trace=0)
[10:13:51] 0082_parsec_gd_spotrf_n19200_b960_rep6 (t=16 g=1 trace=0)
[10:13:52] 0083_parsec_lfq_dgeqrf_n19200_b960_rep6 (t=16 g=1 trace=0)
[10:14:19] 0084_parsec_gd_dpotrf_n19200_b960_rep6 (t=16 g=1 trace=0)
[10:14:22] 0087_parsec_gd_dgeqrf_n19200_b960_rep6 (t=16 g=1 trace=0)
[10:14:48] 0088_parsec_gd_sgeqrf_n19200_b960_rep6 (t=16 g=1 trace=0)
[10:14:52] 0089_parsec_lfq_spotrf_n19200_b960_rep6 (t=16 g=1 trace=0)
[10:14:53] 0093_parsec_lfq_sgeqrf_n19200_b960_rep6 (t=16 g=1 trace=0)
[10:14:57] 0094_parsec_lfq_dpotrf_n19200_b960_rep6 (t=16 g=1 trace=0)
[10:15:01] 0097_parsec_lfq_dpotrf_n19200_b960_rep7 (t=16 g=1 trace=0)
[10:15:04] 0098_parsec_gd_sgeqrf_n19200_b960_rep7 (t=16 g=1 trace=0)
[10:15:09] 0100_parsec_lfq_dgeqrf_n19200_b960_rep7 (t=16 g=1 trace=0)
[10:15:35] 0103_parsec_gd_dgeqrf_n19200_b960_rep7 (t=16 g=1 trace=0)
[10:15:59] 0105_parsec_gd_spotrf_n19200_b960_rep7 (t=16 g=1 trace=0)
[10:16:01] 0107_parsec_lfq_sgeqrf_n19200_b960_rep7 (t=16 g=1 trace=0)
[10:16:05] 0109_parsec_lfq_spotrf_n19200_b960_rep7 (t=16 g=1 trace=0)
[10:16:06] 0111_parsec_gd_dpotrf_n19200_b960_rep7 (t=16 g=1 trace=0)
[10:16:09] 0113_parsec_lfq_dgeqrf_n19200_b960_rep8 (t=16 g=1 trace=0)
[10:16:35] 0114_parsec_gd_sgeqrf_n19200_b960_rep8 (t=16 g=1 trace=0)
[10:16:39] 0119_parsec_gd_spotrf_n19200_b960_rep8 (t=16 g=1 trace=0)
[10:16:41] 0123_parsec_lfq_dpotrf_n19200_b960_rep8 (t=16 g=1 trace=0)
[10:16:44] 0124_parsec_lfq_sgeqrf_n19200_b960_rep8 (t=16 g=1 trace=0)
[10:16:48] 0125_parsec_lfq_spotrf_n19200_b960_rep8 (t=16 g=1 trace=0)
[10:16:49] 0127_parsec_gd_dpotrf_n19200_b960_rep8 (t=16 g=1 trace=0)
[10:16:53] 0128_parsec_gd_dgeqrf_n19200_b960_rep8 (t=16 g=1 trace=0)
[10:17:18] 0130_parsec_lfq_dgeqrf_n19200_b960_rep9 (t=16 g=1 trace=0)
[10:17:45] 0132_parsec_lfq_spotrf_n19200_b960_rep9 (t=16 g=1 trace=0)
[10:17:46] 0136_parsec_gd_dgeqrf_n19200_b960_rep9 (t=16 g=1 trace=0)
[10:18:11] 0137_parsec_lfq_dpotrf_n19200_b960_rep9 (t=16 g=1 trace=0)
[10:18:14] 0139_parsec_gd_spotrf_n19200_b960_rep9 (t=16 g=1 trace=0)
[10:18:15] 0141_parsec_gd_sgeqrf_n19200_b960_rep9 (t=16 g=1 trace=0)
[10:18:19] 0142_parsec_lfq_sgeqrf_n19200_b960_rep9 (t=16 g=1 trace=0)
[10:18:23] 0143_parsec_gd_dpotrf_n19200_b960_rep9 (t=16 g=1 trace=0)
[10:18:27] 0149_parsec_gd_dgeqrf_n19200_b960_rep10 (t=16 g=1 trace=0)
[10:18:53] 0151_parsec_lfq_sgeqrf_n19200_b960_rep10 (t=16 g=1 trace=0)
[10:18:57] 0153_parsec_gd_spotrf_n19200_b960_rep10 (t=16 g=1 trace=0)
[10:18:58] 0156_parsec_lfq_dpotrf_n19200_b960_rep10 (t=16 g=1 trace=0)
[10:19:01] 0157_parsec_lfq_spotrf_n19200_b960_rep10 (t=16 g=1 trace=0)
[10:19:02] 0158_parsec_lfq_dgeqrf_n19200_b960_rep10 (t=16 g=1 trace=0)
[10:19:28] 0159_parsec_gd_dpotrf_n19200_b960_rep10 (t=16 g=1 trace=0)
[10:19:31] 0160_parsec_gd_sgeqrf_n19200_b960_rep10 (t=16 g=1 trace=0)

########## fase e3_scal (escalabilidade em N) ##########
>>> e3_scal: nix develop .#starpu-cuda -> gpu_sweep.sh starpu
[10:19:38] calibrating starpu/spotrf at n=9600 ...
[10:19:39] calibrating starpu/sgeqrf at n=9600 ...
[10:19:40] 0001_starpu_dmda_spotrf_n9600_b960_rep1 (t=16 g=1)
[10:19:40] 0002_starpu_dmda_spotrf_n9600_b960_rep2 (t=16 g=1)
[10:19:41] 0003_starpu_dmda_spotrf_n9600_b960_rep3 (t=16 g=1)
[10:19:41] 0004_starpu_dmda_spotrf_n19200_b960_rep1 (t=16 g=1)
[10:19:42] 0005_starpu_dmda_spotrf_n19200_b960_rep2 (t=16 g=1)
[10:19:42] 0006_starpu_dmda_spotrf_n19200_b960_rep3 (t=16 g=1)
[10:19:43] 0007_starpu_dmda_spotrf_n28800_b960_rep1 (t=16 g=1)
[10:19:45] 0008_starpu_dmda_spotrf_n28800_b960_rep2 (t=16 g=1)
[10:19:46] 0009_starpu_dmda_spotrf_n28800_b960_rep3 (t=16 g=1)
[10:19:48] 0010_starpu_dmda_spotrf_n38400_b960_rep1 (t=16 g=1)
[10:19:51] 0011_starpu_dmda_spotrf_n38400_b960_rep2 (t=16 g=1)
[10:19:54] 0012_starpu_dmda_spotrf_n38400_b960_rep3 (t=16 g=1)
[10:19:57] 0013_starpu_dmda_spotrf_n48000_b960_rep1 (t=16 g=1)
[10:20:03] 0014_starpu_dmda_spotrf_n48000_b960_rep2 (t=16 g=1)
[10:20:09] 0015_starpu_dmda_spotrf_n48000_b960_rep3 (t=16 g=1)
[10:20:15] 0016_starpu_dmda_sgeqrf_n9600_b960_rep1 (t=16 g=1)
[10:20:16] 0017_starpu_dmda_sgeqrf_n9600_b960_rep2 (t=16 g=1)
[10:20:17] 0018_starpu_dmda_sgeqrf_n9600_b960_rep3 (t=16 g=1)
[10:20:17] 0019_starpu_dmda_sgeqrf_n19200_b960_rep1 (t=16 g=1)
[10:20:21] 0020_starpu_dmda_sgeqrf_n19200_b960_rep2 (t=16 g=1)
[10:20:24] 0021_starpu_dmda_sgeqrf_n19200_b960_rep3 (t=16 g=1)
[10:20:27] 0022_starpu_dmda_sgeqrf_n28800_b960_rep1 (t=16 g=1)
[10:20:35] 0023_starpu_dmda_sgeqrf_n28800_b960_rep2 (t=16 g=1)
[10:20:44] 0024_starpu_dmda_sgeqrf_n28800_b960_rep3 (t=16 g=1)
[10:20:53] 0025_starpu_dmda_sgeqrf_n38400_b960_rep1 (t=16 g=1)
[10:21:12] 0026_starpu_dmda_sgeqrf_n38400_b960_rep2 (t=16 g=1)
[10:21:35] 0027_starpu_dmda_sgeqrf_n38400_b960_rep3 (t=16 g=1)
[10:21:54] 0028_starpu_dmda_sgeqrf_n48000_b960_rep1 (t=16 g=1)
[10:22:37] 0029_starpu_dmda_sgeqrf_n48000_b960_rep2 (t=16 g=1)
[10:23:16] 0030_starpu_dmda_sgeqrf_n48000_b960_rep3 (t=16 g=1)
>>> e3_scal: nix develop .#parsec -> gpu_sweep.sh parsec
[10:24:03] 0001_parsec_lfq_spotrf_n9600_b960_rep1 (t=16 g=1)
[10:24:03] 0002_parsec_lfq_spotrf_n9600_b960_rep2 (t=16 g=1)
[10:24:04] 0003_parsec_lfq_spotrf_n9600_b960_rep3 (t=16 g=1)
[10:24:04] 0004_parsec_lfq_spotrf_n19200_b960_rep1 (t=16 g=1)
[10:24:06] 0005_parsec_lfq_spotrf_n19200_b960_rep2 (t=16 g=1)
[10:24:07] 0006_parsec_lfq_spotrf_n19200_b960_rep3 (t=16 g=1)
[10:24:09] 0007_parsec_lfq_spotrf_n28800_b960_rep1 (t=16 g=1)
[10:24:12] 0008_parsec_lfq_spotrf_n28800_b960_rep2 (t=16 g=1)
[10:24:15] 0009_parsec_lfq_spotrf_n28800_b960_rep3 (t=16 g=1)
[10:24:18] 0010_parsec_lfq_spotrf_n38400_b960_rep1 (t=16 g=1)
[10:24:24] 0011_parsec_lfq_spotrf_n38400_b960_rep2 (t=16 g=1)
[10:24:31] 0012_parsec_lfq_spotrf_n38400_b960_rep3 (t=16 g=1)
[10:24:36] 0013_parsec_lfq_spotrf_n48000_b960_rep1 (t=16 g=1)
[10:24:49] 0014_parsec_lfq_spotrf_n48000_b960_rep2 (t=16 g=1)
[10:25:02] 0015_parsec_lfq_spotrf_n48000_b960_rep3 (t=16 g=1)
[10:25:15] 0016_parsec_lfq_sgeqrf_n9600_b960_rep1 (t=16 g=1)
[10:25:17] 0017_parsec_lfq_sgeqrf_n9600_b960_rep2 (t=16 g=1)
[10:25:18] 0018_parsec_lfq_sgeqrf_n9600_b960_rep3 (t=16 g=1)
[10:25:19] 0019_parsec_lfq_sgeqrf_n19200_b960_rep1 (t=16 g=1)
[10:25:23] 0020_parsec_lfq_sgeqrf_n19200_b960_rep2 (t=16 g=1)
[10:25:28] 0021_parsec_lfq_sgeqrf_n19200_b960_rep3 (t=16 g=1)
[10:25:34] 0022_parsec_lfq_sgeqrf_n28800_b960_rep1 (t=16 g=1)
[10:25:45] 0023_parsec_lfq_sgeqrf_n28800_b960_rep2 (t=16 g=1)
[10:25:57] 0024_parsec_lfq_sgeqrf_n28800_b960_rep3 (t=16 g=1)
[10:26:15] 0025_parsec_lfq_sgeqrf_n38400_b960_rep1 (t=16 g=1)
[10:26:41] 0026_parsec_lfq_sgeqrf_n38400_b960_rep2 (t=16 g=1)
[10:27:06] 0027_parsec_lfq_sgeqrf_n38400_b960_rep3 (t=16 g=1)
[10:27:32] 0028_parsec_lfq_sgeqrf_n48000_b960_rep1 (t=16 g=1)
[10:28:22] 0029_parsec_lfq_sgeqrf_n48000_b960_rep2 (t=16 g=1)
[10:29:20] 0030_parsec_lfq_sgeqrf_n48000_b960_rep3 (t=16 g=1)

########## fase e4_traces (trace=1) ##########
>>> e4_traces: nix develop .#starpu-cuda -> gpu_doe_sweep.sh starpu
[10:30:12] calibrate starpu/dgeqrf n=19200 b=960 (pass 1/2) ...
[10:30:29] calibrate starpu/dgeqrf n=19200 b=960 (pass 2/2) ...
[10:30:46] calibrate starpu/sgeqrf n=19200 b=960 (pass 1/2) ...
[10:30:49] calibrate starpu/sgeqrf n=19200 b=960 (pass 2/2) ...
[10:30:52] calibrate starpu/spotrf n=19200 b=960 (pass 1/2) ...
[10:30:53] calibrate starpu/spotrf n=19200 b=960 (pass 2/2) ...
[10:30:54] calibrate starpu/dpotrf n=19200 b=960 (pass 1/2) ...
[10:30:57] calibrate starpu/dpotrf n=19200 b=960 (pass 2/2) ...
[10:31:00] 0002_starpu_dmda_dgeqrf_n19200_b960_rep1 (t=16 g=1 trace=1)
[10:31:18] 0003_starpu_dmdas_sgeqrf_n19200_b960_rep1 (t=16 g=1 trace=1)
[10:31:21] 0004_starpu_dmda_spotrf_n19200_b960_rep1 (t=16 g=1 trace=1)
[10:31:22] 0005_starpu_dmda_dpotrf_n19200_b960_rep1 (t=16 g=1 trace=1)
[10:31:25] 0008_starpu_dmda_sgeqrf_n19200_b960_rep1 (t=16 g=1 trace=1)
[10:31:28] 0010_starpu_dmdas_spotrf_n19200_b960_rep1 (t=16 g=1 trace=1)
[10:31:29] 0013_starpu_dmdas_dpotrf_n19200_b960_rep1 (t=16 g=1 trace=1)
[10:31:32] 0016_starpu_dmdas_dgeqrf_n19200_b960_rep1 (t=16 g=1 trace=1)
>>> e4_traces: nix develop .#parsec -> gpu_doe_sweep.sh parsec
[10:31:52] 0001_parsec_lfq_spotrf_n19200_b960_rep1 (t=16 g=1 trace=1)
[10:31:53] 0006_parsec_gd_dpotrf_n19200_b960_rep1 (t=16 g=1 trace=1)
[10:31:57] 0007_parsec_lfq_dgeqrf_n19200_b960_rep1 (t=16 g=1 trace=1)
[10:32:23] 0009_parsec_gd_spotrf_n19200_b960_rep1 (t=16 g=1 trace=1)
[10:32:25] 0011_parsec_lfq_sgeqrf_n19200_b960_rep1 (t=16 g=1 trace=1)
[10:32:29] 0012_parsec_lfq_dpotrf_n19200_b960_rep1 (t=16 g=1 trace=1)
[10:32:32] 0014_parsec_gd_sgeqrf_n19200_b960_rep1 (t=16 g=1 trace=1)
[10:32:36] 0015_parsec_gd_dgeqrf_n19200_b960_rep1 (t=16 g=1 trace=1)

==> Fim. Resultados por fase em data/chameleon-gpu-phases_795377/{e1_tile,e2_sched,e3_scal,e4_traces}/
/scratch/matregnago//intro_hpc/results/chameleon-gpu-phases_795377 -> /home/users/matregnago/intro_hpc/data/chameleon-gpu-phases_795377
