===============================================================
Date        : Tue May 12 01:38:43 PM -03 2026
SubmitHost  : cei2
SubmitDir   : /home/users/matregnago/intro_hpc
JobID       : 782024
Node(s)     : cei2
===============================================================
[13:38:55] 0241_starpu_ws_potrf_n19200_b480_blk1
[13:39:03] 0242_starpu_lws_potrf_n2400_b480_blk1
[13:39:03] 0243_starpu_ws_geqrf_n12000_b480_blk1
[13:39:15] 0244_starpu_ws_potrf_n24000_b480_blk1
[13:39:31] 0245_starpu_lws_geqrf_n16800_b480_blk1
[13:40:01] 0246_starpu_lws_potrf_n26400_b480_blk1
[13:40:22] 0247_starpu_lws_potrf_n9600_b480_blk1
[13:40:24] 0248_starpu_ws_potrf_n16800_b480_blk1
[13:40:30] 0249_starpu_ws_geqrf_n24000_b480_blk1
[13:41:57] 0250_starpu_ws_potrf_n12000_b480_blk1
[13:41:59] 0251_starpu_ws_potrf_n14400_b480_blk1
[13:42:03] 0252_starpu_ws_geqrf_n21600_b480_blk1
[13:43:08] 0253_starpu_ws_geqrf_n16800_b480_blk1
[13:43:38] 0254_starpu_lws_geqrf_n24000_b480_blk1
[13:45:05] 0255_starpu_ws_geqrf_n4800_b480_blk1
[13:45:07] 0256_starpu_ws_geqrf_n19200_b480_blk1
[13:45:52] 0257_starpu_ws_potrf_n2400_b480_blk1
[13:45:52] 0258_starpu_lws_geqrf_n7200_b480_blk1
[13:45:55] 0259_starpu_lws_geqrf_n28800_b480_blk1
[13:48:25] 0260_starpu_ws_geqrf_n9600_b480_blk1
[13:48:31] 0261_starpu_lws_geqrf_n2400_b480_blk1
[13:48:32] 0262_starpu_ws_potrf_n26400_b480_blk1
[13:48:53] 0263_starpu_lws_geqrf_n21600_b480_blk1
[13:49:57] 0264_starpu_lws_geqrf_n26400_b480_blk1
[13:51:53] 0265_starpu_lws_potrf_n28800_b480_blk1
[13:52:21] 0266_starpu_lws_potrf_n14400_b480_blk1
[13:52:24] 0267_starpu_lws_potrf_n21600_b480_blk1
[13:52:37] 0268_starpu_ws_geqrf_n14400_b480_blk1
[13:52:56] 0269_starpu_lws_potrf_n16800_b480_blk1
[13:53:02] 0270_starpu_ws_geqrf_n28800_b480_blk1
[13:55:32] 0271_starpu_ws_potrf_n7200_b480_blk1
[13:55:33] 0272_starpu_lws_geqrf_n14400_b480_blk1
[13:55:52] 0273_starpu_lws_geqrf_n19200_b480_blk1
[13:56:38] 0274_starpu_ws_geqrf_n26400_b480_blk1
[13:58:34] 0275_starpu_ws_potrf_n28800_b480_blk1
[13:59:02] 0276_starpu_lws_potrf_n12000_b480_blk1
[13:59:04] 0277_starpu_ws_geqrf_n7200_b480_blk1
[13:59:07] 0278_starpu_ws_potrf_n21600_b480_blk1
[13:59:19] 0279_starpu_lws_geqrf_n12000_b480_blk1
[13:59:31] 0280_starpu_ws_geqrf_n2400_b480_blk1
[13:59:31] 0281_starpu_lws_potrf_n4800_b480_blk1
[13:59:32] 0282_starpu_ws_potrf_n9600_b480_blk1
[13:59:33] 0283_starpu_lws_geqrf_n9600_b480_blk1
[13:59:39] 0284_starpu_lws_potrf_n19200_b480_blk1
[13:59:48] 0285_starpu_ws_potrf_n4800_b480_blk1
[13:59:48] 0286_starpu_lws_potrf_n24000_b480_blk1
[14:00:05] 0287_starpu_lws_potrf_n7200_b480_blk1
[14:00:05] 0288_starpu_lws_geqrf_n4800_b480_blk1
[14:00:07] 0289_starpu_ws_potrf_n19200_b480_blk2
[14:00:15] 0290_starpu_lws_geqrf_n28800_b480_blk2
[14:02:45] 0291_starpu_ws_geqrf_n19200_b480_blk2
[14:03:31] 0292_starpu_ws_potrf_n14400_b480_blk2
[14:03:35] 0293_starpu_ws_potrf_n24000_b480_blk2
[14:03:51] 0294_starpu_lws_potrf_n2400_b480_blk2
[14:03:51] 0295_starpu_ws_potrf_n7200_b480_blk2
[14:03:52] 0296_starpu_lws_geqrf_n26400_b480_blk2
[14:05:47] 0297_starpu_ws_geqrf_n4800_b480_blk2
[14:05:49] 0298_starpu_ws_potrf_n16800_b480_blk2
[14:05:55] 0299_starpu_ws_geqrf_n26400_b480_blk2
[14:07:51] 0300_starpu_ws_geqrf_n24000_b480_blk2
[14:09:19] 0301_starpu_lws_potrf_n9600_b480_blk2
[14:09:20] 0302_starpu_lws_geqrf_n24000_b480_blk2
[14:10:47] 0303_starpu_lws_geqrf_n19200_b480_blk2
[14:11:32] 0304_starpu_lws_potrf_n24000_b480_blk2
[14:11:49] 0305_starpu_ws_geqrf_n14400_b480_blk2
[14:12:09] 0306_starpu_lws_geqrf_n2400_b480_blk2
[14:12:09] 0307_starpu_ws_geqrf_n28800_b480_blk2
[14:14:39] 0308_starpu_ws_potrf_n21600_b480_blk2
[14:14:51] 0309_starpu_lws_potrf_n16800_b480_blk2
[14:14:57] 0310_starpu_ws_geqrf_n2400_b480_blk2
[14:14:58] 0311_starpu_ws_geqrf_n12000_b480_blk2
[14:15:09] 0312_starpu_lws_potrf_n21600_b480_blk2
[14:15:22] 0313_starpu_lws_potrf_n14400_b480_blk2
[14:15:25] 0314_starpu_ws_potrf_n9600_b480_blk2
[14:15:27] 0315_starpu_ws_potrf_n26400_b480_blk2
[14:15:49] 0316_starpu_ws_potrf_n28800_b480_blk2
[14:16:17] 0317_starpu_lws_potrf_n12000_b480_blk2
[14:16:19] 0318_starpu_lws_geqrf_n12000_b480_blk2
[14:16:31] 0319_starpu_lws_potrf_n19200_b480_blk2
[14:16:40] 0320_starpu_ws_geqrf_n9600_b480_blk2
[14:16:46] 0321_starpu_lws_potrf_n7200_b480_blk2
[14:16:47] 0322_starpu_lws_geqrf_n14400_b480_blk2
[14:17:06] 0323_starpu_lws_geqrf_n16800_b480_blk2
[14:17:37] 0324_starpu_ws_geqrf_n16800_b480_blk2
[14:18:08] 0325_starpu_lws_geqrf_n7200_b480_blk2
[14:18:11] 0326_starpu_lws_potrf_n4800_b480_blk2
[14:18:11] 0327_starpu_ws_potrf_n4800_b480_blk2
[14:18:12] 0328_starpu_ws_geqrf_n21600_b480_blk2
[14:19:16] 0329_starpu_ws_geqrf_n7200_b480_blk2
[14:19:19] 0330_starpu_lws_geqrf_n21600_b480_blk2
[14:20:23] 0331_starpu_lws_geqrf_n9600_b480_blk2
[14:20:29] 0332_starpu_lws_geqrf_n4800_b480_blk2
[14:20:31] 0333_starpu_ws_potrf_n2400_b480_blk2
[14:20:31] 0334_starpu_ws_potrf_n12000_b480_blk2
[14:20:33] 0335_starpu_lws_potrf_n28800_b480_blk2
[14:21:02] 0336_starpu_lws_potrf_n26400_b480_blk2
[14:21:23] 0337_starpu_ws_geqrf_n7200_b480_blk3
[14:21:26] 0338_starpu_lws_geqrf_n2400_b480_blk3
[14:21:27] 0339_starpu_ws_geqrf_n14400_b480_blk3
[14:21:46] 0340_starpu_ws_geqrf_n19200_b480_blk3
[14:22:32] 0341_starpu_ws_potrf_n16800_b480_blk3
[14:22:38] 0342_starpu_ws_potrf_n4800_b480_blk3
[14:22:38] 0343_starpu_ws_potrf_n21600_b480_blk3
[14:22:50] 0344_starpu_lws_potrf_n19200_b480_blk3
[14:22:59] 0345_starpu_ws_geqrf_n16800_b480_blk3
[14:23:30] 0346_starpu_lws_geqrf_n7200_b480_blk3
[14:23:33] 0347_starpu_lws_geqrf_n4800_b480_blk3
[14:23:34] 0348_starpu_ws_potrf_n14400_b480_blk3
[14:23:38] 0349_starpu_ws_potrf_n2400_b480_blk3
[14:23:38] 0350_starpu_ws_potrf_n9600_b480_blk3
[14:23:39] 0351_starpu_ws_geqrf_n4800_b480_blk3
[14:23:41] 0352_starpu_lws_geqrf_n24000_b480_blk3
[14:25:08] 0353_starpu_ws_potrf_n7200_b480_blk3
[14:25:09] 0354_starpu_ws_geqrf_n21600_b480_blk3
[14:26:13] 0355_starpu_lws_potrf_n2400_b480_blk3
[14:26:13] 0356_starpu_lws_geqrf_n16800_b480_blk3
[14:26:43] 0357_starpu_lws_geqrf_n14400_b480_blk3
[14:27:03] 0358_starpu_lws_geqrf_n19200_b480_blk3
[14:27:48] 0359_starpu_ws_geqrf_n24000_b480_blk3
[14:29:16] 0360_starpu_lws_geqrf_n12000_b480_blk3
[14:29:28] 0361_starpu_ws_geqrf_n12000_b480_blk3
[14:29:39] 0362_starpu_ws_geqrf_n2400_b480_blk3
[14:29:40] 0363_starpu_ws_potrf_n12000_b480_blk3
[14:29:42] 0364_starpu_lws_geqrf_n26400_b480_blk3
[14:31:38] 0365_starpu_lws_geqrf_n28800_b480_blk3
[14:34:08] 0366_starpu_lws_potrf_n21600_b480_blk3
[14:34:20] 0367_starpu_lws_geqrf_n21600_b480_blk3
[14:35:25] 0368_starpu_ws_geqrf_n28800_b480_blk3
[14:37:54] 0369_starpu_ws_geqrf_n9600_b480_blk3
[14:38:00] 0370_starpu_lws_geqrf_n9600_b480_blk3
[14:38:07] 0371_starpu_lws_potrf_n9600_b480_blk3
[14:38:08] 0372_starpu_lws_potrf_n12000_b480_blk3
[14:38:10] 0373_starpu_lws_potrf_n7200_b480_blk3
[14:38:11] 0374_starpu_lws_potrf_n14400_b480_blk3
[14:38:15] 0375_starpu_ws_potrf_n24000_b480_blk3
[14:38:32] 0376_starpu_lws_potrf_n4800_b480_blk3
[14:38:32] 0377_starpu_lws_potrf_n26400_b480_blk3
[14:38:54] 0378_starpu_lws_potrf_n24000_b480_blk3
[14:39:11] 0379_starpu_ws_potrf_n26400_b480_blk3
[14:39:32] 0380_starpu_lws_potrf_n16800_b480_blk3
[14:39:38] 0381_starpu_ws_potrf_n28800_b480_blk3
[14:40:06] 0382_starpu_ws_geqrf_n26400_b480_blk3
[14:42:03] 0383_starpu_lws_potrf_n28800_b480_blk3
[14:42:30] 0384_starpu_ws_potrf_n19200_b480_blk3
[14:42:39] 0385_starpu_ws_geqrf_n12000_b480_blk4
[14:42:51] 0386_starpu_ws_potrf_n14400_b480_blk4
[14:42:54] 0387_starpu_ws_potrf_n19200_b480_blk4
[14:43:03] 0388_starpu_ws_potrf_n12000_b480_blk4
[14:43:06] 0389_starpu_lws_potrf_n14400_b480_blk4
[14:43:09] 0390_starpu_lws_potrf_n16800_b480_blk4
[14:43:15] 0391_starpu_ws_geqrf_n19200_b480_blk4
[14:44:01] 0392_starpu_ws_potrf_n2400_b480_blk4
[14:44:01] 0393_starpu_ws_geqrf_n16800_b480_blk4
[14:44:31] 0394_starpu_ws_potrf_n26400_b480_blk4
[14:44:53] 0395_starpu_lws_geqrf_n26400_b480_blk4
[14:46:49] 0396_starpu_lws_potrf_n4800_b480_blk4
[14:46:50] 0397_starpu_lws_potrf_n24000_b480_blk4
[14:47:06] 0398_starpu_lws_geqrf_n4800_b480_blk4
[14:47:08] 0399_starpu_lws_potrf_n2400_b480_blk4
[14:47:08] 0400_starpu_lws_potrf_n7200_b480_blk4
[14:47:08] 0401_starpu_ws_geqrf_n21600_b480_blk4
[14:48:13] 0402_starpu_ws_geqrf_n24000_b480_blk4
[14:49:40] 0403_starpu_lws_potrf_n28800_b480_blk4
[14:50:08] 0404_starpu_ws_potrf_n7200_b480_blk4
[14:50:09] 0405_starpu_ws_geqrf_n14400_b480_blk4
[14:50:28] 0406_starpu_lws_potrf_n12000_b480_blk4
[14:50:31] 0407_starpu_lws_geqrf_n24000_b480_blk4
[14:51:58] 0408_starpu_ws_potrf_n21600_b480_blk4
[14:52:10] 0409_starpu_ws_geqrf_n26400_b480_blk4
[14:54:06] 0410_starpu_lws_geqrf_n21600_b480_blk4
[14:55:10] 0411_starpu_ws_potrf_n4800_b480_blk4
[14:55:11] 0412_starpu_ws_geqrf_n9600_b480_blk4
[14:55:17] 0413_starpu_ws_potrf_n9600_b480_blk4
[14:55:18] 0414_starpu_lws_potrf_n21600_b480_blk4
[14:55:30] 0415_starpu_lws_potrf_n26400_b480_blk4
[14:55:52] 0416_starpu_ws_potrf_n16800_b480_blk4
[14:55:58] 0417_starpu_lws_potrf_n19200_b480_blk4
[14:56:07] 0418_starpu_ws_potrf_n24000_b480_blk4
[14:56:24] 0419_starpu_ws_geqrf_n4800_b480_blk4
[14:56:25] 0420_starpu_lws_geqrf_n28800_b480_blk4
[14:58:55] 0421_starpu_lws_geqrf_n16800_b480_blk4
[14:59:26] 0422_starpu_lws_potrf_n9600_b480_blk4
[14:59:27] 0423_starpu_ws_geqrf_n7200_b480_blk4
[14:59:30] 0424_starpu_lws_geqrf_n7200_b480_blk4
[14:59:33] 0425_starpu_lws_geqrf_n2400_b480_blk4
[14:59:34] 0426_starpu_ws_geqrf_n28800_b480_blk4
[15:02:04] 0427_starpu_lws_geqrf_n19200_b480_blk4
[15:02:49] 0428_starpu_lws_geqrf_n12000_b480_blk4
[15:03:00] 0429_starpu_lws_geqrf_n9600_b480_blk4
[15:03:07] 0430_starpu_lws_geqrf_n14400_b480_blk4
[15:03:26] 0431_starpu_ws_potrf_n28800_b480_blk4
[15:03:54] 0432_starpu_ws_geqrf_n2400_b480_blk4
[15:03:55] 0433_starpu_lws_geqrf_n24000_b480_blk5
[15:05:22] 0434_starpu_ws_potrf_n7200_b480_blk5
[15:05:23] 0435_starpu_lws_geqrf_n2400_b480_blk5
[15:05:23] 0436_starpu_lws_potrf_n2400_b480_blk5
[15:05:24] 0437_starpu_ws_geqrf_n19200_b480_blk5
[15:06:09] 0438_starpu_lws_potrf_n16800_b480_blk5
[15:06:15] 0439_starpu_ws_potrf_n2400_b480_blk5
[15:06:15] 0440_starpu_lws_geqrf_n4800_b480_blk5
[15:06:16] 0441_starpu_ws_geqrf_n21600_b480_blk5
[15:07:20] 0442_starpu_lws_potrf_n7200_b480_blk5
[15:07:21] 0443_starpu_ws_geqrf_n16800_b480_blk5
[15:07:52] 0444_starpu_lws_geqrf_n9600_b480_blk5
[15:07:58] 0445_starpu_ws_geqrf_n28800_b480_blk5
[15:10:28] 0446_starpu_ws_potrf_n28800_b480_blk5
[15:10:56] 0447_starpu_ws_geqrf_n26400_b480_blk5
[15:12:52] 0448_starpu_lws_potrf_n14400_b480_blk5
[15:12:56] 0449_starpu_lws_geqrf_n14400_b480_blk5
[15:13:15] 0450_starpu_lws_potrf_n4800_b480_blk5
[15:13:16] 0451_starpu_ws_geqrf_n2400_b480_blk5
[15:13:16] 0452_starpu_lws_geqrf_n16800_b480_blk5
[15:13:47] 0453_starpu_ws_potrf_n9600_b480_blk5
[15:13:48] 0454_starpu_ws_geqrf_n12000_b480_blk5
[15:14:00] 0455_starpu_ws_geqrf_n7200_b480_blk5
[15:14:03] 0456_starpu_ws_potrf_n26400_b480_blk5
[15:14:25] 0457_starpu_lws_potrf_n9600_b480_blk5
[15:14:26] 0458_starpu_ws_potrf_n4800_b480_blk5
[15:14:26] 0459_starpu_ws_potrf_n24000_b480_blk5
[15:14:43] 0460_starpu_lws_potrf_n12000_b480_blk5
[15:14:45] 0461_starpu_lws_geqrf_n26400_b480_blk5
[15:16:42] 0462_starpu_lws_geqrf_n7200_b480_blk5
[15:16:45] 0463_starpu_lws_geqrf_n12000_b480_blk5
[15:16:56] 0464_starpu_ws_potrf_n21600_b480_blk5
[15:17:08] 0465_starpu_lws_potrf_n21600_b480_blk5
[15:17:21] 0466_starpu_ws_geqrf_n9600_b480_blk5
[15:17:27] 0467_starpu_lws_potrf_n19200_b480_blk5
[15:17:36] 0468_starpu_lws_potrf_n28800_b480_blk5
[15:18:03] 0469_starpu_ws_potrf_n16800_b480_blk5
[15:18:09] 0470_starpu_lws_potrf_n24000_b480_blk5
[15:18:26] 0471_starpu_ws_potrf_n19200_b480_blk5
[15:18:35] 0472_starpu_ws_potrf_n14400_b480_blk5
[15:18:39] 0473_starpu_ws_geqrf_n24000_b480_blk5
[15:20:06] 0474_starpu_lws_geqrf_n28800_b480_blk5
[15:22:36] 0475_starpu_lws_geqrf_n21600_b480_blk5
[15:23:40] 0476_starpu_ws_potrf_n12000_b480_blk5
[15:23:43] 0477_starpu_ws_geqrf_n14400_b480_blk5
[15:24:02] 0478_starpu_lws_potrf_n26400_b480_blk5
[15:24:24] 0479_starpu_lws_geqrf_n19200_b480_blk5
[15:25:09] 0480_starpu_ws_geqrf_n4800_b480_blk5
[15:25:14] 0001_parsec_lfq_geqrf_n24000_b480_blk1
[15:26:40] 0002_parsec_gd_potrf_n19200_b480_blk1
[15:26:47] 0003_parsec_gd_geqrf_n12000_b480_blk1
[15:26:59] 0004_parsec_lfq_potrf_n14400_b480_blk1
[15:27:02] 0005_parsec_lfq_potrf_n4800_b480_blk1
[15:27:03] 0006_parsec_gd_potrf_n16800_b480_blk1
[15:27:08] 0007_parsec_lfq_geqrf_n7200_b480_blk1
[15:27:11] 0008_parsec_gd_geqrf_n2400_b480_blk1
[15:27:12] 0009_parsec_gd_potrf_n2400_b480_blk1
[15:27:12] 0010_parsec_gd_potrf_n9600_b480_blk1
[15:27:13] 0011_parsec_gd_geqrf_n9600_b480_blk1
[15:27:19] 0012_parsec_gd_potrf_n26400_b480_blk1
[15:27:39] 0013_parsec_lfq_geqrf_n26400_b480_blk1
[15:29:33] 0014_parsec_gd_potrf_n12000_b480_blk1
[15:29:36] 0015_parsec_gd_geqrf_n4800_b480_blk1
[15:29:37] 0016_parsec_lfq_potrf_n24000_b480_blk1
[15:29:52] 0017_parsec_lfq_potrf_n9600_b480_blk1
[15:29:53] 0018_parsec_lfq_geqrf_n9600_b480_blk1
[15:30:00] 0019_parsec_lfq_geqrf_n12000_b480_blk1
[15:30:11] 0020_parsec_gd_potrf_n28800_b480_blk1
[15:30:37] 0021_parsec_gd_geqrf_n24000_b480_blk1
[15:32:03] 0022_parsec_lfq_geqrf_n28800_b480_blk1
[15:34:30] 0023_parsec_lfq_potrf_n16800_b480_blk1
[15:34:36] 0024_parsec_gd_geqrf_n21600_b480_blk1
[15:35:38] 0025_parsec_lfq_potrf_n7200_b480_blk1
[15:35:39] 0026_parsec_lfq_potrf_n28800_b480_blk1
[15:36:06] 0027_parsec_gd_geqrf_n26400_b480_blk1
[15:37:59] 0028_parsec_lfq_geqrf_n21600_b480_blk1
[15:39:02] 0029_parsec_lfq_geqrf_n16800_b480_blk1
[15:39:33] 0030_parsec_lfq_potrf_n21600_b480_blk1
[15:39:44] 0031_parsec_lfq_geqrf_n14400_b480_blk1
[15:40:03] 0032_parsec_gd_geqrf_n19200_b480_blk1
[15:40:48] 0033_parsec_lfq_geqrf_n19200_b480_blk1
[15:41:33] 0034_parsec_gd_potrf_n14400_b480_blk1
[15:41:36] 0035_parsec_gd_potrf_n24000_b480_blk1
[15:41:52] 0036_parsec_gd_geqrf_n28800_b480_blk1
[15:44:18] 0037_parsec_gd_potrf_n21600_b480_blk1
[15:44:29] 0038_parsec_gd_geqrf_n7200_b480_blk1
[15:44:32] 0039_parsec_lfq_potrf_n2400_b480_blk1
[15:44:32] 0040_parsec_lfq_potrf_n26400_b480_blk1
[15:44:53] 0041_parsec_gd_geqrf_n16800_b480_blk1
[15:45:23] 0042_parsec_lfq_potrf_n12000_b480_blk1
[15:45:25] 0043_parsec_gd_potrf_n7200_b480_blk1
[15:45:26] 0044_parsec_gd_geqrf_n14400_b480_blk1
[15:45:45] 0045_parsec_lfq_geqrf_n2400_b480_blk1
[15:45:46] 0046_parsec_lfq_geqrf_n4800_b480_blk1
[15:45:47] 0047_parsec_lfq_potrf_n19200_b480_blk1
[15:45:55] 0048_parsec_gd_potrf_n4800_b480_blk1
[15:45:55] 0049_parsec_gd_geqrf_n4800_b480_blk2
[15:45:57] 0050_parsec_lfq_potrf_n7200_b480_blk2
[15:45:57] 0051_parsec_gd_geqrf_n24000_b480_blk2
[15:47:23] 0052_parsec_gd_geqrf_n16800_b480_blk2
[15:47:53] 0053_parsec_gd_potrf_n14400_b480_blk2
[15:47:56] 0054_parsec_gd_geqrf_n7200_b480_blk2
[15:47:59] 0055_parsec_lfq_geqrf_n26400_b480_blk2
[15:49:54] 0056_parsec_lfq_potrf_n16800_b480_blk2
[15:49:59] 0057_parsec_lfq_potrf_n24000_b480_blk2
[15:50:15] 0058_parsec_lfq_potrf_n28800_b480_blk2
[15:50:42] 0059_parsec_lfq_potrf_n4800_b480_blk2
[15:50:42] 0060_parsec_lfq_potrf_n2400_b480_blk2
[15:50:42] 0061_parsec_lfq_geqrf_n14400_b480_blk2
[15:51:02] 0062_parsec_lfq_geqrf_n9600_b480_blk2
[15:51:08] 0063_parsec_gd_potrf_n2400_b480_blk2
[15:51:08] 0064_parsec_lfq_geqrf_n2400_b480_blk2
[15:51:09] 0065_parsec_gd_geqrf_n26400_b480_blk2
[15:53:02] 0066_parsec_gd_potrf_n4800_b480_blk2
[15:53:02] 0067_parsec_gd_potrf_n26400_b480_blk2
[15:53:22] 0068_parsec_gd_potrf_n24000_b480_blk2
[15:53:38] 0069_parsec_gd_geqrf_n2400_b480_blk2
[15:53:38] 0070_parsec_gd_potrf_n28800_b480_blk2
[15:54:04] 0071_parsec_lfq_geqrf_n28800_b480_blk2
[15:56:32] 0072_parsec_lfq_geqrf_n16800_b480_blk2
[15:57:03] 0073_parsec_lfq_geqrf_n4800_b480_blk2
[15:57:04] 0074_parsec_gd_geqrf_n19200_b480_blk2
[15:57:49] 0075_parsec_lfq_potrf_n26400_b480_blk2
[15:58:09] 0076_parsec_lfq_potrf_n19200_b480_blk2
[15:58:18] 0077_parsec_gd_geqrf_n21600_b480_blk2
[15:59:20] 0078_parsec_gd_potrf_n12000_b480_blk2
[15:59:22] 0079_parsec_lfq_geqrf_n21600_b480_blk2
[16:00:26] 0080_parsec_gd_geqrf_n14400_b480_blk2
[16:00:45] 0081_parsec_gd_potrf_n16800_b480_blk2
[16:00:50] 0082_parsec_gd_potrf_n7200_b480_blk2
[16:00:51] 0083_parsec_lfq_potrf_n9600_b480_blk2
[16:00:52] 0084_parsec_lfq_potrf_n12000_b480_blk2
[16:00:54] 0085_parsec_lfq_potrf_n21600_b480_blk2
[16:01:06] 0086_parsec_lfq_geqrf_n12000_b480_blk2
[16:01:18] 0087_parsec_gd_geqrf_n28800_b480_blk2
[16:03:44] 0088_parsec_gd_geqrf_n12000_b480_blk2
[16:03:56] 0089_parsec_lfq_potrf_n14400_b480_blk2
[16:03:59] 0090_parsec_lfq_geqrf_n19200_b480_blk2
[16:04:44] 0091_parsec_gd_potrf_n21600_b480_blk2
[16:04:55] 0092_parsec_lfq_geqrf_n7200_b480_blk2
[16:04:58] 0093_parsec_gd_potrf_n9600_b480_blk2
[16:04:59] 0094_parsec_lfq_geqrf_n24000_b480_blk2
[16:06:26] 0095_parsec_gd_geqrf_n9600_b480_blk2
[16:06:32] 0096_parsec_gd_potrf_n19200_b480_blk2
[16:06:40] 0097_parsec_lfq_potrf_n12000_b480_blk3
[16:06:42] 0098_parsec_gd_geqrf_n19200_b480_blk3
[16:07:26] 0099_parsec_lfq_potrf_n7200_b480_blk3
[16:07:27] 0100_parsec_gd_geqrf_n16800_b480_blk3
[16:07:57] 0101_parsec_lfq_geqrf_n2400_b480_blk3
[16:07:58] 0102_parsec_gd_geqrf_n9600_b480_blk3
[16:08:04] 0103_parsec_lfq_geqrf_n28800_b480_blk3
[16:10:32] 0104_parsec_gd_geqrf_n7200_b480_blk3
[16:10:35] 0105_parsec_gd_potrf_n28800_b480_blk3
[16:11:01] 0106_parsec_lfq_geqrf_n9600_b480_blk3
[16:11:07] 0107_parsec_lfq_potrf_n28800_b480_blk3
[16:11:34] 0108_parsec_gd_potrf_n2400_b480_blk3
[16:11:34] 0109_parsec_gd_geqrf_n28800_b480_blk3
[16:14:00] 0110_parsec_lfq_geqrf_n16800_b480_blk3
[16:14:30] 0111_parsec_gd_geqrf_n4800_b480_blk3
[16:14:31] 0112_parsec_gd_geqrf_n14400_b480_blk3
[16:14:51] 0113_parsec_gd_geqrf_n2400_b480_blk3
[16:14:51] 0114_parsec_lfq_geqrf_n14400_b480_blk3
[16:15:11] 0115_parsec_gd_potrf_n16800_b480_blk3
[16:15:16] 0116_parsec_lfq_geqrf_n21600_b480_blk3
[16:16:19] 0117_parsec_lfq_geqrf_n24000_b480_blk3
[16:17:45] 0118_parsec_lfq_potrf_n19200_b480_blk3
[16:17:53] 0119_parsec_gd_potrf_n14400_b480_blk3
[16:17:57] 0120_parsec_lfq_potrf_n26400_b480_blk3
[16:18:18] 0121_parsec_lfq_potrf_n24000_b480_blk3
[16:18:34] 0122_parsec_gd_potrf_n7200_b480_blk3
[16:18:34] 0123_parsec_lfq_geqrf_n26400_b480_blk3
[16:20:29] 0124_parsec_gd_potrf_n9600_b480_blk3
[16:20:30] 0125_parsec_lfq_geqrf_n19200_b480_blk3
[16:21:15] 0126_parsec_gd_potrf_n21600_b480_blk3
[16:21:26] 0127_parsec_lfq_geqrf_n7200_b480_blk3
[16:21:29] 0128_parsec_gd_geqrf_n12000_b480_blk3
[16:21:41] 0129_parsec_lfq_potrf_n21600_b480_blk3
[16:21:52] 0130_parsec_gd_potrf_n24000_b480_blk3
[16:22:07] 0131_parsec_gd_potrf_n4800_b480_blk3
[16:22:08] 0132_parsec_lfq_geqrf_n4800_b480_blk3
[16:22:09] 0133_parsec_gd_geqrf_n21600_b480_blk3
[16:23:12] 0134_parsec_gd_potrf_n19200_b480_blk3
[16:23:19] 0135_parsec_lfq_potrf_n2400_b480_blk3
[16:23:20] 0136_parsec_lfq_geqrf_n12000_b480_blk3
[16:23:31] 0137_parsec_lfq_potrf_n16800_b480_blk3
[16:23:37] 0138_parsec_lfq_potrf_n14400_b480_blk3
[16:23:40] 0139_parsec_lfq_potrf_n4800_b480_blk3
[16:23:41] 0140_parsec_gd_potrf_n12000_b480_blk3
[16:23:43] 0141_parsec_lfq_potrf_n9600_b480_blk3
[16:23:44] 0142_parsec_gd_geqrf_n26400_b480_blk3
[16:25:37] 0143_parsec_gd_potrf_n26400_b480_blk3
[16:25:57] 0144_parsec_gd_geqrf_n24000_b480_blk3
[16:27:23] 0145_parsec_lfq_geqrf_n4800_b480_blk4
[16:27:24] 0146_parsec_gd_geqrf_n9600_b480_blk4
[16:27:30] 0147_parsec_gd_potrf_n26400_b480_blk4
[16:27:50] 0148_parsec_gd_geqrf_n2400_b480_blk4
[16:27:51] 0149_parsec_lfq_geqrf_n26400_b480_blk4
[16:29:45] 0150_parsec_lfq_geqrf_n14400_b480_blk4
[16:30:04] 0151_parsec_lfq_potrf_n2400_b480_blk4
[16:30:04] 0152_parsec_lfq_geqrf_n16800_b480_blk4
[16:30:35] 0153_parsec_gd_geqrf_n24000_b480_blk4
[16:32:00] 0154_parsec_lfq_geqrf_n2400_b480_blk4
[16:32:01] 0155_parsec_gd_potrf_n21600_b480_blk4
[16:32:12] 0156_parsec_gd_geqrf_n26400_b480_blk4
[16:34:05] 0157_parsec_lfq_geqrf_n24000_b480_blk4
[16:35:31] 0158_parsec_lfq_geqrf_n9600_b480_blk4
[16:35:37] 0159_parsec_gd_potrf_n2400_b480_blk4
[16:35:37] 0160_parsec_lfq_potrf_n4800_b480_blk4
[16:35:38] 0161_parsec_gd_potrf_n16800_b480_blk4
[16:35:43] 0162_parsec_gd_geqrf_n28800_b480_blk4
[16:38:09] 0163_parsec_gd_geqrf_n12000_b480_blk4
[16:38:21] 0164_parsec_gd_potrf_n28800_b480_blk4
[16:38:47] 0165_parsec_gd_potrf_n9600_b480_blk4
[16:38:48] 0166_parsec_lfq_potrf_n7200_b480_blk4
[16:38:48] 0167_parsec_gd_geqrf_n14400_b480_blk4
[16:39:08] 0168_parsec_lfq_potrf_n19200_b480_blk4
[16:39:16] 0169_parsec_gd_geqrf_n4800_b480_blk4
[16:39:17] 0170_parsec_lfq_geqrf_n21600_b480_blk4
[16:40:21] 0171_parsec_gd_potrf_n19200_b480_blk4
[16:40:28] 0172_parsec_lfq_potrf_n28800_b480_blk4
[16:40:55] 0173_parsec_gd_potrf_n7200_b480_blk4
[16:40:56] 0174_parsec_gd_geqrf_n19200_b480_blk4
[16:41:40] 0175_parsec_lfq_geqrf_n7200_b480_blk4
[16:41:43] 0176_parsec_lfq_potrf_n26400_b480_blk4
[16:42:03] 0177_parsec_gd_potrf_n4800_b480_blk4
[16:42:04] 0178_parsec_gd_potrf_n12000_b480_blk4
[16:42:06] 0179_parsec_lfq_potrf_n14400_b480_blk4
[16:42:09] 0180_parsec_lfq_geqrf_n19200_b480_blk4
[16:42:55] 0181_parsec_lfq_geqrf_n12000_b480_blk4
[16:43:06] 0182_parsec_gd_geqrf_n16800_b480_blk4
[16:43:37] 0183_parsec_lfq_potrf_n9600_b480_blk4
[16:43:38] 0184_parsec_gd_geqrf_n7200_b480_blk4
[16:43:41] 0185_parsec_lfq_geqrf_n28800_b480_blk4
[16:46:09] 0186_parsec_lfq_potrf_n16800_b480_blk4
[16:46:14] 0187_parsec_lfq_potrf_n24000_b480_blk4
[16:46:30] 0188_parsec_gd_potrf_n24000_b480_blk4
[16:46:45] 0189_parsec_gd_potrf_n14400_b480_blk4
[16:46:49] 0190_parsec_lfq_potrf_n21600_b480_blk4
[16:47:00] 0191_parsec_lfq_potrf_n12000_b480_blk4
[16:47:03] 0192_parsec_gd_geqrf_n21600_b480_blk4
[16:48:05] 0193_parsec_lfq_potrf_n9600_b480_blk5
[16:48:07] 0194_parsec_lfq_geqrf_n9600_b480_blk5
[16:48:13] 0195_parsec_gd_potrf_n9600_b480_blk5
[16:48:14] 0196_parsec_lfq_geqrf_n14400_b480_blk5
[16:48:33] 0197_parsec_lfq_potrf_n26400_b480_blk5
[16:48:54] 0198_parsec_lfq_geqrf_n12000_b480_blk5
[16:49:06] 0199_parsec_lfq_geqrf_n4800_b480_blk5
[16:49:07] 0200_parsec_lfq_potrf_n21600_b480_blk5
[16:49:18] 0201_parsec_gd_potrf_n16800_b480_blk5
[16:49:24] 0202_parsec_lfq_potrf_n2400_b480_blk5
[16:49:24] 0203_parsec_gd_potrf_n4800_b480_blk5
[16:49:25] 0204_parsec_lfq_potrf_n4800_b480_blk5
[16:49:25] 0205_parsec_gd_geqrf_n4800_b480_blk5
[16:49:26] 0206_parsec_lfq_potrf_n16800_b480_blk5
[16:49:32] 0207_parsec_lfq_geqrf_n19200_b480_blk5
[16:50:16] 0208_parsec_lfq_geqrf_n2400_b480_blk5
[16:50:17] 0209_parsec_gd_potrf_n7200_b480_blk5
[16:50:18] 0210_parsec_gd_potrf_n28800_b480_blk5
[16:50:43] 0211_parsec_gd_potrf_n2400_b480_blk5
[16:50:44] 0212_parsec_gd_geqrf_n26400_b480_blk5
[16:52:36] 0213_parsec_lfq_potrf_n19200_b480_blk5
[16:52:44] 0214_parsec_gd_geqrf_n2400_b480_blk5
[16:52:45] 0215_parsec_lfq_potrf_n28800_b480_blk5
[16:53:11] 0216_parsec_lfq_geqrf_n24000_b480_blk5
[16:54:38] 0217_parsec_lfq_geqrf_n28800_b480_blk5
[16:57:06] 0218_parsec_lfq_geqrf_n7200_b480_blk5
[16:57:09] 0219_parsec_gd_geqrf_n21600_b480_blk5
[16:58:11] 0220_parsec_lfq_potrf_n12000_b480_blk5
[16:58:14] 0221_parsec_gd_potrf_n21600_b480_blk5
[16:58:25] 0222_parsec_lfq_potrf_n7200_b480_blk5
[16:58:25] 0223_parsec_gd_potrf_n24000_b480_blk5
[16:58:41] 0224_parsec_gd_potrf_n14400_b480_blk5
[16:58:44] 0225_parsec_gd_potrf_n26400_b480_blk5
[16:59:05] 0226_parsec_gd_potrf_n12000_b480_blk5
[16:59:07] 0227_parsec_gd_geqrf_n28800_b480_blk5
[17:01:33] 0228_parsec_gd_geqrf_n24000_b480_blk5
[17:02:59] 0229_parsec_lfq_geqrf_n21600_b480_blk5
[17:04:02] 0230_parsec_lfq_potrf_n14400_b480_blk5
[17:04:05] 0231_parsec_lfq_potrf_n24000_b480_blk5
[17:04:21] 0232_parsec_gd_geqrf_n14400_b480_blk5
[17:04:41] 0233_parsec_gd_potrf_n19200_b480_blk5
[17:04:48] 0234_parsec_gd_geqrf_n16800_b480_blk5
[17:05:19] 0235_parsec_gd_geqrf_n9600_b480_blk5
[17:05:25] 0236_parsec_gd_geqrf_n12000_b480_blk5
[17:05:36] 0237_parsec_lfq_geqrf_n16800_b480_blk5
[17:06:07] 0238_parsec_gd_geqrf_n19200_b480_blk5
[17:06:51] 0239_parsec_lfq_geqrf_n26400_b480_blk5
[17:08:46] 0240_parsec_gd_geqrf_n7200_b480_blk5
/scratch/matregnago//intro_hpc/results/chameleon-runtimes_782024 -> /home/users/matregnago/intro_hpc/data/chameleon-runtimes_782024
