===============================================================
Date        : Wed May 13 10:49:42 AM -03 2026
SubmitHost  : cei2
SubmitDir   : /home/users/matregnago/intro_hpc
JobID       : 782087
Node(s)     : cei2
===============================================================
[10:49:54] 0002_starpu_ws_dpotrf_n19200_b480_rep1
[10:49:58] 0003_starpu_lws_dpotrf_n2400_b480_rep1
[10:49:58] 0004_starpu_ws_dgeqrf_n12000_b480_rep1
[10:50:04] 0006_starpu_ws_dpotrf_n24000_b480_rep1
[10:50:12] 0007_starpu_lws_dgeqrf_n16800_b480_rep1
[10:50:27] 0012_starpu_lws_dpotrf_n26400_b480_rep1
[10:50:38] 0015_starpu_lws_dpotrf_n9600_b480_rep1
[10:50:39] 0018_starpu_ws_dpotrf_n16800_b480_rep1
[10:50:42] 0021_starpu_ws_dgeqrf_n24000_b480_rep1
[10:51:25] 0022_starpu_ws_dpotrf_n12000_b480_rep1
[10:51:26] 0023_starpu_ws_dpotrf_n14400_b480_rep1
[10:51:28] 0025_starpu_ws_dgeqrf_n21600_b480_rep1
[10:52:01] 0026_starpu_ws_dgeqrf_n16800_b480_rep1
[10:52:16] 0027_starpu_lws_dgeqrf_n24000_b480_rep1
[10:53:00] 0028_starpu_ws_dgeqrf_n4800_b480_rep1
[10:53:01] 0031_starpu_ws_dgeqrf_n19200_b480_rep1
[10:53:24] 0033_starpu_ws_dpotrf_n2400_b480_rep1
[10:53:24] 0036_starpu_lws_dgeqrf_n7200_b480_rep1
[10:53:26] 0042_starpu_lws_dgeqrf_n28800_b480_rep1
[10:54:41] 0043_starpu_ws_dgeqrf_n9600_b480_rep1
[10:54:44] 0045_starpu_lws_dgeqrf_n2400_b480_rep1
[10:54:44] 0046_starpu_ws_dpotrf_n26400_b480_rep1
[10:54:55] 0047_starpu_lws_dgeqrf_n21600_b480_rep1
[10:55:27] 0048_starpu_lws_dgeqrf_n26400_b480_rep1
[10:56:26] 0054_starpu_lws_dpotrf_n28800_b480_rep1
[10:56:40] 0058_starpu_lws_dpotrf_n14400_b480_rep1
[10:56:42] 0059_starpu_lws_dpotrf_n21600_b480_rep1
[10:56:48] 0060_starpu_ws_dgeqrf_n14400_b480_rep1
[10:56:58] 0061_starpu_lws_dpotrf_n16800_b480_rep1
[10:57:01] 0065_starpu_ws_dgeqrf_n28800_b480_rep1
[10:58:16] 0068_starpu_ws_dpotrf_n7200_b480_rep1
[10:58:17] 0071_starpu_lws_dgeqrf_n14400_b480_rep1
[10:58:27] 0072_starpu_lws_dgeqrf_n19200_b480_rep1
[10:58:49] 0073_starpu_ws_dgeqrf_n26400_b480_rep1
[10:59:48] 0077_starpu_ws_dpotrf_n28800_b480_rep1
[11:00:02] 0078_starpu_lws_dpotrf_n12000_b480_rep1
[11:00:03] 0079_starpu_ws_dgeqrf_n7200_b480_rep1
[11:00:05] 0081_starpu_ws_dpotrf_n21600_b480_rep1
[11:00:11] 0083_starpu_lws_dgeqrf_n12000_b480_rep1
[11:00:17] 0085_starpu_ws_dgeqrf_n2400_b480_rep1
[11:00:17] 0086_starpu_lws_dpotrf_n4800_b480_rep1
[11:00:17] 0089_starpu_ws_dpotrf_n9600_b480_rep1
[11:00:18] 0090_starpu_lws_dgeqrf_n9600_b480_rep1
[11:00:21] 0091_starpu_lws_dpotrf_n19200_b480_rep1
[11:00:26] 0092_starpu_ws_dpotrf_n4800_b480_rep1
[11:00:26] 0093_starpu_lws_dpotrf_n24000_b480_rep1
[11:00:34] 0094_starpu_lws_dpotrf_n7200_b480_rep1
[11:00:35] 0096_starpu_lws_dgeqrf_n4800_b480_rep1
[11:00:35] 0098_starpu_ws_dpotrf_n19200_b480_rep2
[11:00:40] 0099_starpu_lws_dgeqrf_n28800_b480_rep2
[11:01:55] 0103_starpu_ws_dgeqrf_n19200_b480_rep2
[11:02:18] 0105_starpu_ws_dpotrf_n14400_b480_rep2
[11:02:20] 0106_starpu_ws_dpotrf_n24000_b480_rep2
[11:02:28] 0107_starpu_lws_dpotrf_n2400_b480_rep2
[11:02:28] 0108_starpu_ws_dpotrf_n7200_b480_rep2
[11:02:29] 0110_starpu_lws_dgeqrf_n26400_b480_rep2
[11:03:27] 0112_starpu_ws_dgeqrf_n4800_b480_rep2
[11:03:28] 0113_starpu_ws_dpotrf_n16800_b480_rep2
[11:03:31] 0115_starpu_ws_dgeqrf_n26400_b480_rep2
[11:04:29] 0119_starpu_ws_dgeqrf_n24000_b480_rep2
[11:05:13] 0125_starpu_lws_dpotrf_n9600_b480_rep2
[11:05:14] 0126_starpu_lws_dgeqrf_n24000_b480_rep2
[11:05:58] 0130_starpu_lws_dgeqrf_n19200_b480_rep2
[11:06:21] 0131_starpu_lws_dpotrf_n24000_b480_rep2
[11:06:29] 0132_starpu_ws_dgeqrf_n14400_b480_rep2
[11:06:39] 0133_starpu_lws_dgeqrf_n2400_b480_rep2
[11:06:39] 0134_starpu_ws_dgeqrf_n28800_b480_rep2
[11:07:55] 0138_starpu_ws_dpotrf_n21600_b480_rep2
[11:08:01] 0139_starpu_lws_dpotrf_n16800_b480_rep2
[11:08:04] 0140_starpu_ws_dgeqrf_n2400_b480_rep2
[11:08:04] 0141_starpu_ws_dgeqrf_n12000_b480_rep2
[11:08:10] 0144_starpu_lws_dpotrf_n21600_b480_rep2
[11:08:16] 0146_starpu_lws_dpotrf_n14400_b480_rep2
[11:08:18] 0147_starpu_ws_dpotrf_n9600_b480_rep2
[11:08:19] 0149_starpu_ws_dpotrf_n26400_b480_rep2
[11:08:30] 0151_starpu_ws_dpotrf_n28800_b480_rep2
[11:08:44] 0154_starpu_lws_dpotrf_n12000_b480_rep2
[11:08:45] 0157_starpu_lws_dgeqrf_n12000_b480_rep2
[11:08:51] 0158_starpu_lws_dpotrf_n19200_b480_rep2
[11:08:56] 0159_starpu_ws_dgeqrf_n9600_b480_rep2
[11:08:59] 0161_starpu_lws_dpotrf_n7200_b480_rep2
[11:08:59] 0163_starpu_lws_dgeqrf_n14400_b480_rep2
[11:09:09] 0164_starpu_lws_dgeqrf_n16800_b480_rep2
[11:09:25] 0165_starpu_ws_dgeqrf_n16800_b480_rep2
[11:09:40] 0166_starpu_lws_dgeqrf_n7200_b480_rep2
[11:09:42] 0172_starpu_lws_dpotrf_n4800_b480_rep2
[11:09:42] 0174_starpu_ws_dpotrf_n4800_b480_rep2
[11:09:42] 0178_starpu_ws_dgeqrf_n21600_b480_rep2
[11:10:14] 0179_starpu_ws_dgeqrf_n7200_b480_rep2
[11:10:16] 0180_starpu_lws_dgeqrf_n21600_b480_rep2
[11:10:48] 0181_starpu_lws_dgeqrf_n9600_b480_rep2
[11:10:52] 0182_starpu_lws_dgeqrf_n4800_b480_rep2
[11:10:52] 0184_starpu_ws_dpotrf_n2400_b480_rep2
[11:10:52] 0186_starpu_ws_dpotrf_n12000_b480_rep2
[11:10:54] 0190_starpu_lws_dpotrf_n28800_b480_rep2
[11:11:08] 0191_starpu_lws_dpotrf_n26400_b480_rep2
[11:11:19] 0199_starpu_ws_dgeqrf_n7200_b480_rep3
[11:11:20] 0200_starpu_lws_dgeqrf_n2400_b480_rep3
[11:11:20] 0203_starpu_ws_dgeqrf_n14400_b480_rep3
[11:11:30] 0204_starpu_ws_dgeqrf_n19200_b480_rep3
[11:11:53] 0205_starpu_ws_dpotrf_n16800_b480_rep3
[11:11:56] 0210_starpu_ws_dpotrf_n4800_b480_rep3
[11:11:56] 0211_starpu_ws_dpotrf_n21600_b480_rep3
[11:12:03] 0212_starpu_lws_dpotrf_n19200_b480_rep3
[11:12:07] 0214_starpu_ws_dgeqrf_n16800_b480_rep3
[11:12:23] 0216_starpu_lws_dgeqrf_n7200_b480_rep3
[11:12:24] 0217_starpu_lws_dgeqrf_n4800_b480_rep3
[11:12:25] 0218_starpu_ws_dpotrf_n14400_b480_rep3
[11:12:27] 0220_starpu_ws_dpotrf_n2400_b480_rep3
[11:12:27] 0221_starpu_ws_dpotrf_n9600_b480_rep3
[11:12:28] 0223_starpu_ws_dgeqrf_n4800_b480_rep3
[11:12:28] 0225_starpu_lws_dgeqrf_n24000_b480_rep3
[11:13:12] 0226_starpu_ws_dpotrf_n7200_b480_rep3
[11:13:13] 0227_starpu_ws_dgeqrf_n21600_b480_rep3
[11:13:45] 0230_starpu_lws_dpotrf_n2400_b480_rep3
[11:13:45] 0232_starpu_lws_dgeqrf_n16800_b480_rep3
[11:14:00] 0234_starpu_lws_dgeqrf_n14400_b480_rep3
[11:14:10] 0236_starpu_lws_dgeqrf_n19200_b480_rep3
[11:14:33] 0237_starpu_ws_dgeqrf_n24000_b480_rep3
[11:15:17] 0238_starpu_lws_dgeqrf_n12000_b480_rep3
[11:15:23] 0239_starpu_ws_dgeqrf_n12000_b480_rep3
[11:15:29] 0240_starpu_ws_dgeqrf_n2400_b480_rep3
[11:15:29] 0241_starpu_ws_dpotrf_n12000_b480_rep3
[11:15:31] 0243_starpu_lws_dgeqrf_n26400_b480_rep3
[11:16:29] 0245_starpu_lws_dgeqrf_n28800_b480_rep3
[11:17:44] 0249_starpu_lws_dpotrf_n21600_b480_rep3
[11:17:50] 0250_starpu_lws_dgeqrf_n21600_b480_rep3
[11:18:22] 0251_starpu_ws_dgeqrf_n28800_b480_rep3
[11:19:38] 0252_starpu_ws_dgeqrf_n9600_b480_rep3
[11:19:41] 0253_starpu_lws_dgeqrf_n9600_b480_rep3
[11:19:44] 0254_starpu_lws_dpotrf_n9600_b480_rep3
[11:19:45] 0256_starpu_lws_dpotrf_n12000_b480_rep3
[11:19:46] 0259_starpu_lws_dpotrf_n7200_b480_rep3
[11:19:47] 0261_starpu_lws_dpotrf_n14400_b480_rep3
[11:19:49] 0263_starpu_ws_dpotrf_n24000_b480_rep3
[11:19:57] 0264_starpu_lws_dpotrf_n4800_b480_rep3
[11:19:57] 0275_starpu_lws_dpotrf_n26400_b480_rep3
[11:20:08] 0277_starpu_lws_dpotrf_n24000_b480_rep3
[11:20:16] 0278_starpu_ws_dpotrf_n26400_b480_rep3
[11:20:27] 0279_starpu_lws_dpotrf_n16800_b480_rep3
[11:20:30] 0281_starpu_ws_dpotrf_n28800_b480_rep3
[11:20:45] 0284_starpu_ws_dgeqrf_n26400_b480_rep3
[11:21:43] 0285_starpu_lws_dpotrf_n28800_b480_rep3
[11:21:57] 0288_starpu_ws_dpotrf_n19200_b480_rep3
[11:22:01] 0291_starpu_ws_dgeqrf_n12000_b480_rep4
[11:22:07] 0293_starpu_ws_dpotrf_n14400_b480_rep4
[11:22:09] 0297_starpu_ws_dpotrf_n19200_b480_rep4
[11:22:14] 0300_starpu_ws_dpotrf_n12000_b480_rep4
[11:22:15] 0302_starpu_lws_dpotrf_n14400_b480_rep4
[11:22:17] 0303_starpu_lws_dpotrf_n16800_b480_rep4
[11:22:20] 0306_starpu_ws_dgeqrf_n19200_b480_rep4
[11:22:43] 0310_starpu_ws_dpotrf_n2400_b480_rep4
[11:22:43] 0311_starpu_ws_dgeqrf_n16800_b480_rep4
[11:22:59] 0313_starpu_ws_dpotrf_n26400_b480_rep4
[11:23:10] 0314_starpu_lws_dgeqrf_n26400_b480_rep4
[11:24:08] 0315_starpu_lws_dpotrf_n4800_b480_rep4
[11:24:08] 0317_starpu_lws_dpotrf_n24000_b480_rep4
[11:24:16] 0320_starpu_lws_dgeqrf_n4800_b480_rep4
[11:24:17] 0323_starpu_lws_dpotrf_n2400_b480_rep4
[11:24:17] 0326_starpu_lws_dpotrf_n7200_b480_rep4
[11:24:18] 0327_starpu_ws_dgeqrf_n21600_b480_rep4
[11:24:50] 0328_starpu_ws_dgeqrf_n24000_b480_rep4
[11:25:34] 0330_starpu_lws_dpotrf_n28800_b480_rep4
[11:25:48] 0331_starpu_ws_dpotrf_n7200_b480_rep4
[11:25:48] 0334_starpu_ws_dgeqrf_n14400_b480_rep4
[11:25:58] 0335_starpu_lws_dpotrf_n12000_b480_rep4
[11:25:59] 0338_starpu_lws_dgeqrf_n24000_b480_rep4
[11:26:44] 0340_starpu_ws_dpotrf_n21600_b480_rep4
[11:26:50] 0341_starpu_ws_dgeqrf_n26400_b480_rep4
[11:27:48] 0343_starpu_lws_dgeqrf_n21600_b480_rep4
[11:28:21] 0346_starpu_ws_dpotrf_n4800_b480_rep4
[11:28:21] 0348_starpu_ws_dgeqrf_n9600_b480_rep4
[11:28:24] 0349_starpu_ws_dpotrf_n9600_b480_rep4
[11:28:25] 0350_starpu_lws_dpotrf_n21600_b480_rep4
[11:28:31] 0353_starpu_lws_dpotrf_n26400_b480_rep4
[11:28:42] 0354_starpu_ws_dpotrf_n16800_b480_rep4
[11:28:45] 0355_starpu_lws_dpotrf_n19200_b480_rep4
[11:28:50] 0356_starpu_ws_dpotrf_n24000_b480_rep4
[11:28:58] 0357_starpu_ws_dgeqrf_n4800_b480_rep4
[11:28:59] 0359_starpu_lws_dgeqrf_n28800_b480_rep4
[11:30:14] 0360_starpu_lws_dgeqrf_n16800_b480_rep4
[11:30:30] 0361_starpu_lws_dpotrf_n9600_b480_rep4
[11:30:30] 0363_starpu_ws_dgeqrf_n7200_b480_rep4
[11:30:32] 0365_starpu_lws_dgeqrf_n7200_b480_rep4
[11:30:33] 0366_starpu_lws_dgeqrf_n2400_b480_rep4
[11:30:34] 0368_starpu_ws_dgeqrf_n28800_b480_rep4
[11:31:49] 0372_starpu_lws_dgeqrf_n19200_b480_rep4
[11:32:12] 0373_starpu_lws_dgeqrf_n12000_b480_rep4
[11:32:18] 0374_starpu_lws_dgeqrf_n9600_b480_rep4
[11:32:21] 0380_starpu_lws_dgeqrf_n14400_b480_rep4
[11:32:31] 0381_starpu_ws_dpotrf_n28800_b480_rep4
[11:32:45] 0382_starpu_ws_dgeqrf_n2400_b480_rep4
[11:32:45] 0385_starpu_lws_dgeqrf_n24000_b480_rep5
[11:33:29] 0389_starpu_ws_dpotrf_n7200_b480_rep5
[11:33:30] 0390_starpu_lws_dgeqrf_n2400_b480_rep5
[11:33:30] 0391_starpu_lws_dpotrf_n2400_b480_rep5
[11:33:30] 0395_starpu_ws_dgeqrf_n19200_b480_rep5
[11:33:53] 0396_starpu_lws_dpotrf_n16800_b480_rep5
[11:33:56] 0397_starpu_ws_dpotrf_n2400_b480_rep5
[11:33:56] 0398_starpu_lws_dgeqrf_n4800_b480_rep5
[11:33:57] 0399_starpu_ws_dgeqrf_n21600_b480_rep5
[11:34:29] 0400_starpu_lws_dpotrf_n7200_b480_rep5
[11:34:30] 0403_starpu_ws_dgeqrf_n16800_b480_rep5
[11:34:45] 0405_starpu_lws_dgeqrf_n9600_b480_rep5
[11:34:48] 0407_starpu_ws_dgeqrf_n28800_b480_rep5
[11:36:04] 0408_starpu_ws_dpotrf_n28800_b480_rep5
[11:36:18] 0411_starpu_ws_dgeqrf_n26400_b480_rep5
[11:37:16] 0412_starpu_lws_dpotrf_n14400_b480_rep5
[11:37:18] 0416_starpu_lws_dgeqrf_n14400_b480_rep5
[11:37:28] 0417_starpu_lws_dpotrf_n4800_b480_rep5
[11:37:28] 0418_starpu_ws_dgeqrf_n2400_b480_rep5
[11:37:29] 0420_starpu_lws_dgeqrf_n16800_b480_rep5
[11:37:44] 0422_starpu_ws_dpotrf_n9600_b480_rep5
[11:37:45] 0426_starpu_ws_dgeqrf_n12000_b480_rep5
[11:37:51] 0427_starpu_ws_dgeqrf_n7200_b480_rep5
[11:37:52] 0429_starpu_ws_dpotrf_n26400_b480_rep5
[11:38:03] 0431_starpu_lws_dpotrf_n9600_b480_rep5
[11:38:04] 0433_starpu_ws_dpotrf_n4800_b480_rep5
[11:38:04] 0434_starpu_ws_dpotrf_n24000_b480_rep5
[11:38:13] 0435_starpu_lws_dpotrf_n12000_b480_rep5
[11:38:14] 0437_starpu_lws_dgeqrf_n26400_b480_rep5
[11:39:12] 0438_starpu_lws_dgeqrf_n7200_b480_rep5
[11:39:14] 0441_starpu_lws_dgeqrf_n12000_b480_rep5
[11:39:20] 0442_starpu_ws_dpotrf_n21600_b480_rep5
[11:39:26] 0445_starpu_lws_dpotrf_n21600_b480_rep5
[11:39:32] 0449_starpu_ws_dgeqrf_n9600_b480_rep5
[11:39:35] 0450_starpu_lws_dpotrf_n19200_b480_rep5
[11:39:40] 0454_starpu_lws_dpotrf_n28800_b480_rep5
[11:39:54] 0455_starpu_ws_dpotrf_n16800_b480_rep5
[11:39:57] 0456_starpu_lws_dpotrf_n24000_b480_rep5
[11:40:05] 0460_starpu_ws_dpotrf_n19200_b480_rep5
[11:40:10] 0463_starpu_ws_dpotrf_n14400_b480_rep5
[11:40:12] 0464_starpu_ws_dgeqrf_n24000_b480_rep5
[11:40:56] 0466_starpu_lws_dgeqrf_n28800_b480_rep5
[11:42:11] 0467_starpu_lws_dgeqrf_n21600_b480_rep5
[11:42:43] 0468_starpu_ws_dpotrf_n12000_b480_rep5
[11:42:44] 0470_starpu_ws_dgeqrf_n14400_b480_rep5
[11:42:54] 0471_starpu_lws_dpotrf_n26400_b480_rep5
[11:43:05] 0474_starpu_lws_dgeqrf_n19200_b480_rep5
[11:43:28] 0475_starpu_ws_dgeqrf_n4800_b480_rep5
[11:43:32] 0001_parsec_lfq_dgeqrf_n24000_b480_rep1
[11:44:15] 0005_parsec_gd_dpotrf_n19200_b480_rep1
[11:44:19] 0008_parsec_gd_dgeqrf_n12000_b480_rep1
[11:44:25] 0009_parsec_lfq_dpotrf_n14400_b480_rep1
[11:44:27] 0010_parsec_lfq_dpotrf_n4800_b480_rep1
[11:44:27] 0011_parsec_gd_dpotrf_n16800_b480_rep1
[11:44:30] 0013_parsec_lfq_dgeqrf_n7200_b480_rep1
[11:44:31] 0014_parsec_gd_dgeqrf_n2400_b480_rep1
[11:44:31] 0016_parsec_gd_dpotrf_n2400_b480_rep1
[11:44:32] 0017_parsec_gd_dpotrf_n9600_b480_rep1
[11:44:32] 0019_parsec_gd_dgeqrf_n9600_b480_rep1
[11:44:35] 0020_parsec_gd_dpotrf_n26400_b480_rep1
[11:44:45] 0024_parsec_lfq_dgeqrf_n26400_b480_rep1
[11:45:43] 0029_parsec_gd_dpotrf_n12000_b480_rep1
[11:45:44] 0030_parsec_gd_dgeqrf_n4800_b480_rep1
[11:45:45] 0032_parsec_lfq_dpotrf_n24000_b480_rep1
[11:45:52] 0034_parsec_lfq_dpotrf_n9600_b480_rep1
[11:45:53] 0035_parsec_lfq_dgeqrf_n9600_b480_rep1
[11:45:56] 0037_parsec_lfq_dgeqrf_n12000_b480_rep1
[11:46:02] 0038_parsec_gd_dpotrf_n28800_b480_rep1
[11:46:15] 0039_parsec_gd_dgeqrf_n24000_b480_rep1
[11:46:58] 0040_parsec_lfq_dgeqrf_n28800_b480_rep1
[11:48:12] 0041_parsec_lfq_dpotrf_n16800_b480_rep1
[11:48:15] 0044_parsec_gd_dgeqrf_n21600_b480_rep1
[11:48:46] 0049_parsec_lfq_dpotrf_n7200_b480_rep1
[11:48:46] 0050_parsec_lfq_dpotrf_n28800_b480_rep1
[11:49:00] 0051_parsec_gd_dgeqrf_n26400_b480_rep1
[11:49:56] 0052_parsec_lfq_dgeqrf_n21600_b480_rep1
[11:50:29] 0053_parsec_lfq_dgeqrf_n16800_b480_rep1
[11:50:44] 0055_parsec_lfq_dpotrf_n21600_b480_rep1
[11:50:50] 0056_parsec_lfq_dgeqrf_n14400_b480_rep1
[11:50:59] 0057_parsec_gd_dgeqrf_n19200_b480_rep1
[11:51:22] 0062_parsec_lfq_dgeqrf_n19200_b480_rep1
[11:51:44] 0063_parsec_gd_dpotrf_n14400_b480_rep1
[11:51:46] 0064_parsec_gd_dpotrf_n24000_b480_rep1
[11:51:54] 0066_parsec_gd_dgeqrf_n28800_b480_rep1
[11:53:07] 0067_parsec_gd_dpotrf_n21600_b480_rep1
[11:53:13] 0069_parsec_gd_dgeqrf_n7200_b480_rep1
[11:53:14] 0070_parsec_lfq_dpotrf_n2400_b480_rep1
[11:53:16] 0074_parsec_lfq_dpotrf_n26400_b480_rep1
[11:53:26] 0075_parsec_gd_dgeqrf_n16800_b480_rep1
[11:53:41] 0076_parsec_lfq_dpotrf_n12000_b480_rep1
[11:53:42] 0080_parsec_gd_dpotrf_n7200_b480_rep1
[11:53:42] 0082_parsec_gd_dgeqrf_n14400_b480_rep1
[11:53:52] 0084_parsec_lfq_dgeqrf_n2400_b480_rep1
[11:53:52] 0087_parsec_lfq_dgeqrf_n4800_b480_rep1
[11:53:53] 0088_parsec_lfq_dpotrf_n19200_b480_rep1
[11:53:57] 0095_parsec_gd_dpotrf_n4800_b480_rep1
[11:53:57] 0097_parsec_gd_dgeqrf_n4800_b480_rep2
[11:53:58] 0100_parsec_lfq_dpotrf_n7200_b480_rep2
[11:53:58] 0101_parsec_gd_dgeqrf_n24000_b480_rep2
[11:54:41] 0102_parsec_gd_dgeqrf_n16800_b480_rep2
[11:54:56] 0104_parsec_gd_dpotrf_n14400_b480_rep2
[11:54:58] 0109_parsec_gd_dgeqrf_n7200_b480_rep2
[11:54:59] 0111_parsec_lfq_dgeqrf_n26400_b480_rep2
[11:55:57] 0114_parsec_lfq_dpotrf_n16800_b480_rep2
[11:56:00] 0116_parsec_lfq_dpotrf_n24000_b480_rep2
[11:56:07] 0117_parsec_lfq_dpotrf_n28800_b480_rep2
[11:56:21] 0118_parsec_lfq_dpotrf_n4800_b480_rep2
[11:56:21] 0120_parsec_lfq_dpotrf_n2400_b480_rep2
[11:56:21] 0121_parsec_lfq_dgeqrf_n14400_b480_rep2
[11:56:31] 0122_parsec_lfq_dgeqrf_n9600_b480_rep2
[11:56:34] 0123_parsec_gd_dpotrf_n2400_b480_rep2
[11:56:34] 0124_parsec_lfq_dgeqrf_n2400_b480_rep2
[11:56:35] 0127_parsec_gd_dgeqrf_n26400_b480_rep2
[11:57:31] 0128_parsec_gd_dpotrf_n4800_b480_rep2
[11:57:31] 0129_parsec_gd_dpotrf_n26400_b480_rep2
[11:57:41] 0135_parsec_gd_dpotrf_n24000_b480_rep2
[11:57:49] 0136_parsec_gd_dgeqrf_n2400_b480_rep2
[11:57:49] 0137_parsec_gd_dpotrf_n28800_b480_rep2
[11:58:02] 0142_parsec_lfq_dgeqrf_n28800_b480_rep2
[11:59:16] 0143_parsec_lfq_dgeqrf_n16800_b480_rep2
[11:59:32] 0145_parsec_lfq_dgeqrf_n4800_b480_rep2
[11:59:32] 0148_parsec_gd_dgeqrf_n19200_b480_rep2
[11:59:55] 0150_parsec_lfq_dpotrf_n26400_b480_rep2
[12:00:05] 0152_parsec_lfq_dpotrf_n19200_b480_rep2
[12:00:09] 0153_parsec_gd_dgeqrf_n21600_b480_rep2
[12:00:40] 0155_parsec_gd_dpotrf_n12000_b480_rep2
[12:00:42] 0156_parsec_lfq_dgeqrf_n21600_b480_rep2
[12:01:13] 0160_parsec_gd_dgeqrf_n14400_b480_rep2
[12:01:23] 0162_parsec_gd_dpotrf_n16800_b480_rep2
[12:01:26] 0167_parsec_gd_dpotrf_n7200_b480_rep2
[12:01:26] 0168_parsec_lfq_dpotrf_n9600_b480_rep2
[12:01:27] 0169_parsec_lfq_dpotrf_n12000_b480_rep2
[12:01:28] 0170_parsec_lfq_dpotrf_n21600_b480_rep2
[12:01:34] 0171_parsec_lfq_dgeqrf_n12000_b480_rep2
[12:01:39] 0173_parsec_gd_dgeqrf_n28800_b480_rep2
[12:02:53] 0175_parsec_gd_dgeqrf_n12000_b480_rep2
[12:02:58] 0176_parsec_lfq_dpotrf_n14400_b480_rep2
[12:03:00] 0177_parsec_lfq_dgeqrf_n19200_b480_rep2
[12:03:23] 0183_parsec_gd_dpotrf_n21600_b480_rep2
[12:03:28] 0185_parsec_lfq_dgeqrf_n7200_b480_rep2
[12:03:30] 0187_parsec_gd_dpotrf_n9600_b480_rep2
[12:03:30] 0188_parsec_lfq_dgeqrf_n24000_b480_rep2
[12:04:14] 0189_parsec_gd_dgeqrf_n9600_b480_rep2
[12:04:17] 0192_parsec_gd_dpotrf_n19200_b480_rep2
[12:04:21] 0193_parsec_lfq_dpotrf_n12000_b480_rep3
[12:04:22] 0194_parsec_gd_dgeqrf_n19200_b480_rep3
[12:04:44] 0195_parsec_lfq_dpotrf_n7200_b480_rep3
[12:04:44] 0196_parsec_gd_dgeqrf_n16800_b480_rep3
[12:04:59] 0197_parsec_lfq_dgeqrf_n2400_b480_rep3
[12:05:00] 0198_parsec_gd_dgeqrf_n9600_b480_rep3
[12:05:03] 0201_parsec_lfq_dgeqrf_n28800_b480_rep3
[12:06:17] 0202_parsec_gd_dgeqrf_n7200_b480_rep3
[12:06:18] 0206_parsec_gd_dpotrf_n28800_b480_rep3
[12:06:31] 0207_parsec_lfq_dgeqrf_n9600_b480_rep3
[12:06:34] 0208_parsec_lfq_dpotrf_n28800_b480_rep3
[12:06:48] 0209_parsec_gd_dpotrf_n2400_b480_rep3
[12:06:48] 0213_parsec_gd_dgeqrf_n28800_b480_rep3
[12:08:01] 0215_parsec_lfq_dgeqrf_n16800_b480_rep3
[12:08:16] 0219_parsec_gd_dgeqrf_n4800_b480_rep3
[12:08:17] 0222_parsec_gd_dgeqrf_n14400_b480_rep3
[12:08:27] 0224_parsec_gd_dgeqrf_n2400_b480_rep3
[12:08:27] 0228_parsec_lfq_dgeqrf_n14400_b480_rep3
[12:08:37] 0229_parsec_gd_dpotrf_n16800_b480_rep3
[12:08:40] 0231_parsec_lfq_dgeqrf_n21600_b480_rep3
[12:09:11] 0233_parsec_lfq_dgeqrf_n24000_b480_rep3
[12:09:55] 0235_parsec_lfq_dpotrf_n19200_b480_rep3
[12:09:59] 0242_parsec_gd_dpotrf_n14400_b480_rep3
[12:10:00] 0244_parsec_lfq_dpotrf_n26400_b480_rep3
[12:10:11] 0246_parsec_lfq_dpotrf_n24000_b480_rep3
[12:10:19] 0247_parsec_gd_dpotrf_n7200_b480_rep3
[12:10:19] 0248_parsec_lfq_dgeqrf_n26400_b480_rep3
[12:11:18] 0255_parsec_gd_dpotrf_n9600_b480_rep3
[12:11:18] 0257_parsec_lfq_dgeqrf_n19200_b480_rep3
[12:11:41] 0258_parsec_gd_dpotrf_n21600_b480_rep3
[12:11:46] 0260_parsec_lfq_dgeqrf_n7200_b480_rep3
[12:11:48] 0262_parsec_gd_dgeqrf_n12000_b480_rep3
[12:11:54] 0265_parsec_lfq_dpotrf_n21600_b480_rep3
[12:12:00] 0266_parsec_gd_dpotrf_n24000_b480_rep3
[12:12:07] 0267_parsec_gd_dpotrf_n4800_b480_rep3
[12:12:08] 0268_parsec_lfq_dgeqrf_n4800_b480_rep3
[12:12:08] 0269_parsec_gd_dgeqrf_n21600_b480_rep3
[12:12:40] 0270_parsec_gd_dpotrf_n19200_b480_rep3
[12:12:44] 0271_parsec_lfq_dpotrf_n2400_b480_rep3
[12:12:44] 0272_parsec_lfq_dgeqrf_n12000_b480_rep3
[12:12:50] 0273_parsec_lfq_dpotrf_n16800_b480_rep3
[12:12:52] 0274_parsec_lfq_dpotrf_n14400_b480_rep3
[12:12:54] 0276_parsec_lfq_dpotrf_n4800_b480_rep3
[12:12:54] 0280_parsec_gd_dpotrf_n12000_b480_rep3
[12:12:55] 0282_parsec_lfq_dpotrf_n9600_b480_rep3
[12:12:56] 0283_parsec_gd_dgeqrf_n26400_b480_rep3
[12:13:53] 0286_parsec_gd_dpotrf_n26400_b480_rep3
[12:14:03] 0287_parsec_gd_dgeqrf_n24000_b480_rep3
[12:14:46] 0289_parsec_lfq_dgeqrf_n4800_b480_rep4
[12:14:46] 0290_parsec_gd_dgeqrf_n9600_b480_rep4
[12:14:50] 0292_parsec_gd_dpotrf_n26400_b480_rep4
[12:15:00] 0294_parsec_gd_dgeqrf_n2400_b480_rep4
[12:15:00] 0295_parsec_lfq_dgeqrf_n26400_b480_rep4
[12:15:57] 0296_parsec_lfq_dgeqrf_n14400_b480_rep4
[12:16:07] 0298_parsec_lfq_dpotrf_n2400_b480_rep4
[12:16:07] 0299_parsec_lfq_dgeqrf_n16800_b480_rep4
[12:16:23] 0301_parsec_gd_dgeqrf_n24000_b480_rep4
[12:17:05] 0304_parsec_lfq_dgeqrf_n2400_b480_rep4
[12:17:06] 0305_parsec_gd_dpotrf_n21600_b480_rep4
[12:17:11] 0307_parsec_gd_dgeqrf_n26400_b480_rep4
[12:18:08] 0308_parsec_lfq_dgeqrf_n24000_b480_rep4
[12:18:51] 0309_parsec_lfq_dgeqrf_n9600_b480_rep4
[12:18:55] 0312_parsec_gd_dpotrf_n2400_b480_rep4
[12:18:55] 0316_parsec_lfq_dpotrf_n4800_b480_rep4
[12:18:55] 0318_parsec_gd_dpotrf_n16800_b480_rep4
[12:18:58] 0319_parsec_gd_dgeqrf_n28800_b480_rep4
[12:20:11] 0321_parsec_gd_dgeqrf_n12000_b480_rep4
[12:20:17] 0322_parsec_gd_dpotrf_n28800_b480_rep4
[12:20:30] 0324_parsec_gd_dpotrf_n9600_b480_rep4
[12:20:30] 0325_parsec_lfq_dpotrf_n7200_b480_rep4
[12:20:31] 0329_parsec_gd_dgeqrf_n14400_b480_rep4
[12:20:40] 0332_parsec_lfq_dpotrf_n19200_b480_rep4
[12:20:44] 0333_parsec_gd_dgeqrf_n4800_b480_rep4
[12:20:45] 0336_parsec_lfq_dgeqrf_n21600_b480_rep4
[12:21:17] 0337_parsec_gd_dpotrf_n19200_b480_rep4
[12:21:21] 0339_parsec_lfq_dpotrf_n28800_b480_rep4
[12:21:34] 0342_parsec_gd_dpotrf_n7200_b480_rep4
[12:21:35] 0344_parsec_gd_dgeqrf_n19200_b480_rep4
[12:21:57] 0345_parsec_lfq_dgeqrf_n7200_b480_rep4
[12:21:58] 0347_parsec_lfq_dpotrf_n26400_b480_rep4
[12:22:09] 0351_parsec_gd_dpotrf_n4800_b480_rep4
[12:22:09] 0352_parsec_gd_dpotrf_n12000_b480_rep4
[12:22:10] 0358_parsec_lfq_dpotrf_n14400_b480_rep4
[12:22:12] 0362_parsec_lfq_dgeqrf_n19200_b480_rep4
[12:22:35] 0364_parsec_lfq_dgeqrf_n12000_b480_rep4
[12:22:40] 0367_parsec_gd_dgeqrf_n16800_b480_rep4
[12:22:56] 0369_parsec_lfq_dpotrf_n9600_b480_rep4
[12:22:56] 0370_parsec_gd_dgeqrf_n7200_b480_rep4
[12:22:58] 0371_parsec_lfq_dgeqrf_n28800_b480_rep4
[12:24:12] 0375_parsec_lfq_dpotrf_n16800_b480_rep4
[12:24:14] 0376_parsec_lfq_dpotrf_n24000_b480_rep4
[12:24:22] 0377_parsec_gd_dpotrf_n24000_b480_rep4
[12:24:30] 0378_parsec_gd_dpotrf_n14400_b480_rep4
[12:24:32] 0379_parsec_lfq_dpotrf_n21600_b480_rep4
[12:24:38] 0383_parsec_lfq_dpotrf_n12000_b480_rep4
[12:24:39] 0384_parsec_gd_dgeqrf_n21600_b480_rep4
[12:25:10] 0386_parsec_lfq_dpotrf_n9600_b480_rep5
[12:25:11] 0387_parsec_lfq_dgeqrf_n9600_b480_rep5
[12:25:14] 0388_parsec_gd_dpotrf_n9600_b480_rep5
[12:25:14] 0392_parsec_lfq_dgeqrf_n14400_b480_rep5
[12:25:24] 0393_parsec_lfq_dpotrf_n26400_b480_rep5
[12:25:35] 0394_parsec_lfq_dgeqrf_n12000_b480_rep5
[12:25:40] 0401_parsec_lfq_dgeqrf_n4800_b480_rep5
[12:25:41] 0402_parsec_lfq_dpotrf_n21600_b480_rep5
[12:25:47] 0404_parsec_gd_dpotrf_n16800_b480_rep5
[12:25:50] 0406_parsec_lfq_dpotrf_n2400_b480_rep5
[12:25:50] 0409_parsec_gd_dpotrf_n4800_b480_rep5
[12:25:50] 0410_parsec_lfq_dpotrf_n4800_b480_rep5
[12:25:50] 0413_parsec_gd_dgeqrf_n4800_b480_rep5
[12:25:51] 0414_parsec_lfq_dpotrf_n16800_b480_rep5
[12:25:54] 0415_parsec_lfq_dgeqrf_n19200_b480_rep5
[12:26:16] 0419_parsec_lfq_dgeqrf_n2400_b480_rep5
[12:26:17] 0421_parsec_gd_dpotrf_n7200_b480_rep5
[12:26:17] 0423_parsec_gd_dpotrf_n28800_b480_rep5
[12:26:30] 0424_parsec_gd_dpotrf_n2400_b480_rep5
[12:26:30] 0425_parsec_gd_dgeqrf_n26400_b480_rep5
[12:27:27] 0428_parsec_lfq_dpotrf_n19200_b480_rep5
[12:27:31] 0430_parsec_gd_dgeqrf_n2400_b480_rep5
[12:27:31] 0432_parsec_lfq_dpotrf_n28800_b480_rep5
[12:27:44] 0436_parsec_lfq_dgeqrf_n24000_b480_rep5
[12:28:28] 0439_parsec_lfq_dgeqrf_n28800_b480_rep5
[12:29:42] 0440_parsec_lfq_dgeqrf_n7200_b480_rep5
[12:29:44] 0443_parsec_gd_dgeqrf_n21600_b480_rep5
[12:30:15] 0444_parsec_lfq_dpotrf_n12000_b480_rep5
[12:30:16] 0446_parsec_gd_dpotrf_n21600_b480_rep5
[12:30:22] 0447_parsec_lfq_dpotrf_n7200_b480_rep5
[12:30:22] 0448_parsec_gd_dpotrf_n24000_b480_rep5
[12:30:30] 0451_parsec_gd_dpotrf_n14400_b480_rep5
[12:30:32] 0452_parsec_gd_dpotrf_n26400_b480_rep5
[12:30:42] 0453_parsec_gd_dpotrf_n12000_b480_rep5
[12:30:43] 0457_parsec_gd_dgeqrf_n28800_b480_rep5
[12:31:57] 0458_parsec_gd_dgeqrf_n24000_b480_rep5
[12:32:39] 0459_parsec_lfq_dgeqrf_n21600_b480_rep5
[12:33:11] 0461_parsec_lfq_dpotrf_n14400_b480_rep5
[12:33:13] 0462_parsec_lfq_dpotrf_n24000_b480_rep5
[12:33:21] 0465_parsec_gd_dgeqrf_n14400_b480_rep5
[12:33:31] 0469_parsec_gd_dpotrf_n19200_b480_rep5
[12:33:35] 0472_parsec_gd_dgeqrf_n16800_b480_rep5
[12:33:50] 0473_parsec_gd_dgeqrf_n9600_b480_rep5
[12:33:53] 0476_parsec_gd_dgeqrf_n12000_b480_rep5
[12:33:59] 0477_parsec_lfq_dgeqrf_n16800_b480_rep5
[12:34:14] 0478_parsec_gd_dgeqrf_n19200_b480_rep5
[12:34:36] 0479_parsec_lfq_dgeqrf_n26400_b480_rep5
[12:35:34] 0480_parsec_gd_dgeqrf_n7200_b480_rep5
/scratch/matregnago//intro_hpc/results/chameleon-runtimes_782087 -> /home/users/matregnago/intro_hpc/data/chameleon-runtimes_782087
